<?xml version="1.0" encoding="UTF-8"?>
<testsuite xmlns:xsi="http://www.w3.org/2001/XMLSchema-instance" xsi:noNamespaceSchemaLocation="https://maven.apache.org/surefire/maven-surefire-plugin/xsd/surefire-test-report-3.0.xsd" version="3.0" name="com.eir.common.jwt.JwtProviderTest" time="0.295" tests="7" errors="0" skipped="0" failures="0">
  <properties>
[...]
</properties>
  <testcase name="getRolesFromToken_withValidToken_returnsRoles" classname="com.eir.common.jwt.JwtProviderTest" time="0.25"/>
  <testcase name="createAccessToken_shouldProduceValidToken" classname="com.eir.common.jwt.JwtProviderTest" time="0.006"/>
  <testcase name="validateToken_withNullToken_returnsFalse" classname="com.eir.common.jwt.JwtProviderTest" time="0.001"/>
  <testcase name="validateToken_withInvalidToken_returnsFalse" classname="com.eir.common.jwt.JwtProviderTest" time="0.003"/>
  <testcase name="createRefreshToken_shouldProduceValidToken" classname="com.eir.common.jwt.JwtProviderTest" time="0.002"/>
  <testcase name="validateToken_withValidToken_shouldReturnTrue" classname="com.eir.common.jwt.JwtProviderTest" time="0.002"/>
  <testcase name="getUserIdFromToken_withValidToken_returnsUserId" classname="com.eir.common.jwt.JwtProviderTest" time="0.002"/>
</testsuite>