<?xml version="1.0" encoding="UTF-8"?>
<testsuite xmlns:xsi="http://www.w3.org/2001/XMLSchema-instance" xsi:noNamespaceSchemaLocation="https://maven.apache.org/surefire/maven-surefire-plugin/xsd/surefire-test-report-3.0.xsd" version="3.0" name="com.eir.auth.EmailPasswordStrategyComponentTest" time="3.113" tests="9" errors="0" skipped="0" failures="0">
  <properties>
[...]
</properties>
  <testcase name="supports_LoginRequest_returnsTrue" classname="com.eir.auth.EmailPasswordStrategyComponentTest" time="0.07">
    <system-out><![CDATA[
  .   ____          _            __ _ _
 /\\ / ___'_ __ _ _(_)_ __  __ _ \ \ \ \
( ( )\___ | '_ | '_| | '_ \/ _` | \ \ \ \
 \\/  ___)| |_)| | | | | || (_| |  ) ) ) )
  '  |____| .__|_| |_|_| |_\__, | / / / /
 =========|_|==============|___/=/_/_/_/
 :: Spring Boot ::                (v3.2.5)

2026-07-12T20:48:26.745+03:00  INFO 32166 --- [auth-service-test] [           main] c.e.a.EmailPasswordStrategyComponentTest : Starting EmailPasswordStrategyComponentTest using Java 21.0.10 with PID 32166 (started by daisy in /home/daisy/IdeaProjects/ProjectEir/Eir/ProjectEir/auth-service)
2026-07-12T20:48:26.745+03:00 DEBUG 32166 --- [auth-service-test] [           main] c.e.a.EmailPasswordStrategyComponentTest : Running with Spring Boot v3.2.5, Spring v6.1.6
2026-07-12T20:48:26.745+03:00  INFO 32166 --- [auth-service-test] [           main] c.e.a.EmailPasswordStrategyComponentTest : The following 1 profile is active: "test"
2026-07-12T20:48:26.798+03:00  INFO 32166 --- [auth-service-test] [           main] .s.d.r.c.RepositoryConfigurationDelegate : Multiple Spring Data modules found, entering strict repository configuration mode
2026-07-12T20:48:26.798+03:00  INFO 32166 --- [auth-service-test] [           main] .s.d.r.c.RepositoryConfigurationDelegate : Bootstrapping Spring Data JPA repositories in DEFAULT mode.
2026-07-12T20:48:26.800+03:00  INFO 32166 --- [auth-service-test] [           main] .s.d.r.c.RepositoryConfigurationDelegate : Finished Spring Data repository scanning in 2 ms. Found 2 JPA repository interfaces.
2026-07-12T20:48:26.801+03:00  INFO 32166 --- [auth-service-test] [           main] .s.d.r.c.RepositoryConfigurationDelegate : Multiple Spring Data modules found, entering strict repository configuration mode
2026-07-12T20:48:26.801+03:00  INFO 32166 --- [auth-service-test] [           main] .s.d.r.c.RepositoryConfigurationDelegate : Bootstrapping Spring Data Redis repositories in DEFAULT mode.
2026-07-12T20:48:26.802+03:00  INFO 32166 --- [auth-service-test] [           main] .RepositoryConfigurationExtensionSupport : Spring Data Redis - Could not safely identify store assignment for repository candidate interface com.eir.auth.repository.RoleRepository; If you want this repository to be a Redis repository, consider annotating your entities with one of these annotations: org.springframework.data.redis.core.RedisHash (preferred), or consider extending one of the following types with your repository: org.springframework.data.keyvalue.repository.KeyValueRepository
2026-07-12T20:48:26.802+03:00  INFO 32166 --- [auth-service-test] [           main] .RepositoryConfigurationExtensionSupport : Spring Data Redis - Could not safely identify store assignment for repository candidate interface com.eir.auth.repository.UserRepository; If you want this repository to be a Redis repository, consider annotating your entities with one of these annotations: org.springframework.data.redis.core.RedisHash (preferred), or consider extending one of the following types with your repository: org.springframework.data.keyvalue.repository.KeyValueRepository
2026-07-12T20:48:26.802+03:00  INFO 32166 --- [auth-service-test] [           main] .s.d.r.c.RepositoryConfigurationDelegate : Finished Spring Data repository scanning in 0 ms. Found 0 Redis repository interfaces.
2026-07-12T20:48:26.816+03:00  INFO 32166 --- [auth-service-test] [           main] o.s.cloud.context.scope.GenericScope     : BeanFactory id=cdf54c95-710a-3cfe-b550-65ac6ca20ef2
2026-07-12T20:48:26.824+03:00  WARN 32166 --- [auth-service-test] [           main] trationDelegate$BeanPostProcessorChecker : Bean 'org.springframework.cloud.client.loadbalancer.LoadBalancerAutoConfiguration$DeferringLoadBalancerInterceptorConfig' of type [org.springframework.cloud.client.loadbalancer.LoadBalancerAutoConfiguration$DeferringLoadBalancerInterceptorConfig] is not eligible for getting processed by all BeanPostProcessors (for example: not eligible for auto-proxying). The currently created BeanPostProcessor [lbRestClientPostProcessor] is declared through a non-static factory method on that class; consider declaring it as static instead.
2026-07-12T20:48:26.824+03:00  WARN 32166 --- [auth-service-test] [           main] trationDelegate$BeanPostProcessorChecker : Bean 'deferringLoadBalancerInterceptor' of type [org.springframework.cloud.client.loadbalancer.DeferringLoadBalancerInterceptor] is not eligible for getting processed by all BeanPostProcessors (for example: not eligible for auto-proxying). Is this bean getting eagerly injected into a currently created BeanPostProcessor [lbRestClientPostProcessor]? Check the corresponding BeanPostProcessor declaration and its dependencies.
2026-07-12T20:48:26.833+03:00  INFO 32166 --- [auth-service-test] [           main] o.s.b.w.embedded.tomcat.TomcatWebServer  : Tomcat initialized with port 0 (http)
2026-07-12T20:48:26.833+03:00  INFO 32166 --- [auth-service-test] [           main] o.apache.catalina.core.StandardService   : Starting service [Tomcat]
2026-07-12T20:48:26.833+03:00  INFO 32166 --- [auth-service-test] [           main] o.apache.catalina.core.StandardEngine    : Starting Servlet engine: [Apache Tomcat/10.1.20]
2026-07-12T20:48:26.841+03:00  INFO 32166 --- [auth-service-test] [           main] o.a.c.c.C.[Tomcat].[localhost].[/]       : Initializing Spring embedded WebApplicationContext
2026-07-12T20:48:26.841+03:00  INFO 32166 --- [auth-service-test] [           main] w.s.c.ServletWebServerApplicationContext : Root WebApplicationContext: initialization completed in 96 ms
2026-07-12T20:48:26.857+03:00  INFO 32166 --- [auth-service-test] [           main] com.zaxxer.hikari.HikariDataSource       : HikariPool-51 - Starting...
2026-07-12T20:48:26.858+03:00  INFO 32166 --- [auth-service-test] [           main] com.zaxxer.hikari.pool.HikariPool        : HikariPool-51 - Added connection conn500: url=jdbc:h2:mem:eir_auth user=SA
2026-07-12T20:48:26.858+03:00  INFO 32166 --- [auth-service-test] [           main] com.zaxxer.hikari.HikariDataSource       : HikariPool-51 - Start completed.
2026-07-12T20:48:26.859+03:00  INFO 32166 --- [auth-service-test] [           main] org.flywaydb.core.FlywayExecutor         : Database: jdbc:h2:mem:eir_auth (H2 2.2)
2026-07-12T20:48:26.860+03:00  INFO 32166 --- [auth-service-test] [           main] o.f.core.internal.command.DbValidate     : Successfully validated 1 migration (execution time 00:00.000s)
2026-07-12T20:48:26.861+03:00  INFO 32166 --- [auth-service-test] [           main] o.f.core.internal.command.DbMigrate      : Current version of schema "public": 2
2026-07-12T20:48:26.861+03:00  INFO 32166 --- [auth-service-test] [           main] o.f.core.internal.command.DbMigrate      : Schema "public" is up to date. No migration necessary.
2026-07-12T20:48:26.867+03:00  INFO 32166 --- [auth-service-test] [           main] o.hibernate.jpa.internal.util.LogHelper  : HHH000204: Processing PersistenceUnitInfo [name: default]
2026-07-12T20:48:26.868+03:00  INFO 32166 --- [auth-service-test] [           main] o.h.c.internal.RegionFactoryInitiator    : HHH000026: Second-level cache disabled
2026-07-12T20:48:26.869+03:00  INFO 32166 --- [auth-service-test] [           main] o.s.o.j.p.SpringPersistenceUnitInfo      : No LoadTimeWeaver setup: ignoring JPA class transformer
2026-07-12T20:48:26.870+03:00  WARN 32166 --- [auth-service-test] [           main] org.hibernate.orm.deprecation            : HHH90000025: H2Dialect does not need to be specified explicitly using 'hibernate.dialect' (remove the property setting and it will be selected by default)
2026-07-12T20:48:26.890+03:00  INFO 32166 --- [auth-service-test] [           main] o.h.e.t.j.p.i.JtaPlatformInitiator       : HHH000489: No JTA platform available (set 'hibernate.transaction.jta.platform' to enable JTA platform integration)
2026-07-12T20:48:26.891+03:00  INFO 32166 --- [auth-service-test] [           main] j.LocalContainerEntityManagerFactoryBean : Initialized JPA EntityManagerFactory for persistence unit 'default'
2026-07-12T20:48:26.907+03:00  WARN 32166 --- [auth-service-test] [           main] JpaBaseConfiguration$JpaWebConfiguration : spring.jpa.open-in-view is enabled by default. Therefore, database queries may be performed during view rendering. Explicitly configure spring.jpa.open-in-view to disable this warning
2026-07-12T20:48:26.910+03:00  WARN 32166 --- [auth-service-test] [           main] .s.s.UserDetailsServiceAutoConfiguration : 

Using generated security password: aa5ac427-fd06-4244-87e8-936648883cb3

This generated password is for development use only. Your security configuration must be updated before running your application in production.

2026-07-12T20:48:26.928+03:00  INFO 32166 --- [auth-service-test] [           main] o.s.s.web.DefaultSecurityFilterChain     : Will secure any request with [org.springframework.security.web.session.DisableEncodeUrlFilter@154140bc, org.springframework.security.web.context.request.async.WebAsyncManagerIntegrationFilter@23a9731a, org.springframework.security.web.context.SecurityContextHolderFilter@7280aee, org.springframework.security.web.header.HeaderWriterFilter@fb809a6, org.springframework.web.filter.CorsFilter@25b1f68f, org.springframework.security.web.authentication.logout.LogoutFilter@3d6177f1, org.springframework.security.web.savedrequest.RequestCacheAwareFilter@660adf45, org.springframework.security.web.servletapi.SecurityContextHolderAwareRequestFilter@29b00f1b, org.springframework.security.web.authentication.AnonymousAuthenticationFilter@21abfff, org.springframework.security.web.session.SessionManagementFilter@56d0bd5e, org.springframework.security.web.access.ExceptionTranslationFilter@4f75c6c8, org.springframework.security.web.access.intercept.AuthorizationFilter@24c07987]
2026-07-12T20:48:26.953+03:00  INFO 32166 --- [auth-service-test] [           main] o.a.c.c.C.[Tomcat].[localhost].[/]       : Initializing Spring TestDispatcherServlet ''
2026-07-12T20:48:26.954+03:00  INFO 32166 --- [auth-service-test] [           main] o.s.t.web.servlet.TestDispatcherServlet  : Initializing Servlet ''
2026-07-12T20:48:26.954+03:00  INFO 32166 --- [auth-service-test] [           main] o.s.t.web.servlet.TestDispatcherServlet  : Completed initialization in 0 ms
2026-07-12T20:48:26.965+03:00  INFO 32166 --- [auth-service-test] [           main] DiscoveryClientOptionalArgsConfiguration : Eureka HTTP Client uses RestTemplate.
2026-07-12T20:48:26.968+03:00  WARN 32166 --- [auth-service-test] [           main] iguration$LoadBalancerCaffeineWarnLogger : Spring Cloud LoadBalancer is currently working with the default cache. While this cache implementation is useful for development and tests, it's recommended to use Caffeine cache in production.You can switch to using Caffeine cache, by adding it and org.springframework.cache.caffeine.CaffeineCacheManager to the classpath.
2026-07-12T20:48:26.973+03:00  INFO 32166 --- [auth-service-test] [           main] o.s.b.w.embedded.tomcat.TomcatWebServer  : Tomcat started on port 46319 (http) with context path ''
2026-07-12T20:48:26.978+03:00  INFO 32166 --- [auth-service-test] [           main] c.e.a.EmailPasswordStrategyComponentTest : Started EmailPasswordStrategyComponentTest in 0.251 seconds (process running for 29.444)
2026-07-12T20:48:26.981+03:00 DEBUG 32166 --- [auth-service-test] [           main] org.hibernate.SQL                        : 
    select
        u1_0.id,
        u1_0.created_at,
        u1_0.email,
        u1_0.enabled,
        u1_0.first_name,
        u1_0.identity_number,
        u1_0.last_name,
        u1_0.password,
        u1_0.phone,
        u1_0.updated_at 
    from
        users u1_0
Hibernate: 
    select
        u1_0.id,
        u1_0.created_at,
        u1_0.email,
        u1_0.enabled,
        u1_0.first_name,
        u1_0.identity_number,
        u1_0.last_name,
        u1_0.password,
        u1_0.phone,
        u1_0.updated_at 
    from
        users u1_0
2026-07-12T20:48:26.982+03:00 DEBUG 32166 --- [auth-service-test] [           main] org.hibernate.SQL                        : 
    select
        r1_0.user_id,
        r1_1.id,
        r1_1.description,
        r1_1.name,
        p1_0.role_id,
        p1_1.id,
        p1_1.name 
    from
        user_roles r1_0 
    join
        roles r1_1 
            on r1_1.id=r1_0.role_id 
    left join
        role_permissions p1_0 
            on r1_1.id=p1_0.role_id 
    left join
        permissions p1_1 
            on p1_1.id=p1_0.permission_id 
    where
        r1_0.user_id=?
Hibernate: 
    select
        r1_0.user_id,
        r1_1.id,
        r1_1.description,
        r1_1.name,
        p1_0.role_id,
        p1_1.id,
        p1_1.name 
    from
        user_roles r1_0 
    join
        roles r1_1 
            on r1_1.id=r1_0.role_id 
    left join
        role_permissions p1_0 
            on r1_1.id=p1_0.role_id 
    left join
        permissions p1_1 
            on p1_1.id=p1_0.permission_id 
    where
        r1_0.user_id=?
2026-07-12T20:48:26.983+03:00 DEBUG 32166 --- [auth-service-test] [           main] org.hibernate.SQL                        : 
    delete 
    from
        user_roles 
    where
        user_id=?
Hibernate: 
    delete 
    from
        user_roles 
    where
        user_id=?
2026-07-12T20:48:26.984+03:00 DEBUG 32166 --- [auth-service-test] [           main] org.hibernate.SQL                        : 
    delete 
    from
        users 
    where
        id=?
Hibernate: 
    delete 
    from
        users 
    where
        id=?
2026-07-12T20:48:26.985+03:00 DEBUG 32166 --- [auth-service-test] [           main] org.hibernate.SQL                        : 
    select
        r1_0.id,
        r1_0.description,
        r1_0.name 
    from
        roles r1_0 
    where
        r1_0.name=?
Hibernate: 
    select
        r1_0.id,
        r1_0.description,
        r1_0.name 
    from
        roles r1_0 
    where
        r1_0.name=?
2026-07-12T20:48:26.985+03:00 DEBUG 32166 --- [auth-service-test] [           main] org.hibernate.SQL                        : 
    select
        p1_0.role_id,
        p1_1.id,
        p1_1.name 
    from
        role_permissions p1_0 
    join
        permissions p1_1 
            on p1_1.id=p1_0.permission_id 
    where
        p1_0.role_id=?
Hibernate: 
    select
        p1_0.role_id,
        p1_1.id,
        p1_1.name 
    from
        role_permissions p1_0 
    join
        permissions p1_1 
            on p1_1.id=p1_0.permission_id 
    where
        p1_0.role_id=?
2026-07-12T20:48:26.985+03:00 DEBUG 32166 --- [auth-service-test] [           main] org.hibernate.SQL                        : 
    select
        r1_0.id,
        r1_0.description,
        r1_0.name 
    from
        roles r1_0 
    where
        r1_0.name=?
Hibernate: 
    select
        r1_0.id,
        r1_0.description,
        r1_0.name 
    from
        roles r1_0 
    where
        r1_0.name=?
2026-07-12T20:48:26.985+03:00 DEBUG 32166 --- [auth-service-test] [           main] org.hibernate.SQL                        : 
    select
        p1_0.role_id,
        p1_1.id,
        p1_1.name 
    from
        role_permissions p1_0 
    join
        permissions p1_1 
            on p1_1.id=p1_0.permission_id 
    where
        p1_0.role_id=?
Hibernate: 
    select
        p1_0.role_id,
        p1_1.id,
        p1_1.name 
    from
        role_permissions p1_0 
    join
        permissions p1_1 
            on p1_1.id=p1_0.permission_id 
    where
        p1_0.role_id=?
2026-07-12T20:48:26.986+03:00 DEBUG 32166 --- [auth-service-test] [           main] org.hibernate.SQL                        : 
    select
        r1_0.id,
        r1_0.description,
        r1_0.name 
    from
        roles r1_0 
    where
        r1_0.name=?
Hibernate: 
    select
        r1_0.id,
        r1_0.description,
        r1_0.name 
    from
        roles r1_0 
    where
        r1_0.name=?
2026-07-12T20:48:26.986+03:00 DEBUG 32166 --- [auth-service-test] [           main] org.hibernate.SQL                        : 
    select
        p1_0.role_id,
        p1_1.id,
        p1_1.name 
    from
        role_permissions p1_0 
    join
        permissions p1_1 
            on p1_1.id=p1_0.permission_id 
    where
        p1_0.role_id=?
Hibernate: 
    select
        p1_0.role_id,
        p1_1.id,
        p1_1.name 
    from
        role_permissions p1_0 
    join
        permissions p1_1 
            on p1_1.id=p1_0.permission_id 
    where
        p1_0.role_id=?
2026-07-12T20:48:26.986+03:00 DEBUG 32166 --- [auth-service-test] [           main] org.hibernate.SQL                        : 
    select
        r1_0.id,
        r1_0.description,
        r1_0.name 
    from
        roles r1_0 
    where
        r1_0.name=?
Hibernate: 
    select
        r1_0.id,
        r1_0.description,
        r1_0.name 
    from
        roles r1_0 
    where
        r1_0.name=?
2026-07-12T20:48:26.986+03:00 DEBUG 32166 --- [auth-service-test] [           main] org.hibernate.SQL                        : 
    select
        p1_0.role_id,
        p1_1.id,
        p1_1.name 
    from
        role_permissions p1_0 
    join
        permissions p1_1 
            on p1_1.id=p1_0.permission_id 
    where
        p1_0.role_id=?
Hibernate: 
    select
        p1_0.role_id,
        p1_1.id,
        p1_1.name 
    from
        role_permissions p1_0 
    join
        permissions p1_1 
            on p1_1.id=p1_0.permission_id 
    where
        p1_0.role_id=?
2026-07-12T20:48:26.986+03:00 DEBUG 32166 --- [auth-service-test] [           main] org.hibernate.SQL                        : 
    select
        u1_0.id,
        u1_0.created_at,
        u1_0.email,
        u1_0.enabled,
        u1_0.first_name,
        u1_0.identity_number,
        u1_0.last_name,
        u1_0.password,
        u1_0.phone,
        u1_0.updated_at 
    from
        users u1_0 
    where
        u1_0.email=?
Hibernate: 
    select
        u1_0.id,
        u1_0.created_at,
        u1_0.email,
        u1_0.enabled,
        u1_0.first_name,
        u1_0.identity_number,
        u1_0.last_name,
        u1_0.password,
        u1_0.phone,
        u1_0.updated_at 
    from
        users u1_0 
    where
        u1_0.email=?
2026-07-12T20:48:27.042+03:00 DEBUG 32166 --- [auth-service-test] [           main] org.hibernate.SQL                        : 
    insert 
    into
        users
        (created_at, email, enabled, first_name, identity_number, last_name, password, phone, updated_at, id) 
    values
        (?, ?, ?, ?, ?, ?, ?, ?, ?, default)
Hibernate: 
    insert 
    into
        users
        (created_at, email, enabled, first_name, identity_number, last_name, password, phone, updated_at, id) 
    values
        (?, ?, ?, ?, ?, ?, ?, ?, ?, default)
2026-07-12T20:48:27.043+03:00 DEBUG 32166 --- [auth-service-test] [           main] org.hibernate.SQL                        : 
    insert 
    into
        user_roles
        (user_id, role_id) 
    values
        (?, ?)
Hibernate: 
    insert 
    into
        user_roles
        (user_id, role_id) 
    values
        (?, ?)
2026-07-12T20:48:27.043+03:00 DEBUG 32166 --- [auth-service-test] [           main] org.hibernate.SQL                        : 
    insert 
    into
        user_roles
        (user_id, role_id) 
    values
        (?, ?)
Hibernate: 
    insert 
    into
        user_roles
        (user_id, role_id) 
    values
        (?, ?)
2026-07-12T20:48:27.044+03:00 DEBUG 32166 --- [auth-service-test] [           main] org.hibernate.SQL                        : 
    select
        r1_0.id,
        r1_0.description,
        r1_0.name 
    from
        roles r1_0 
    where
        r1_0.name=?
Hibernate: 
    select
        r1_0.id,
        r1_0.description,
        r1_0.name 
    from
        roles r1_0 
    where
        r1_0.name=?
2026-07-12T20:48:27.044+03:00 DEBUG 32166 --- [auth-service-test] [           main] org.hibernate.SQL                        : 
    select
        p1_0.role_id,
        p1_1.id,
        p1_1.name 
    from
        role_permissions p1_0 
    join
        permissions p1_1 
            on p1_1.id=p1_0.permission_id 
    where
        p1_0.role_id=?
Hibernate: 
    select
        p1_0.role_id,
        p1_1.id,
        p1_1.name 
    from
        role_permissions p1_0 
    join
        permissions p1_1 
            on p1_1.id=p1_0.permission_id 
    where
        p1_0.role_id=?
2026-07-12T20:48:27.045+03:00 DEBUG 32166 --- [auth-service-test] [           main] org.hibernate.SQL                        : 
    select
        r1_0.id,
        r1_0.description,
        r1_0.name 
    from
        roles r1_0 
    where
        r1_0.name=?
Hibernate: 
    select
        r1_0.id,
        r1_0.description,
        r1_0.name 
    from
        roles r1_0 
    where
        r1_0.name=?
2026-07-12T20:48:27.045+03:00 DEBUG 32166 --- [auth-service-test] [           main] org.hibernate.SQL                        : 
    select
        p1_0.role_id,
        p1_1.id,
        p1_1.name 
    from
        role_permissions p1_0 
    join
        permissions p1_1 
            on p1_1.id=p1_0.permission_id 
    where
        p1_0.role_id=?
Hibernate: 
    select
        p1_0.role_id,
        p1_1.id,
        p1_1.name 
    from
        role_permissions p1_0 
    join
        permissions p1_1 
            on p1_1.id=p1_0.permission_id 
    where
        p1_0.role_id=?
2026-07-12T20:48:27.049+03:00  INFO 32166 --- [auth-service-test] [           main] j.LocalContainerEntityManagerFactoryBean : Closing JPA EntityManagerFactory for persistence unit 'default'
2026-07-12T20:48:27.049+03:00  INFO 32166 --- [auth-service-test] [           main] com.zaxxer.hikari.HikariDataSource       : HikariPool-51 - Shutdown initiated...
2026-07-12T20:48:27.049+03:00  INFO 32166 --- [auth-service-test] [           main] com.zaxxer.hikari.HikariDataSource       : HikariPool-51 - Shutdown completed.
]]></system-out>
  </testcase>
  <testcase name="authenticate_disabledUser_throwsAuthenticationException" classname="com.eir.auth.EmailPasswordStrategyComponentTest" time="0.191">
    <system-out><![CDATA[
  .   ____          _            __ _ _
 /\\ / ___'_ __ _ _(_)_ __  __ _ \ \ \ \
( ( )\___ | '_ | '_| | '_ \/ _` | \ \ \ \
 \\/  ___)| |_)| | | | | || (_| |  ) ) ) )
  '  |____| .__|_| |_|_| |_\__, | / / / /
 =========|_|==============|___/=/_/_/_/
 :: Spring Boot ::                (v3.2.5)

2026-07-12T20:48:27.064+03:00  INFO 32166 --- [auth-service-test] [           main] c.e.a.EmailPasswordStrategyComponentTest : Starting EmailPasswordStrategyComponentTest using Java 21.0.10 with PID 32166 (started by daisy in /home/daisy/IdeaProjects/ProjectEir/Eir/ProjectEir/auth-service)
2026-07-12T20:48:27.064+03:00 DEBUG 32166 --- [auth-service-test] [           main] c.e.a.EmailPasswordStrategyComponentTest : Running with Spring Boot v3.2.5, Spring v6.1.6
2026-07-12T20:48:27.064+03:00  INFO 32166 --- [auth-service-test] [           main] c.e.a.EmailPasswordStrategyComponentTest : The following 1 profile is active: "test"
2026-07-12T20:48:27.108+03:00  INFO 32166 --- [auth-service-test] [           main] .s.d.r.c.RepositoryConfigurationDelegate : Multiple Spring Data modules found, entering strict repository configuration mode
2026-07-12T20:48:27.108+03:00  INFO 32166 --- [auth-service-test] [           main] .s.d.r.c.RepositoryConfigurationDelegate : Bootstrapping Spring Data JPA repositories in DEFAULT mode.
2026-07-12T20:48:27.111+03:00  INFO 32166 --- [auth-service-test] [           main] .s.d.r.c.RepositoryConfigurationDelegate : Finished Spring Data repository scanning in 2 ms. Found 2 JPA repository interfaces.
2026-07-12T20:48:27.111+03:00  INFO 32166 --- [auth-service-test] [           main] .s.d.r.c.RepositoryConfigurationDelegate : Multiple Spring Data modules found, entering strict repository configuration mode
2026-07-12T20:48:27.111+03:00  INFO 32166 --- [auth-service-test] [           main] .s.d.r.c.RepositoryConfigurationDelegate : Bootstrapping Spring Data Redis repositories in DEFAULT mode.
2026-07-12T20:48:27.112+03:00  INFO 32166 --- [auth-service-test] [           main] .RepositoryConfigurationExtensionSupport : Spring Data Redis - Could not safely identify store assignment for repository candidate interface com.eir.auth.repository.RoleRepository; If you want this repository to be a Redis repository, consider annotating your entities with one of these annotations: org.springframework.data.redis.core.RedisHash (preferred), or consider extending one of the following types with your repository: org.springframework.data.keyvalue.repository.KeyValueRepository
2026-07-12T20:48:27.112+03:00  INFO 32166 --- [auth-service-test] [           main] .RepositoryConfigurationExtensionSupport : Spring Data Redis - Could not safely identify store assignment for repository candidate interface com.eir.auth.repository.UserRepository; If you want this repository to be a Redis repository, consider annotating your entities with one of these annotations: org.springframework.data.redis.core.RedisHash (preferred), or consider extending one of the following types with your repository: org.springframework.data.keyvalue.repository.KeyValueRepository
2026-07-12T20:48:27.112+03:00  INFO 32166 --- [auth-service-test] [           main] .s.d.r.c.RepositoryConfigurationDelegate : Finished Spring Data repository scanning in 0 ms. Found 0 Redis repository interfaces.
2026-07-12T20:48:27.125+03:00  INFO 32166 --- [auth-service-test] [           main] o.s.cloud.context.scope.GenericScope     : BeanFactory id=cdf54c95-710a-3cfe-b550-65ac6ca20ef2
2026-07-12T20:48:27.131+03:00  WARN 32166 --- [auth-service-test] [           main] trationDelegate$BeanPostProcessorChecker : Bean 'org.springframework.cloud.client.loadbalancer.LoadBalancerAutoConfiguration$DeferringLoadBalancerInterceptorConfig' of type [org.springframework.cloud.client.loadbalancer.LoadBalancerAutoConfiguration$DeferringLoadBalancerInterceptorConfig] is not eligible for getting processed by all BeanPostProcessors (for example: not eligible for auto-proxying). The currently created BeanPostProcessor [lbRestClientPostProcessor] is declared through a non-static factory method on that class; consider declaring it as static instead.
2026-07-12T20:48:27.132+03:00  WARN 32166 --- [auth-service-test] [           main] trationDelegate$BeanPostProcessorChecker : Bean 'deferringLoadBalancerInterceptor' of type [org.springframework.cloud.client.loadbalancer.DeferringLoadBalancerInterceptor] is not eligible for getting processed by all BeanPostProcessors (for example: not eligible for auto-proxying). Is this bean getting eagerly injected into a currently created BeanPostProcessor [lbRestClientPostProcessor]? Check the corresponding BeanPostProcessor declaration and its dependencies.
2026-07-12T20:48:27.139+03:00  INFO 32166 --- [auth-service-test] [           main] o.s.b.w.embedded.tomcat.TomcatWebServer  : Tomcat initialized with port 0 (http)
2026-07-12T20:48:27.140+03:00  INFO 32166 --- [auth-service-test] [           main] o.apache.catalina.core.StandardService   : Starting service [Tomcat]
2026-07-12T20:48:27.140+03:00  INFO 32166 --- [auth-service-test] [           main] o.apache.catalina.core.StandardEngine    : Starting Servlet engine: [Apache Tomcat/10.1.20]
2026-07-12T20:48:27.147+03:00  INFO 32166 --- [auth-service-test] [           main] o.a.c.c.C.[Tomcat].[localhost].[/]       : Initializing Spring embedded WebApplicationContext
2026-07-12T20:48:27.147+03:00  INFO 32166 --- [auth-service-test] [           main] w.s.c.ServletWebServerApplicationContext : Root WebApplicationContext: initialization completed in 83 ms
2026-07-12T20:48:27.160+03:00  INFO 32166 --- [auth-service-test] [           main] com.zaxxer.hikari.HikariDataSource       : HikariPool-52 - Starting...
2026-07-12T20:48:27.161+03:00  INFO 32166 --- [auth-service-test] [           main] com.zaxxer.hikari.pool.HikariPool        : HikariPool-52 - Added connection conn510: url=jdbc:h2:mem:eir_auth user=SA
2026-07-12T20:48:27.161+03:00  INFO 32166 --- [auth-service-test] [           main] com.zaxxer.hikari.HikariDataSource       : HikariPool-52 - Start completed.
2026-07-12T20:48:27.161+03:00  INFO 32166 --- [auth-service-test] [           main] org.flywaydb.core.FlywayExecutor         : Database: jdbc:h2:mem:eir_auth (H2 2.2)
2026-07-12T20:48:27.162+03:00  INFO 32166 --- [auth-service-test] [           main] o.f.core.internal.command.DbValidate     : Successfully validated 1 migration (execution time 00:00.000s)
2026-07-12T20:48:27.163+03:00  INFO 32166 --- [auth-service-test] [           main] o.f.core.internal.command.DbMigrate      : Current version of schema "public": 2
2026-07-12T20:48:27.163+03:00  INFO 32166 --- [auth-service-test] [           main] o.f.core.internal.command.DbMigrate      : Schema "public" is up to date. No migration necessary.
2026-07-12T20:48:27.168+03:00  INFO 32166 --- [auth-service-test] [           main] o.hibernate.jpa.internal.util.LogHelper  : HHH000204: Processing PersistenceUnitInfo [name: default]
2026-07-12T20:48:27.169+03:00  INFO 32166 --- [auth-service-test] [           main] o.h.c.internal.RegionFactoryInitiator    : HHH000026: Second-level cache disabled
2026-07-12T20:48:27.170+03:00  INFO 32166 --- [auth-service-test] [           main] o.s.o.j.p.SpringPersistenceUnitInfo      : No LoadTimeWeaver setup: ignoring JPA class transformer
2026-07-12T20:48:27.170+03:00  WARN 32166 --- [auth-service-test] [           main] org.hibernate.orm.deprecation            : HHH90000025: H2Dialect does not need to be specified explicitly using 'hibernate.dialect' (remove the property setting and it will be selected by default)
2026-07-12T20:48:27.193+03:00  INFO 32166 --- [auth-service-test] [           main] o.h.e.t.j.p.i.JtaPlatformInitiator       : HHH000489: No JTA platform available (set 'hibernate.transaction.jta.platform' to enable JTA platform integration)
2026-07-12T20:48:27.194+03:00  INFO 32166 --- [auth-service-test] [           main] j.LocalContainerEntityManagerFactoryBean : Initialized JPA EntityManagerFactory for persistence unit 'default'
2026-07-12T20:48:27.220+03:00  WARN 32166 --- [auth-service-test] [           main] JpaBaseConfiguration$JpaWebConfiguration : spring.jpa.open-in-view is enabled by default. Therefore, database queries may be performed during view rendering. Explicitly configure spring.jpa.open-in-view to disable this warning
2026-07-12T20:48:27.222+03:00  WARN 32166 --- [auth-service-test] [           main] .s.s.UserDetailsServiceAutoConfiguration : 

Using generated security password: 113db80b-c68e-4d6e-acea-1a7755a0bdbc

This generated password is for development use only. Your security configuration must be updated before running your application in production.

2026-07-12T20:48:27.238+03:00  INFO 32166 --- [auth-service-test] [           main] o.s.s.web.DefaultSecurityFilterChain     : Will secure any request with [org.springframework.security.web.session.DisableEncodeUrlFilter@17afc3ce, org.springframework.security.web.context.request.async.WebAsyncManagerIntegrationFilter@391f4592, org.springframework.security.web.context.SecurityContextHolderFilter@47ccd012, org.springframework.security.web.header.HeaderWriterFilter@196c1bdb, org.springframework.web.filter.CorsFilter@7a486d23, org.springframework.security.web.authentication.logout.LogoutFilter@528f9223, org.springframework.security.web.savedrequest.RequestCacheAwareFilter@44e3c7fc, org.springframework.security.web.servletapi.SecurityContextHolderAwareRequestFilter@3d28ae78, org.springframework.security.web.authentication.AnonymousAuthenticationFilter@58fd42f3, org.springframework.security.web.session.SessionManagementFilter@30afc56d, org.springframework.security.web.access.ExceptionTranslationFilter@2f358334, org.springframework.security.web.access.intercept.AuthorizationFilter@702a47ae]
2026-07-12T20:48:27.259+03:00  INFO 32166 --- [auth-service-test] [           main] o.a.c.c.C.[Tomcat].[localhost].[/]       : Initializing Spring TestDispatcherServlet ''
2026-07-12T20:48:27.259+03:00  INFO 32166 --- [auth-service-test] [           main] o.s.t.web.servlet.TestDispatcherServlet  : Initializing Servlet ''
2026-07-12T20:48:27.259+03:00  INFO 32166 --- [auth-service-test] [           main] o.s.t.web.servlet.TestDispatcherServlet  : Completed initialization in 0 ms
2026-07-12T20:48:27.268+03:00  INFO 32166 --- [auth-service-test] [           main] DiscoveryClientOptionalArgsConfiguration : Eureka HTTP Client uses RestTemplate.
2026-07-12T20:48:27.272+03:00  WARN 32166 --- [auth-service-test] [           main] iguration$LoadBalancerCaffeineWarnLogger : Spring Cloud LoadBalancer is currently working with the default cache. While this cache implementation is useful for development and tests, it's recommended to use Caffeine cache in production.You can switch to using Caffeine cache, by adding it and org.springframework.cache.caffeine.CaffeineCacheManager to the classpath.
2026-07-12T20:48:27.276+03:00  INFO 32166 --- [auth-service-test] [           main] o.s.b.w.embedded.tomcat.TomcatWebServer  : Tomcat started on port 38203 (http) with context path ''
2026-07-12T20:48:27.289+03:00  INFO 32166 --- [auth-service-test] [           main] c.e.a.EmailPasswordStrategyComponentTest : Started EmailPasswordStrategyComponentTest in 0.238 seconds (process running for 29.755)
2026-07-12T20:48:27.293+03:00 DEBUG 32166 --- [auth-service-test] [           main] org.hibernate.SQL                        : 
    select
        u1_0.id,
        u1_0.created_at,
        u1_0.email,
        u1_0.enabled,
        u1_0.first_name,
        u1_0.identity_number,
        u1_0.last_name,
        u1_0.password,
        u1_0.phone,
        u1_0.updated_at 
    from
        users u1_0
Hibernate: 
    select
        u1_0.id,
        u1_0.created_at,
        u1_0.email,
        u1_0.enabled,
        u1_0.first_name,
        u1_0.identity_number,
        u1_0.last_name,
        u1_0.password,
        u1_0.phone,
        u1_0.updated_at 
    from
        users u1_0
2026-07-12T20:48:27.294+03:00 DEBUG 32166 --- [auth-service-test] [           main] org.hibernate.SQL                        : 
    select
        r1_0.user_id,
        r1_1.id,
        r1_1.description,
        r1_1.name,
        p1_0.role_id,
        p1_1.id,
        p1_1.name 
    from
        user_roles r1_0 
    join
        roles r1_1 
            on r1_1.id=r1_0.role_id 
    left join
        role_permissions p1_0 
            on r1_1.id=p1_0.role_id 
    left join
        permissions p1_1 
            on p1_1.id=p1_0.permission_id 
    where
        r1_0.user_id=?
Hibernate: 
    select
        r1_0.user_id,
        r1_1.id,
        r1_1.description,
        r1_1.name,
        p1_0.role_id,
        p1_1.id,
        p1_1.name 
    from
        user_roles r1_0 
    join
        roles r1_1 
            on r1_1.id=r1_0.role_id 
    left join
        role_permissions p1_0 
            on r1_1.id=p1_0.role_id 
    left join
        permissions p1_1 
            on p1_1.id=p1_0.permission_id 
    where
        r1_0.user_id=?
2026-07-12T20:48:27.295+03:00 DEBUG 32166 --- [auth-service-test] [           main] org.hibernate.SQL                        : 
    delete 
    from
        user_roles 
    where
        user_id=?
Hibernate: 
    delete 
    from
        user_roles 
    where
        user_id=?
2026-07-12T20:48:27.296+03:00 DEBUG 32166 --- [auth-service-test] [           main] org.hibernate.SQL                        : 
    delete 
    from
        users 
    where
        id=?
Hibernate: 
    delete 
    from
        users 
    where
        id=?
2026-07-12T20:48:27.297+03:00 DEBUG 32166 --- [auth-service-test] [           main] org.hibernate.SQL                        : 
    select
        r1_0.id,
        r1_0.description,
        r1_0.name 
    from
        roles r1_0 
    where
        r1_0.name=?
Hibernate: 
    select
        r1_0.id,
        r1_0.description,
        r1_0.name 
    from
        roles r1_0 
    where
        r1_0.name=?
2026-07-12T20:48:27.297+03:00 DEBUG 32166 --- [auth-service-test] [           main] org.hibernate.SQL                        : 
    select
        p1_0.role_id,
        p1_1.id,
        p1_1.name 
    from
        role_permissions p1_0 
    join
        permissions p1_1 
            on p1_1.id=p1_0.permission_id 
    where
        p1_0.role_id=?
Hibernate: 
    select
        p1_0.role_id,
        p1_1.id,
        p1_1.name 
    from
        role_permissions p1_0 
    join
        permissions p1_1 
            on p1_1.id=p1_0.permission_id 
    where
        p1_0.role_id=?
2026-07-12T20:48:27.298+03:00 DEBUG 32166 --- [auth-service-test] [           main] org.hibernate.SQL                        : 
    select
        r1_0.id,
        r1_0.description,
        r1_0.name 
    from
        roles r1_0 
    where
        r1_0.name=?
Hibernate: 
    select
        r1_0.id,
        r1_0.description,
        r1_0.name 
    from
        roles r1_0 
    where
        r1_0.name=?
2026-07-12T20:48:27.298+03:00 DEBUG 32166 --- [auth-service-test] [           main] org.hibernate.SQL                        : 
    select
        p1_0.role_id,
        p1_1.id,
        p1_1.name 
    from
        role_permissions p1_0 
    join
        permissions p1_1 
            on p1_1.id=p1_0.permission_id 
    where
        p1_0.role_id=?
Hibernate: 
    select
        p1_0.role_id,
        p1_1.id,
        p1_1.name 
    from
        role_permissions p1_0 
    join
        permissions p1_1 
            on p1_1.id=p1_0.permission_id 
    where
        p1_0.role_id=?
2026-07-12T20:48:27.298+03:00 DEBUG 32166 --- [auth-service-test] [           main] org.hibernate.SQL                        : 
    select
        r1_0.id,
        r1_0.description,
        r1_0.name 
    from
        roles r1_0 
    where
        r1_0.name=?
Hibernate: 
    select
        r1_0.id,
        r1_0.description,
        r1_0.name 
    from
        roles r1_0 
    where
        r1_0.name=?
2026-07-12T20:48:27.298+03:00 DEBUG 32166 --- [auth-service-test] [           main] org.hibernate.SQL                        : 
    select
        p1_0.role_id,
        p1_1.id,
        p1_1.name 
    from
        role_permissions p1_0 
    join
        permissions p1_1 
            on p1_1.id=p1_0.permission_id 
    where
        p1_0.role_id=?
Hibernate: 
    select
        p1_0.role_id,
        p1_1.id,
        p1_1.name 
    from
        role_permissions p1_0 
    join
        permissions p1_1 
            on p1_1.id=p1_0.permission_id 
    where
        p1_0.role_id=?
2026-07-12T20:48:27.298+03:00 DEBUG 32166 --- [auth-service-test] [           main] org.hibernate.SQL                        : 
    select
        r1_0.id,
        r1_0.description,
        r1_0.name 
    from
        roles r1_0 
    where
        r1_0.name=?
Hibernate: 
    select
        r1_0.id,
        r1_0.description,
        r1_0.name 
    from
        roles r1_0 
    where
        r1_0.name=?
2026-07-12T20:48:27.298+03:00 DEBUG 32166 --- [auth-service-test] [           main] org.hibernate.SQL                        : 
    select
        p1_0.role_id,
        p1_1.id,
        p1_1.name 
    from
        role_permissions p1_0 
    join
        permissions p1_1 
            on p1_1.id=p1_0.permission_id 
    where
        p1_0.role_id=?
Hibernate: 
    select
        p1_0.role_id,
        p1_1.id,
        p1_1.name 
    from
        role_permissions p1_0 
    join
        permissions p1_1 
            on p1_1.id=p1_0.permission_id 
    where
        p1_0.role_id=?
2026-07-12T20:48:27.299+03:00 DEBUG 32166 --- [auth-service-test] [           main] org.hibernate.SQL                        : 
    select
        u1_0.id,
        u1_0.created_at,
        u1_0.email,
        u1_0.enabled,
        u1_0.first_name,
        u1_0.identity_number,
        u1_0.last_name,
        u1_0.password,
        u1_0.phone,
        u1_0.updated_at 
    from
        users u1_0 
    where
        u1_0.email=?
Hibernate: 
    select
        u1_0.id,
        u1_0.created_at,
        u1_0.email,
        u1_0.enabled,
        u1_0.first_name,
        u1_0.identity_number,
        u1_0.last_name,
        u1_0.password,
        u1_0.phone,
        u1_0.updated_at 
    from
        users u1_0 
    where
        u1_0.email=?
2026-07-12T20:48:27.356+03:00 DEBUG 32166 --- [auth-service-test] [           main] org.hibernate.SQL                        : 
    insert 
    into
        users
        (created_at, email, enabled, first_name, identity_number, last_name, password, phone, updated_at, id) 
    values
        (?, ?, ?, ?, ?, ?, ?, ?, ?, default)
Hibernate: 
    insert 
    into
        users
        (created_at, email, enabled, first_name, identity_number, last_name, password, phone, updated_at, id) 
    values
        (?, ?, ?, ?, ?, ?, ?, ?, ?, default)
2026-07-12T20:48:27.357+03:00 DEBUG 32166 --- [auth-service-test] [           main] org.hibernate.SQL                        : 
    insert 
    into
        user_roles
        (user_id, role_id) 
    values
        (?, ?)
Hibernate: 
    insert 
    into
        user_roles
        (user_id, role_id) 
    values
        (?, ?)
2026-07-12T20:48:27.357+03:00 DEBUG 32166 --- [auth-service-test] [           main] org.hibernate.SQL                        : 
    insert 
    into
        user_roles
        (user_id, role_id) 
    values
        (?, ?)
Hibernate: 
    insert 
    into
        user_roles
        (user_id, role_id) 
    values
        (?, ?)
2026-07-12T20:48:27.358+03:00 DEBUG 32166 --- [auth-service-test] [           main] org.hibernate.SQL                        : 
    select
        r1_0.id,
        r1_0.description,
        r1_0.name 
    from
        roles r1_0 
    where
        r1_0.name=?
Hibernate: 
    select
        r1_0.id,
        r1_0.description,
        r1_0.name 
    from
        roles r1_0 
    where
        r1_0.name=?
2026-07-12T20:48:27.358+03:00 DEBUG 32166 --- [auth-service-test] [           main] org.hibernate.SQL                        : 
    select
        p1_0.role_id,
        p1_1.id,
        p1_1.name 
    from
        role_permissions p1_0 
    join
        permissions p1_1 
            on p1_1.id=p1_0.permission_id 
    where
        p1_0.role_id=?
Hibernate: 
    select
        p1_0.role_id,
        p1_1.id,
        p1_1.name 
    from
        role_permissions p1_0 
    join
        permissions p1_1 
            on p1_1.id=p1_0.permission_id 
    where
        p1_0.role_id=?
2026-07-12T20:48:27.359+03:00 DEBUG 32166 --- [auth-service-test] [           main] org.hibernate.SQL                        : 
    select
        r1_0.id,
        r1_0.description,
        r1_0.name 
    from
        roles r1_0 
    where
        r1_0.name=?
Hibernate: 
    select
        r1_0.id,
        r1_0.description,
        r1_0.name 
    from
        roles r1_0 
    where
        r1_0.name=?
2026-07-12T20:48:27.359+03:00 DEBUG 32166 --- [auth-service-test] [           main] org.hibernate.SQL                        : 
    select
        p1_0.role_id,
        p1_1.id,
        p1_1.name 
    from
        role_permissions p1_0 
    join
        permissions p1_1 
            on p1_1.id=p1_0.permission_id 
    where
        p1_0.role_id=?
Hibernate: 
    select
        p1_0.role_id,
        p1_1.id,
        p1_1.name 
    from
        role_permissions p1_0 
    join
        permissions p1_1 
            on p1_1.id=p1_0.permission_id 
    where
        p1_0.role_id=?
2026-07-12T20:48:27.416+03:00 DEBUG 32166 --- [auth-service-test] [           main] org.hibernate.SQL                        : 
    insert 
    into
        users
        (created_at, email, enabled, first_name, identity_number, last_name, password, phone, updated_at, id) 
    values
        (?, ?, ?, ?, ?, ?, ?, ?, ?, default)
Hibernate: 
    insert 
    into
        users
        (created_at, email, enabled, first_name, identity_number, last_name, password, phone, updated_at, id) 
    values
        (?, ?, ?, ?, ?, ?, ?, ?, ?, default)
2026-07-12T20:48:27.417+03:00 DEBUG 32166 --- [auth-service-test] [           main] org.hibernate.SQL                        : 
    insert 
    into
        user_roles
        (user_id, role_id) 
    values
        (?, ?)
Hibernate: 
    insert 
    into
        user_roles
        (user_id, role_id) 
    values
        (?, ?)
2026-07-12T20:48:27.418+03:00 DEBUG 32166 --- [auth-service-test] [           main] org.hibernate.SQL                        : 
    select
        u1_0.id,
        u1_0.created_at,
        u1_0.email,
        u1_0.enabled,
        u1_0.first_name,
        u1_0.identity_number,
        u1_0.last_name,
        u1_0.password,
        u1_0.phone,
        u1_0.updated_at 
    from
        users u1_0 
    where
        u1_0.email=?
Hibernate: 
    select
        u1_0.id,
        u1_0.created_at,
        u1_0.email,
        u1_0.enabled,
        u1_0.first_name,
        u1_0.identity_number,
        u1_0.last_name,
        u1_0.password,
        u1_0.phone,
        u1_0.updated_at 
    from
        users u1_0 
    where
        u1_0.email=?
2026-07-12T20:48:27.418+03:00 DEBUG 32166 --- [auth-service-test] [           main] org.hibernate.SQL                        : 
    select
        r1_0.user_id,
        r1_1.id,
        r1_1.description,
        r1_1.name,
        p1_0.role_id,
        p1_1.id,
        p1_1.name 
    from
        user_roles r1_0 
    join
        roles r1_1 
            on r1_1.id=r1_0.role_id 
    left join
        role_permissions p1_0 
            on r1_1.id=p1_0.role_id 
    left join
        permissions p1_1 
            on p1_1.id=p1_0.permission_id 
    where
        r1_0.user_id=?
Hibernate: 
    select
        r1_0.user_id,
        r1_1.id,
        r1_1.description,
        r1_1.name,
        p1_0.role_id,
        p1_1.id,
        p1_1.name 
    from
        user_roles r1_0 
    join
        roles r1_1 
            on r1_1.id=r1_0.role_id 
    left join
        role_permissions p1_0 
            on r1_1.id=p1_0.role_id 
    left join
        permissions p1_1 
            on p1_1.id=p1_0.permission_id 
    where
        r1_0.user_id=?
2026-07-12T20:48:27.481+03:00  INFO 32166 --- [auth-service-test] [           main] j.LocalContainerEntityManagerFactoryBean : Closing JPA EntityManagerFactory for persistence unit 'default'
2026-07-12T20:48:27.481+03:00  INFO 32166 --- [auth-service-test] [           main] com.zaxxer.hikari.HikariDataSource       : HikariPool-52 - Shutdown initiated...
2026-07-12T20:48:27.481+03:00  INFO 32166 --- [auth-service-test] [           main] com.zaxxer.hikari.HikariDataSource       : HikariPool-52 - Shutdown completed.
]]></system-out>
  </testcase>
  <testcase name="supports_otherRequest_returnsFalse" classname="com.eir.auth.EmailPasswordStrategyComponentTest" time="0.07">
    <system-out><![CDATA[
  .   ____          _            __ _ _
 /\\ / ___'_ __ _ _(_)_ __  __ _ \ \ \ \
( ( )\___ | '_ | '_| | '_ \/ _` | \ \ \ \
 \\/  ___)| |_)| | | | | || (_| |  ) ) ) )
  '  |____| .__|_| |_|_| |_\__, | / / / /
 =========|_|==============|___/=/_/_/_/
 :: Spring Boot ::                (v3.2.5)

2026-07-12T20:48:27.495+03:00  INFO 32166 --- [auth-service-test] [           main] c.e.a.EmailPasswordStrategyComponentTest : Starting EmailPasswordStrategyComponentTest using Java 21.0.10 with PID 32166 (started by daisy in /home/daisy/IdeaProjects/ProjectEir/Eir/ProjectEir/auth-service)
2026-07-12T20:48:27.495+03:00 DEBUG 32166 --- [auth-service-test] [           main] c.e.a.EmailPasswordStrategyComponentTest : Running with Spring Boot v3.2.5, Spring v6.1.6
2026-07-12T20:48:27.496+03:00  INFO 32166 --- [auth-service-test] [           main] c.e.a.EmailPasswordStrategyComponentTest : The following 1 profile is active: "test"
2026-07-12T20:48:27.541+03:00  INFO 32166 --- [auth-service-test] [           main] .s.d.r.c.RepositoryConfigurationDelegate : Multiple Spring Data modules found, entering strict repository configuration mode
2026-07-12T20:48:27.541+03:00  INFO 32166 --- [auth-service-test] [           main] .s.d.r.c.RepositoryConfigurationDelegate : Bootstrapping Spring Data JPA repositories in DEFAULT mode.
2026-07-12T20:48:27.543+03:00  INFO 32166 --- [auth-service-test] [           main] .s.d.r.c.RepositoryConfigurationDelegate : Finished Spring Data repository scanning in 2 ms. Found 2 JPA repository interfaces.
2026-07-12T20:48:27.544+03:00  INFO 32166 --- [auth-service-test] [           main] .s.d.r.c.RepositoryConfigurationDelegate : Multiple Spring Data modules found, entering strict repository configuration mode
2026-07-12T20:48:27.544+03:00  INFO 32166 --- [auth-service-test] [           main] .s.d.r.c.RepositoryConfigurationDelegate : Bootstrapping Spring Data Redis repositories in DEFAULT mode.
2026-07-12T20:48:27.545+03:00  INFO 32166 --- [auth-service-test] [           main] .RepositoryConfigurationExtensionSupport : Spring Data Redis - Could not safely identify store assignment for repository candidate interface com.eir.auth.repository.RoleRepository; If you want this repository to be a Redis repository, consider annotating your entities with one of these annotations: org.springframework.data.redis.core.RedisHash (preferred), or consider extending one of the following types with your repository: org.springframework.data.keyvalue.repository.KeyValueRepository
2026-07-12T20:48:27.545+03:00  INFO 32166 --- [auth-service-test] [           main] .RepositoryConfigurationExtensionSupport : Spring Data Redis - Could not safely identify store assignment for repository candidate interface com.eir.auth.repository.UserRepository; If you want this repository to be a Redis repository, consider annotating your entities with one of these annotations: org.springframework.data.redis.core.RedisHash (preferred), or consider extending one of the following types with your repository: org.springframework.data.keyvalue.repository.KeyValueRepository
2026-07-12T20:48:27.545+03:00  INFO 32166 --- [auth-service-test] [           main] .s.d.r.c.RepositoryConfigurationDelegate : Finished Spring Data repository scanning in 0 ms. Found 0 Redis repository interfaces.
2026-07-12T20:48:27.558+03:00  INFO 32166 --- [auth-service-test] [           main] o.s.cloud.context.scope.GenericScope     : BeanFactory id=cdf54c95-710a-3cfe-b550-65ac6ca20ef2
2026-07-12T20:48:27.565+03:00  WARN 32166 --- [auth-service-test] [           main] trationDelegate$BeanPostProcessorChecker : Bean 'org.springframework.cloud.client.loadbalancer.LoadBalancerAutoConfiguration$DeferringLoadBalancerInterceptorConfig' of type [org.springframework.cloud.client.loadbalancer.LoadBalancerAutoConfiguration$DeferringLoadBalancerInterceptorConfig] is not eligible for getting processed by all BeanPostProcessors (for example: not eligible for auto-proxying). The currently created BeanPostProcessor [lbRestClientPostProcessor] is declared through a non-static factory method on that class; consider declaring it as static instead.
2026-07-12T20:48:27.565+03:00  WARN 32166 --- [auth-service-test] [           main] trationDelegate$BeanPostProcessorChecker : Bean 'deferringLoadBalancerInterceptor' of type [org.springframework.cloud.client.loadbalancer.DeferringLoadBalancerInterceptor] is not eligible for getting processed by all BeanPostProcessors (for example: not eligible for auto-proxying). Is this bean getting eagerly injected into a currently created BeanPostProcessor [lbRestClientPostProcessor]? Check the corresponding BeanPostProcessor declaration and its dependencies.
2026-07-12T20:48:27.573+03:00  INFO 32166 --- [auth-service-test] [           main] o.s.b.w.embedded.tomcat.TomcatWebServer  : Tomcat initialized with port 0 (http)
2026-07-12T20:48:27.573+03:00  INFO 32166 --- [auth-service-test] [           main] o.apache.catalina.core.StandardService   : Starting service [Tomcat]
2026-07-12T20:48:27.573+03:00  INFO 32166 --- [auth-service-test] [           main] o.apache.catalina.core.StandardEngine    : Starting Servlet engine: [Apache Tomcat/10.1.20]
2026-07-12T20:48:27.580+03:00  INFO 32166 --- [auth-service-test] [           main] o.a.c.c.C.[Tomcat].[localhost].[/]       : Initializing Spring embedded WebApplicationContext
2026-07-12T20:48:27.580+03:00  INFO 32166 --- [auth-service-test] [           main] w.s.c.ServletWebServerApplicationContext : Root WebApplicationContext: initialization completed in 84 ms
2026-07-12T20:48:27.595+03:00  INFO 32166 --- [auth-service-test] [           main] com.zaxxer.hikari.HikariDataSource       : HikariPool-53 - Starting...
2026-07-12T20:48:27.596+03:00  INFO 32166 --- [auth-service-test] [           main] com.zaxxer.hikari.pool.HikariPool        : HikariPool-53 - Added connection conn520: url=jdbc:h2:mem:eir_auth user=SA
2026-07-12T20:48:27.596+03:00  INFO 32166 --- [auth-service-test] [           main] com.zaxxer.hikari.HikariDataSource       : HikariPool-53 - Start completed.
2026-07-12T20:48:27.596+03:00  INFO 32166 --- [auth-service-test] [           main] org.flywaydb.core.FlywayExecutor         : Database: jdbc:h2:mem:eir_auth (H2 2.2)
2026-07-12T20:48:27.598+03:00  INFO 32166 --- [auth-service-test] [           main] o.f.core.internal.command.DbValidate     : Successfully validated 1 migration (execution time 00:00.000s)
2026-07-12T20:48:27.598+03:00  INFO 32166 --- [auth-service-test] [           main] o.f.core.internal.command.DbMigrate      : Current version of schema "public": 2
2026-07-12T20:48:27.598+03:00  INFO 32166 --- [auth-service-test] [           main] o.f.core.internal.command.DbMigrate      : Schema "public" is up to date. No migration necessary.
2026-07-12T20:48:27.603+03:00  INFO 32166 --- [auth-service-test] [           main] o.hibernate.jpa.internal.util.LogHelper  : HHH000204: Processing PersistenceUnitInfo [name: default]
2026-07-12T20:48:27.604+03:00  INFO 32166 --- [auth-service-test] [           main] o.h.c.internal.RegionFactoryInitiator    : HHH000026: Second-level cache disabled
2026-07-12T20:48:27.605+03:00  INFO 32166 --- [auth-service-test] [           main] o.s.o.j.p.SpringPersistenceUnitInfo      : No LoadTimeWeaver setup: ignoring JPA class transformer
2026-07-12T20:48:27.606+03:00  WARN 32166 --- [auth-service-test] [           main] org.hibernate.orm.deprecation            : HHH90000025: H2Dialect does not need to be specified explicitly using 'hibernate.dialect' (remove the property setting and it will be selected by default)
2026-07-12T20:48:27.624+03:00  INFO 32166 --- [auth-service-test] [           main] o.h.e.t.j.p.i.JtaPlatformInitiator       : HHH000489: No JTA platform available (set 'hibernate.transaction.jta.platform' to enable JTA platform integration)
2026-07-12T20:48:27.624+03:00  INFO 32166 --- [auth-service-test] [           main] j.LocalContainerEntityManagerFactoryBean : Initialized JPA EntityManagerFactory for persistence unit 'default'
2026-07-12T20:48:27.638+03:00  WARN 32166 --- [auth-service-test] [           main] JpaBaseConfiguration$JpaWebConfiguration : spring.jpa.open-in-view is enabled by default. Therefore, database queries may be performed during view rendering. Explicitly configure spring.jpa.open-in-view to disable this warning
2026-07-12T20:48:27.640+03:00  WARN 32166 --- [auth-service-test] [           main] .s.s.UserDetailsServiceAutoConfiguration : 

Using generated security password: d1bd07b7-1b17-4d7d-9628-b2eb2dafd1e2

This generated password is for development use only. Your security configuration must be updated before running your application in production.

2026-07-12T20:48:27.655+03:00  INFO 32166 --- [auth-service-test] [           main] o.s.s.web.DefaultSecurityFilterChain     : Will secure any request with [org.springframework.security.web.session.DisableEncodeUrlFilter@51ceb61f, org.springframework.security.web.context.request.async.WebAsyncManagerIntegrationFilter@7ed3da48, org.springframework.security.web.context.SecurityContextHolderFilter@5a86b19e, org.springframework.security.web.header.HeaderWriterFilter@3be0ad2, org.springframework.web.filter.CorsFilter@21293f50, org.springframework.security.web.authentication.logout.LogoutFilter@131794aa, org.springframework.security.web.savedrequest.RequestCacheAwareFilter@671c42ff, org.springframework.security.web.servletapi.SecurityContextHolderAwareRequestFilter@14073c54, org.springframework.security.web.authentication.AnonymousAuthenticationFilter@102d721f, org.springframework.security.web.session.SessionManagementFilter@5087034c, org.springframework.security.web.access.ExceptionTranslationFilter@5cdc2f6e, org.springframework.security.web.access.intercept.AuthorizationFilter@3bd14c96]
2026-07-12T20:48:27.677+03:00  INFO 32166 --- [auth-service-test] [           main] o.a.c.c.C.[Tomcat].[localhost].[/]       : Initializing Spring TestDispatcherServlet ''
2026-07-12T20:48:27.677+03:00  INFO 32166 --- [auth-service-test] [           main] o.s.t.web.servlet.TestDispatcherServlet  : Initializing Servlet ''
2026-07-12T20:48:27.677+03:00  INFO 32166 --- [auth-service-test] [           main] o.s.t.web.servlet.TestDispatcherServlet  : Completed initialization in 0 ms
2026-07-12T20:48:27.685+03:00  INFO 32166 --- [auth-service-test] [           main] DiscoveryClientOptionalArgsConfiguration : Eureka HTTP Client uses RestTemplate.
2026-07-12T20:48:27.689+03:00  WARN 32166 --- [auth-service-test] [           main] iguration$LoadBalancerCaffeineWarnLogger : Spring Cloud LoadBalancer is currently working with the default cache. While this cache implementation is useful for development and tests, it's recommended to use Caffeine cache in production.You can switch to using Caffeine cache, by adding it and org.springframework.cache.caffeine.CaffeineCacheManager to the classpath.
2026-07-12T20:48:27.693+03:00  INFO 32166 --- [auth-service-test] [           main] o.s.b.w.embedded.tomcat.TomcatWebServer  : Tomcat started on port 39023 (http) with context path ''
2026-07-12T20:48:27.697+03:00  INFO 32166 --- [auth-service-test] [           main] c.e.a.EmailPasswordStrategyComponentTest : Started EmailPasswordStrategyComponentTest in 0.214 seconds (process running for 30.163)
2026-07-12T20:48:27.700+03:00 DEBUG 32166 --- [auth-service-test] [           main] org.hibernate.SQL                        : 
    select
        u1_0.id,
        u1_0.created_at,
        u1_0.email,
        u1_0.enabled,
        u1_0.first_name,
        u1_0.identity_number,
        u1_0.last_name,
        u1_0.password,
        u1_0.phone,
        u1_0.updated_at 
    from
        users u1_0
Hibernate: 
    select
        u1_0.id,
        u1_0.created_at,
        u1_0.email,
        u1_0.enabled,
        u1_0.first_name,
        u1_0.identity_number,
        u1_0.last_name,
        u1_0.password,
        u1_0.phone,
        u1_0.updated_at 
    from
        users u1_0
2026-07-12T20:48:27.700+03:00 DEBUG 32166 --- [auth-service-test] [           main] org.hibernate.SQL                        : 
    select
        r1_0.user_id,
        r1_1.id,
        r1_1.description,
        r1_1.name,
        p1_0.role_id,
        p1_1.id,
        p1_1.name 
    from
        user_roles r1_0 
    join
        roles r1_1 
            on r1_1.id=r1_0.role_id 
    left join
        role_permissions p1_0 
            on r1_1.id=p1_0.role_id 
    left join
        permissions p1_1 
            on p1_1.id=p1_0.permission_id 
    where
        r1_0.user_id=?
Hibernate: 
    select
        r1_0.user_id,
        r1_1.id,
        r1_1.description,
        r1_1.name,
        p1_0.role_id,
        p1_1.id,
        p1_1.name 
    from
        user_roles r1_0 
    join
        roles r1_1 
            on r1_1.id=r1_0.role_id 
    left join
        role_permissions p1_0 
            on r1_1.id=p1_0.role_id 
    left join
        permissions p1_1 
            on p1_1.id=p1_0.permission_id 
    where
        r1_0.user_id=?
2026-07-12T20:48:27.701+03:00 DEBUG 32166 --- [auth-service-test] [           main] org.hibernate.SQL                        : 
    select
        r1_0.user_id,
        r1_1.id,
        r1_1.description,
        r1_1.name,
        p1_0.role_id,
        p1_1.id,
        p1_1.name 
    from
        user_roles r1_0 
    join
        roles r1_1 
            on r1_1.id=r1_0.role_id 
    left join
        role_permissions p1_0 
            on r1_1.id=p1_0.role_id 
    left join
        permissions p1_1 
            on p1_1.id=p1_0.permission_id 
    where
        r1_0.user_id=?
Hibernate: 
    select
        r1_0.user_id,
        r1_1.id,
        r1_1.description,
        r1_1.name,
        p1_0.role_id,
        p1_1.id,
        p1_1.name 
    from
        user_roles r1_0 
    join
        roles r1_1 
            on r1_1.id=r1_0.role_id 
    left join
        role_permissions p1_0 
            on r1_1.id=p1_0.role_id 
    left join
        permissions p1_1 
            on p1_1.id=p1_0.permission_id 
    where
        r1_0.user_id=?
2026-07-12T20:48:27.701+03:00 DEBUG 32166 --- [auth-service-test] [           main] org.hibernate.SQL                        : 
    delete 
    from
        user_roles 
    where
        user_id=?
Hibernate: 
    delete 
    from
        user_roles 
    where
        user_id=?
2026-07-12T20:48:27.701+03:00 DEBUG 32166 --- [auth-service-test] [           main] org.hibernate.SQL                        : 
    delete 
    from
        user_roles 
    where
        user_id=?
Hibernate: 
    delete 
    from
        user_roles 
    where
        user_id=?
2026-07-12T20:48:27.702+03:00 DEBUG 32166 --- [auth-service-test] [           main] org.hibernate.SQL                        : 
    delete 
    from
        users 
    where
        id=?
Hibernate: 
    delete 
    from
        users 
    where
        id=?
2026-07-12T20:48:27.702+03:00 DEBUG 32166 --- [auth-service-test] [           main] org.hibernate.SQL                        : 
    delete 
    from
        users 
    where
        id=?
Hibernate: 
    delete 
    from
        users 
    where
        id=?
2026-07-12T20:48:27.703+03:00 DEBUG 32166 --- [auth-service-test] [           main] org.hibernate.SQL                        : 
    select
        r1_0.id,
        r1_0.description,
        r1_0.name 
    from
        roles r1_0 
    where
        r1_0.name=?
Hibernate: 
    select
        r1_0.id,
        r1_0.description,
        r1_0.name 
    from
        roles r1_0 
    where
        r1_0.name=?
2026-07-12T20:48:27.703+03:00 DEBUG 32166 --- [auth-service-test] [           main] org.hibernate.SQL                        : 
    select
        p1_0.role_id,
        p1_1.id,
        p1_1.name 
    from
        role_permissions p1_0 
    join
        permissions p1_1 
            on p1_1.id=p1_0.permission_id 
    where
        p1_0.role_id=?
Hibernate: 
    select
        p1_0.role_id,
        p1_1.id,
        p1_1.name 
    from
        role_permissions p1_0 
    join
        permissions p1_1 
            on p1_1.id=p1_0.permission_id 
    where
        p1_0.role_id=?
2026-07-12T20:48:27.703+03:00 DEBUG 32166 --- [auth-service-test] [           main] org.hibernate.SQL                        : 
    select
        r1_0.id,
        r1_0.description,
        r1_0.name 
    from
        roles r1_0 
    where
        r1_0.name=?
Hibernate: 
    select
        r1_0.id,
        r1_0.description,
        r1_0.name 
    from
        roles r1_0 
    where
        r1_0.name=?
2026-07-12T20:48:27.704+03:00 DEBUG 32166 --- [auth-service-test] [           main] org.hibernate.SQL                        : 
    select
        p1_0.role_id,
        p1_1.id,
        p1_1.name 
    from
        role_permissions p1_0 
    join
        permissions p1_1 
            on p1_1.id=p1_0.permission_id 
    where
        p1_0.role_id=?
Hibernate: 
    select
        p1_0.role_id,
        p1_1.id,
        p1_1.name 
    from
        role_permissions p1_0 
    join
        permissions p1_1 
            on p1_1.id=p1_0.permission_id 
    where
        p1_0.role_id=?
2026-07-12T20:48:27.704+03:00 DEBUG 32166 --- [auth-service-test] [           main] org.hibernate.SQL                        : 
    select
        r1_0.id,
        r1_0.description,
        r1_0.name 
    from
        roles r1_0 
    where
        r1_0.name=?
Hibernate: 
    select
        r1_0.id,
        r1_0.description,
        r1_0.name 
    from
        roles r1_0 
    where
        r1_0.name=?
2026-07-12T20:48:27.704+03:00 DEBUG 32166 --- [auth-service-test] [           main] org.hibernate.SQL                        : 
    select
        p1_0.role_id,
        p1_1.id,
        p1_1.name 
    from
        role_permissions p1_0 
    join
        permissions p1_1 
            on p1_1.id=p1_0.permission_id 
    where
        p1_0.role_id=?
Hibernate: 
    select
        p1_0.role_id,
        p1_1.id,
        p1_1.name 
    from
        role_permissions p1_0 
    join
        permissions p1_1 
            on p1_1.id=p1_0.permission_id 
    where
        p1_0.role_id=?
2026-07-12T20:48:27.704+03:00 DEBUG 32166 --- [auth-service-test] [           main] org.hibernate.SQL                        : 
    select
        r1_0.id,
        r1_0.description,
        r1_0.name 
    from
        roles r1_0 
    where
        r1_0.name=?
Hibernate: 
    select
        r1_0.id,
        r1_0.description,
        r1_0.name 
    from
        roles r1_0 
    where
        r1_0.name=?
2026-07-12T20:48:27.704+03:00 DEBUG 32166 --- [auth-service-test] [           main] org.hibernate.SQL                        : 
    select
        p1_0.role_id,
        p1_1.id,
        p1_1.name 
    from
        role_permissions p1_0 
    join
        permissions p1_1 
            on p1_1.id=p1_0.permission_id 
    where
        p1_0.role_id=?
Hibernate: 
    select
        p1_0.role_id,
        p1_1.id,
        p1_1.name 
    from
        role_permissions p1_0 
    join
        permissions p1_1 
            on p1_1.id=p1_0.permission_id 
    where
        p1_0.role_id=?
2026-07-12T20:48:27.705+03:00 DEBUG 32166 --- [auth-service-test] [           main] org.hibernate.SQL                        : 
    select
        u1_0.id,
        u1_0.created_at,
        u1_0.email,
        u1_0.enabled,
        u1_0.first_name,
        u1_0.identity_number,
        u1_0.last_name,
        u1_0.password,
        u1_0.phone,
        u1_0.updated_at 
    from
        users u1_0 
    where
        u1_0.email=?
Hibernate: 
    select
        u1_0.id,
        u1_0.created_at,
        u1_0.email,
        u1_0.enabled,
        u1_0.first_name,
        u1_0.identity_number,
        u1_0.last_name,
        u1_0.password,
        u1_0.phone,
        u1_0.updated_at 
    from
        users u1_0 
    where
        u1_0.email=?
2026-07-12T20:48:27.760+03:00 DEBUG 32166 --- [auth-service-test] [           main] org.hibernate.SQL                        : 
    insert 
    into
        users
        (created_at, email, enabled, first_name, identity_number, last_name, password, phone, updated_at, id) 
    values
        (?, ?, ?, ?, ?, ?, ?, ?, ?, default)
Hibernate: 
    insert 
    into
        users
        (created_at, email, enabled, first_name, identity_number, last_name, password, phone, updated_at, id) 
    values
        (?, ?, ?, ?, ?, ?, ?, ?, ?, default)
2026-07-12T20:48:27.761+03:00 DEBUG 32166 --- [auth-service-test] [           main] org.hibernate.SQL                        : 
    insert 
    into
        user_roles
        (user_id, role_id) 
    values
        (?, ?)
Hibernate: 
    insert 
    into
        user_roles
        (user_id, role_id) 
    values
        (?, ?)
2026-07-12T20:48:27.761+03:00 DEBUG 32166 --- [auth-service-test] [           main] org.hibernate.SQL                        : 
    insert 
    into
        user_roles
        (user_id, role_id) 
    values
        (?, ?)
Hibernate: 
    insert 
    into
        user_roles
        (user_id, role_id) 
    values
        (?, ?)
2026-07-12T20:48:27.762+03:00 DEBUG 32166 --- [auth-service-test] [           main] org.hibernate.SQL                        : 
    select
        r1_0.id,
        r1_0.description,
        r1_0.name 
    from
        roles r1_0 
    where
        r1_0.name=?
Hibernate: 
    select
        r1_0.id,
        r1_0.description,
        r1_0.name 
    from
        roles r1_0 
    where
        r1_0.name=?
2026-07-12T20:48:27.762+03:00 DEBUG 32166 --- [auth-service-test] [           main] org.hibernate.SQL                        : 
    select
        p1_0.role_id,
        p1_1.id,
        p1_1.name 
    from
        role_permissions p1_0 
    join
        permissions p1_1 
            on p1_1.id=p1_0.permission_id 
    where
        p1_0.role_id=?
Hibernate: 
    select
        p1_0.role_id,
        p1_1.id,
        p1_1.name 
    from
        role_permissions p1_0 
    join
        permissions p1_1 
            on p1_1.id=p1_0.permission_id 
    where
        p1_0.role_id=?
2026-07-12T20:48:27.763+03:00 DEBUG 32166 --- [auth-service-test] [           main] org.hibernate.SQL                        : 
    select
        r1_0.id,
        r1_0.description,
        r1_0.name 
    from
        roles r1_0 
    where
        r1_0.name=?
Hibernate: 
    select
        r1_0.id,
        r1_0.description,
        r1_0.name 
    from
        roles r1_0 
    where
        r1_0.name=?
2026-07-12T20:48:27.763+03:00 DEBUG 32166 --- [auth-service-test] [           main] org.hibernate.SQL                        : 
    select
        p1_0.role_id,
        p1_1.id,
        p1_1.name 
    from
        role_permissions p1_0 
    join
        permissions p1_1 
            on p1_1.id=p1_0.permission_id 
    where
        p1_0.role_id=?
Hibernate: 
    select
        p1_0.role_id,
        p1_1.id,
        p1_1.name 
    from
        role_permissions p1_0 
    join
        permissions p1_1 
            on p1_1.id=p1_0.permission_id 
    where
        p1_0.role_id=?
2026-07-12T20:48:27.766+03:00  INFO 32166 --- [auth-service-test] [           main] j.LocalContainerEntityManagerFactoryBean : Closing JPA EntityManagerFactory for persistence unit 'default'
2026-07-12T20:48:27.766+03:00  INFO 32166 --- [auth-service-test] [           main] com.zaxxer.hikari.HikariDataSource       : HikariPool-53 - Shutdown initiated...
2026-07-12T20:48:27.767+03:00  INFO 32166 --- [auth-service-test] [           main] com.zaxxer.hikari.HikariDataSource       : HikariPool-53 - Shutdown completed.
]]></system-out>
  </testcase>
  <testcase name="authenticate_nonexistentEmail_throwsAuthenticationException" classname="com.eir.auth.EmailPasswordStrategyComponentTest" time="0.072">
    <system-out><![CDATA[
  .   ____          _            __ _ _
 /\\ / ___'_ __ _ _(_)_ __  __ _ \ \ \ \
( ( )\___ | '_ | '_| | '_ \/ _` | \ \ \ \
 \\/  ___)| |_)| | | | | || (_| |  ) ) ) )
  '  |____| .__|_| |_|_| |_\__, | / / / /
 =========|_|==============|___/=/_/_/_/
 :: Spring Boot ::                (v3.2.5)

2026-07-12T20:48:27.780+03:00  INFO 32166 --- [auth-service-test] [           main] c.e.a.EmailPasswordStrategyComponentTest : Starting EmailPasswordStrategyComponentTest using Java 21.0.10 with PID 32166 (started by daisy in /home/daisy/IdeaProjects/ProjectEir/Eir/ProjectEir/auth-service)
2026-07-12T20:48:27.780+03:00 DEBUG 32166 --- [auth-service-test] [           main] c.e.a.EmailPasswordStrategyComponentTest : Running with Spring Boot v3.2.5, Spring v6.1.6
2026-07-12T20:48:27.780+03:00  INFO 32166 --- [auth-service-test] [           main] c.e.a.EmailPasswordStrategyComponentTest : The following 1 profile is active: "test"
2026-07-12T20:48:27.826+03:00  INFO 32166 --- [auth-service-test] [           main] .s.d.r.c.RepositoryConfigurationDelegate : Multiple Spring Data modules found, entering strict repository configuration mode
2026-07-12T20:48:27.826+03:00  INFO 32166 --- [auth-service-test] [           main] .s.d.r.c.RepositoryConfigurationDelegate : Bootstrapping Spring Data JPA repositories in DEFAULT mode.
2026-07-12T20:48:27.828+03:00  INFO 32166 --- [auth-service-test] [           main] .s.d.r.c.RepositoryConfigurationDelegate : Finished Spring Data repository scanning in 2 ms. Found 2 JPA repository interfaces.
2026-07-12T20:48:27.829+03:00  INFO 32166 --- [auth-service-test] [           main] .s.d.r.c.RepositoryConfigurationDelegate : Multiple Spring Data modules found, entering strict repository configuration mode
2026-07-12T20:48:27.829+03:00  INFO 32166 --- [auth-service-test] [           main] .s.d.r.c.RepositoryConfigurationDelegate : Bootstrapping Spring Data Redis repositories in DEFAULT mode.
2026-07-12T20:48:27.830+03:00  INFO 32166 --- [auth-service-test] [           main] .RepositoryConfigurationExtensionSupport : Spring Data Redis - Could not safely identify store assignment for repository candidate interface com.eir.auth.repository.RoleRepository; If you want this repository to be a Redis repository, consider annotating your entities with one of these annotations: org.springframework.data.redis.core.RedisHash (preferred), or consider extending one of the following types with your repository: org.springframework.data.keyvalue.repository.KeyValueRepository
2026-07-12T20:48:27.830+03:00  INFO 32166 --- [auth-service-test] [           main] .RepositoryConfigurationExtensionSupport : Spring Data Redis - Could not safely identify store assignment for repository candidate interface com.eir.auth.repository.UserRepository; If you want this repository to be a Redis repository, consider annotating your entities with one of these annotations: org.springframework.data.redis.core.RedisHash (preferred), or consider extending one of the following types with your repository: org.springframework.data.keyvalue.repository.KeyValueRepository
2026-07-12T20:48:27.830+03:00  INFO 32166 --- [auth-service-test] [           main] .s.d.r.c.RepositoryConfigurationDelegate : Finished Spring Data repository scanning in 0 ms. Found 0 Redis repository interfaces.
2026-07-12T20:48:27.847+03:00  INFO 32166 --- [auth-service-test] [           main] o.s.cloud.context.scope.GenericScope     : BeanFactory id=cdf54c95-710a-3cfe-b550-65ac6ca20ef2
2026-07-12T20:48:27.868+03:00  WARN 32166 --- [auth-service-test] [           main] trationDelegate$BeanPostProcessorChecker : Bean 'org.springframework.cloud.client.loadbalancer.LoadBalancerAutoConfiguration$DeferringLoadBalancerInterceptorConfig' of type [org.springframework.cloud.client.loadbalancer.LoadBalancerAutoConfiguration$DeferringLoadBalancerInterceptorConfig] is not eligible for getting processed by all BeanPostProcessors (for example: not eligible for auto-proxying). The currently created BeanPostProcessor [lbRestClientPostProcessor] is declared through a non-static factory method on that class; consider declaring it as static instead.
2026-07-12T20:48:27.869+03:00  WARN 32166 --- [auth-service-test] [           main] trationDelegate$BeanPostProcessorChecker : Bean 'deferringLoadBalancerInterceptor' of type [org.springframework.cloud.client.loadbalancer.DeferringLoadBalancerInterceptor] is not eligible for getting processed by all BeanPostProcessors (for example: not eligible for auto-proxying). Is this bean getting eagerly injected into a currently created BeanPostProcessor [lbRestClientPostProcessor]? Check the corresponding BeanPostProcessor declaration and its dependencies.
2026-07-12T20:48:27.877+03:00  INFO 32166 --- [auth-service-test] [           main] o.s.b.w.embedded.tomcat.TomcatWebServer  : Tomcat initialized with port 0 (http)
2026-07-12T20:48:27.877+03:00  INFO 32166 --- [auth-service-test] [           main] o.apache.catalina.core.StandardService   : Starting service [Tomcat]
2026-07-12T20:48:27.877+03:00  INFO 32166 --- [auth-service-test] [           main] o.apache.catalina.core.StandardEngine    : Starting Servlet engine: [Apache Tomcat/10.1.20]
2026-07-12T20:48:27.885+03:00  INFO 32166 --- [auth-service-test] [           main] o.a.c.c.C.[Tomcat].[localhost].[/]       : Initializing Spring embedded WebApplicationContext
2026-07-12T20:48:27.885+03:00  INFO 32166 --- [auth-service-test] [           main] w.s.c.ServletWebServerApplicationContext : Root WebApplicationContext: initialization completed in 105 ms
2026-07-12T20:48:27.899+03:00  INFO 32166 --- [auth-service-test] [           main] com.zaxxer.hikari.HikariDataSource       : HikariPool-54 - Starting...
2026-07-12T20:48:27.900+03:00  INFO 32166 --- [auth-service-test] [           main] com.zaxxer.hikari.pool.HikariPool        : HikariPool-54 - Added connection conn530: url=jdbc:h2:mem:eir_auth user=SA
2026-07-12T20:48:27.900+03:00  INFO 32166 --- [auth-service-test] [           main] com.zaxxer.hikari.HikariDataSource       : HikariPool-54 - Start completed.
2026-07-12T20:48:27.901+03:00  INFO 32166 --- [auth-service-test] [           main] org.flywaydb.core.FlywayExecutor         : Database: jdbc:h2:mem:eir_auth (H2 2.2)
2026-07-12T20:48:27.902+03:00  INFO 32166 --- [auth-service-test] [           main] o.f.core.internal.command.DbValidate     : Successfully validated 1 migration (execution time 00:00.000s)
2026-07-12T20:48:27.903+03:00  INFO 32166 --- [auth-service-test] [           main] o.f.core.internal.command.DbMigrate      : Current version of schema "public": 2
2026-07-12T20:48:27.903+03:00  INFO 32166 --- [auth-service-test] [           main] o.f.core.internal.command.DbMigrate      : Schema "public" is up to date. No migration necessary.
2026-07-12T20:48:27.908+03:00  INFO 32166 --- [auth-service-test] [           main] o.hibernate.jpa.internal.util.LogHelper  : HHH000204: Processing PersistenceUnitInfo [name: default]
2026-07-12T20:48:27.909+03:00  INFO 32166 --- [auth-service-test] [           main] o.h.c.internal.RegionFactoryInitiator    : HHH000026: Second-level cache disabled
2026-07-12T20:48:27.910+03:00  INFO 32166 --- [auth-service-test] [           main] o.s.o.j.p.SpringPersistenceUnitInfo      : No LoadTimeWeaver setup: ignoring JPA class transformer
2026-07-12T20:48:27.911+03:00  WARN 32166 --- [auth-service-test] [           main] org.hibernate.orm.deprecation            : HHH90000025: H2Dialect does not need to be specified explicitly using 'hibernate.dialect' (remove the property setting and it will be selected by default)
2026-07-12T20:48:27.929+03:00  INFO 32166 --- [auth-service-test] [           main] o.h.e.t.j.p.i.JtaPlatformInitiator       : HHH000489: No JTA platform available (set 'hibernate.transaction.jta.platform' to enable JTA platform integration)
2026-07-12T20:48:27.929+03:00  INFO 32166 --- [auth-service-test] [           main] j.LocalContainerEntityManagerFactoryBean : Initialized JPA EntityManagerFactory for persistence unit 'default'
2026-07-12T20:48:27.944+03:00  WARN 32166 --- [auth-service-test] [           main] JpaBaseConfiguration$JpaWebConfiguration : spring.jpa.open-in-view is enabled by default. Therefore, database queries may be performed during view rendering. Explicitly configure spring.jpa.open-in-view to disable this warning
2026-07-12T20:48:27.946+03:00  WARN 32166 --- [auth-service-test] [           main] .s.s.UserDetailsServiceAutoConfiguration : 

Using generated security password: 6a870ae2-68ea-4395-9d64-59a29b2f5135

This generated password is for development use only. Your security configuration must be updated before running your application in production.

[...]
2026-07-12T20:48:29.548+03:00  INFO 32166 --- [auth-service-test] [           main] o.h.c.internal.RegionFactoryInitiator    : HHH000026: Second-level cache disabled
2026-07-12T20:48:29.550+03:00  INFO 32166 --- [auth-service-test] [           main] o.s.o.j.p.SpringPersistenceUnitInfo      : No LoadTimeWeaver setup: ignoring JPA class transformer
2026-07-12T20:48:29.550+03:00  WARN 32166 --- [auth-service-test] [           main] org.hibernate.orm.deprecation            : HHH90000025: H2Dialect does not need to be specified explicitly using 'hibernate.dialect' (remove the property setting and it will be selected by default)
2026-07-12T20:48:29.569+03:00  INFO 32166 --- [auth-service-test] [           main] o.h.e.t.j.p.i.JtaPlatformInitiator       : HHH000489: No JTA platform available (set 'hibernate.transaction.jta.platform' to enable JTA platform integration)
2026-07-12T20:48:29.569+03:00  INFO 32166 --- [auth-service-test] [           main] j.LocalContainerEntityManagerFactoryBean : Initialized JPA EntityManagerFactory for persistence unit 'default'
2026-07-12T20:48:29.583+03:00  WARN 32166 --- [auth-service-test] [           main] JpaBaseConfiguration$JpaWebConfiguration : spring.jpa.open-in-view is enabled by default. Therefore, database queries may be performed during view rendering. Explicitly configure spring.jpa.open-in-view to disable this warning
2026-07-12T20:48:29.585+03:00  WARN 32166 --- [auth-service-test] [           main] .s.s.UserDetailsServiceAutoConfiguration : 

Using generated security password: 6b86bc40-3af8-4fd1-b015-e05e24c5216c

This generated password is for development use only. Your security configuration must be updated before running your application in production.

2026-07-12T20:48:29.599+03:00  INFO 32166 --- [auth-service-test] [           main] o.s.s.web.DefaultSecurityFilterChain     : Will secure any request with [org.springframework.security.web.session.DisableEncodeUrlFilter@53ed7bd2, org.springframework.security.web.context.request.async.WebAsyncManagerIntegrationFilter@356ebda3, org.springframework.security.web.context.SecurityContextHolderFilter@576bf543, org.springframework.security.web.header.HeaderWriterFilter@15b1340f, org.springframework.web.filter.CorsFilter@48b4addf, org.springframework.security.web.authentication.logout.LogoutFilter@26c9135, org.springframework.security.web.savedrequest.RequestCacheAwareFilter@742d5e66, org.springframework.security.web.servletapi.SecurityContextHolderAwareRequestFilter@68a00da0, org.springframework.security.web.authentication.AnonymousAuthenticationFilter@73948d23, org.springframework.security.web.session.SessionManagementFilter@14becb30, org.springframework.security.web.access.ExceptionTranslationFilter@e45a40c, org.springframework.security.web.access.intercept.AuthorizationFilter@7489e248]
2026-07-12T20:48:29.622+03:00  INFO 32166 --- [auth-service-test] [           main] o.a.c.c.C.[Tomcat].[localhost].[/]       : Initializing Spring TestDispatcherServlet ''
2026-07-12T20:48:29.622+03:00  INFO 32166 --- [auth-service-test] [           main] o.s.t.web.servlet.TestDispatcherServlet  : Initializing Servlet ''
2026-07-12T20:48:29.622+03:00  INFO 32166 --- [auth-service-test] [           main] o.s.t.web.servlet.TestDispatcherServlet  : Completed initialization in 0 ms
2026-07-12T20:48:29.636+03:00  INFO 32166 --- [auth-service-test] [           main] DiscoveryClientOptionalArgsConfiguration : Eureka HTTP Client uses RestTemplate.
2026-07-12T20:48:29.639+03:00  WARN 32166 --- [auth-service-test] [           main] iguration$LoadBalancerCaffeineWarnLogger : Spring Cloud LoadBalancer is currently working with the default cache. While this cache implementation is useful for development and tests, it's recommended to use Caffeine cache in production.You can switch to using Caffeine cache, by adding it and org.springframework.cache.caffeine.CaffeineCacheManager to the classpath.
2026-07-12T20:48:29.644+03:00  INFO 32166 --- [auth-service-test] [           main] o.s.b.w.embedded.tomcat.TomcatWebServer  : Tomcat started on port 36247 (http) with context path ''
2026-07-12T20:48:29.649+03:00  INFO 32166 --- [auth-service-test] [           main] c.e.a.EmailPasswordStrategyComponentTest : Started EmailPasswordStrategyComponentTest in 0.235 seconds (process running for 32.115)
2026-07-12T20:48:29.653+03:00 DEBUG 32166 --- [auth-service-test] [           main] org.hibernate.SQL                        : 
    select
        u1_0.id,
        u1_0.created_at,
        u1_0.email,
        u1_0.enabled,
        u1_0.first_name,
        u1_0.identity_number,
        u1_0.last_name,
        u1_0.password,
        u1_0.phone,
        u1_0.updated_at 
    from
        users u1_0
Hibernate: 
    select
        u1_0.id,
        u1_0.created_at,
        u1_0.email,
        u1_0.enabled,
        u1_0.first_name,
        u1_0.identity_number,
        u1_0.last_name,
        u1_0.password,
        u1_0.phone,
        u1_0.updated_at 
    from
        users u1_0
2026-07-12T20:48:29.653+03:00 DEBUG 32166 --- [auth-service-test] [           main] org.hibernate.SQL                        : 
    select
        r1_0.user_id,
        r1_1.id,
        r1_1.description,
        r1_1.name,
        p1_0.role_id,
        p1_1.id,
        p1_1.name 
    from
        user_roles r1_0 
    join
        roles r1_1 
            on r1_1.id=r1_0.role_id 
    left join
        role_permissions p1_0 
            on r1_1.id=p1_0.role_id 
    left join
        permissions p1_1 
            on p1_1.id=p1_0.permission_id 
    where
        r1_0.user_id=?
Hibernate: 
    select
        r1_0.user_id,
        r1_1.id,
        r1_1.description,
        r1_1.name,
        p1_0.role_id,
        p1_1.id,
        p1_1.name 
    from
        user_roles r1_0 
    join
        roles r1_1 
            on r1_1.id=r1_0.role_id 
    left join
        role_permissions p1_0 
            on r1_1.id=p1_0.role_id 
    left join
        permissions p1_1 
            on p1_1.id=p1_0.permission_id 
    where
        r1_0.user_id=?
2026-07-12T20:48:29.654+03:00 DEBUG 32166 --- [auth-service-test] [           main] org.hibernate.SQL                        : 
    delete 
    from
        user_roles 
    where
        user_id=?
Hibernate: 
    delete 
    from
        user_roles 
    where
        user_id=?
2026-07-12T20:48:29.655+03:00 DEBUG 32166 --- [auth-service-test] [           main] org.hibernate.SQL                        : 
    delete 
    from
        users 
    where
        id=?
Hibernate: 
    delete 
    from
        users 
    where
        id=?
2026-07-12T20:48:29.656+03:00 DEBUG 32166 --- [auth-service-test] [           main] org.hibernate.SQL                        : 
    select
        r1_0.id,
        r1_0.description,
        r1_0.name 
    from
        roles r1_0 
    where
        r1_0.name=?
Hibernate: 
    select
        r1_0.id,
        r1_0.description,
        r1_0.name 
    from
        roles r1_0 
    where
        r1_0.name=?
2026-07-12T20:48:29.656+03:00 DEBUG 32166 --- [auth-service-test] [           main] org.hibernate.SQL                        : 
    select
        p1_0.role_id,
        p1_1.id,
        p1_1.name 
    from
        role_permissions p1_0 
    join
        permissions p1_1 
            on p1_1.id=p1_0.permission_id 
    where
        p1_0.role_id=?
Hibernate: 
    select
        p1_0.role_id,
        p1_1.id,
        p1_1.name 
    from
        role_permissions p1_0 
    join
        permissions p1_1 
            on p1_1.id=p1_0.permission_id 
    where
        p1_0.role_id=?
2026-07-12T20:48:29.656+03:00 DEBUG 32166 --- [auth-service-test] [           main] org.hibernate.SQL                        : 
    select
        r1_0.id,
        r1_0.description,
        r1_0.name 
    from
        roles r1_0 
    where
        r1_0.name=?
Hibernate: 
    select
        r1_0.id,
        r1_0.description,
        r1_0.name 
    from
        roles r1_0 
    where
        r1_0.name=?
2026-07-12T20:48:29.656+03:00 DEBUG 32166 --- [auth-service-test] [           main] org.hibernate.SQL                        : 
    select
        p1_0.role_id,
        p1_1.id,
        p1_1.name 
    from
        role_permissions p1_0 
    join
        permissions p1_1 
            on p1_1.id=p1_0.permission_id 
    where
        p1_0.role_id=?
Hibernate: 
    select
        p1_0.role_id,
        p1_1.id,
        p1_1.name 
    from
        role_permissions p1_0 
    join
        permissions p1_1 
            on p1_1.id=p1_0.permission_id 
    where
        p1_0.role_id=?
2026-07-12T20:48:29.657+03:00 DEBUG 32166 --- [auth-service-test] [           main] org.hibernate.SQL                        : 
    select
        r1_0.id,
        r1_0.description,
        r1_0.name 
    from
        roles r1_0 
    where
        r1_0.name=?
Hibernate: 
    select
        r1_0.id,
        r1_0.description,
        r1_0.name 
    from
        roles r1_0 
    where
        r1_0.name=?
2026-07-12T20:48:29.657+03:00 DEBUG 32166 --- [auth-service-test] [           main] org.hibernate.SQL                        : 
    select
        p1_0.role_id,
        p1_1.id,
        p1_1.name 
    from
        role_permissions p1_0 
    join
        permissions p1_1 
            on p1_1.id=p1_0.permission_id 
    where
        p1_0.role_id=?
Hibernate: 
    select
        p1_0.role_id,
        p1_1.id,
        p1_1.name 
    from
        role_permissions p1_0 
    join
        permissions p1_1 
            on p1_1.id=p1_0.permission_id 
    where
        p1_0.role_id=?
2026-07-12T20:48:29.657+03:00 DEBUG 32166 --- [auth-service-test] [           main] org.hibernate.SQL                        : 
    select
        r1_0.id,
        r1_0.description,
        r1_0.name 
    from
        roles r1_0 
    where
        r1_0.name=?
Hibernate: 
    select
        r1_0.id,
        r1_0.description,
        r1_0.name 
    from
        roles r1_0 
    where
        r1_0.name=?
2026-07-12T20:48:29.657+03:00 DEBUG 32166 --- [auth-service-test] [           main] org.hibernate.SQL                        : 
    select
        p1_0.role_id,
        p1_1.id,
        p1_1.name 
    from
        role_permissions p1_0 
    join
        permissions p1_1 
            on p1_1.id=p1_0.permission_id 
    where
        p1_0.role_id=?
Hibernate: 
    select
        p1_0.role_id,
        p1_1.id,
        p1_1.name 
    from
        role_permissions p1_0 
    join
        permissions p1_1 
            on p1_1.id=p1_0.permission_id 
    where
        p1_0.role_id=?
2026-07-12T20:48:29.658+03:00 DEBUG 32166 --- [auth-service-test] [           main] org.hibernate.SQL                        : 
    select
        u1_0.id,
        u1_0.created_at,
        u1_0.email,
        u1_0.enabled,
        u1_0.first_name,
        u1_0.identity_number,
        u1_0.last_name,
        u1_0.password,
        u1_0.phone,
        u1_0.updated_at 
    from
        users u1_0 
    where
        u1_0.email=?
Hibernate: 
    select
        u1_0.id,
        u1_0.created_at,
        u1_0.email,
        u1_0.enabled,
        u1_0.first_name,
        u1_0.identity_number,
        u1_0.last_name,
        u1_0.password,
        u1_0.phone,
        u1_0.updated_at 
    from
        users u1_0 
    where
        u1_0.email=?
2026-07-12T20:48:29.714+03:00 DEBUG 32166 --- [auth-service-test] [           main] org.hibernate.SQL                        : 
    insert 
    into
        users
        (created_at, email, enabled, first_name, identity_number, last_name, password, phone, updated_at, id) 
    values
        (?, ?, ?, ?, ?, ?, ?, ?, ?, default)
Hibernate: 
    insert 
    into
        users
        (created_at, email, enabled, first_name, identity_number, last_name, password, phone, updated_at, id) 
    values
        (?, ?, ?, ?, ?, ?, ?, ?, ?, default)
2026-07-12T20:48:29.715+03:00 DEBUG 32166 --- [auth-service-test] [           main] org.hibernate.SQL                        : 
    insert 
    into
        user_roles
        (user_id, role_id) 
    values
        (?, ?)
Hibernate: 
    insert 
    into
        user_roles
        (user_id, role_id) 
    values
        (?, ?)
2026-07-12T20:48:29.715+03:00 DEBUG 32166 --- [auth-service-test] [           main] org.hibernate.SQL                        : 
    insert 
    into
        user_roles
        (user_id, role_id) 
    values
        (?, ?)
Hibernate: 
    insert 
    into
        user_roles
        (user_id, role_id) 
    values
        (?, ?)
2026-07-12T20:48:29.716+03:00 DEBUG 32166 --- [auth-service-test] [           main] org.hibernate.SQL                        : 
    select
        r1_0.id,
        r1_0.description,
        r1_0.name 
    from
        roles r1_0 
    where
        r1_0.name=?
Hibernate: 
    select
        r1_0.id,
        r1_0.description,
        r1_0.name 
    from
        roles r1_0 
    where
        r1_0.name=?
2026-07-12T20:48:29.716+03:00 DEBUG 32166 --- [auth-service-test] [           main] org.hibernate.SQL                        : 
    select
        p1_0.role_id,
        p1_1.id,
        p1_1.name 
    from
        role_permissions p1_0 
    join
        permissions p1_1 
            on p1_1.id=p1_0.permission_id 
    where
        p1_0.role_id=?
Hibernate: 
    select
        p1_0.role_id,
        p1_1.id,
        p1_1.name 
    from
        role_permissions p1_0 
    join
        permissions p1_1 
            on p1_1.id=p1_0.permission_id 
    where
        p1_0.role_id=?
2026-07-12T20:48:29.717+03:00 DEBUG 32166 --- [auth-service-test] [           main] org.hibernate.SQL                        : 
    select
        r1_0.id,
        r1_0.description,
        r1_0.name 
    from
        roles r1_0 
    where
        r1_0.name=?
Hibernate: 
    select
        r1_0.id,
        r1_0.description,
        r1_0.name 
    from
        roles r1_0 
    where
        r1_0.name=?
2026-07-12T20:48:29.717+03:00 DEBUG 32166 --- [auth-service-test] [           main] org.hibernate.SQL                        : 
    select
        p1_0.role_id,
        p1_1.id,
        p1_1.name 
    from
        role_permissions p1_0 
    join
        permissions p1_1 
            on p1_1.id=p1_0.permission_id 
    where
        p1_0.role_id=?
Hibernate: 
    select
        p1_0.role_id,
        p1_1.id,
        p1_1.name 
    from
        role_permissions p1_0 
    join
        permissions p1_1 
            on p1_1.id=p1_0.permission_id 
    where
        p1_0.role_id=?
2026-07-12T20:48:29.773+03:00 DEBUG 32166 --- [auth-service-test] [           main] org.hibernate.SQL                        : 
    select
        r1_0.id,
        r1_0.description,
        r1_0.name 
    from
        roles r1_0 
    where
        r1_0.name=?
Hibernate: 
    select
        r1_0.id,
        r1_0.description,
        r1_0.name 
    from
        roles r1_0 
    where
        r1_0.name=?
2026-07-12T20:48:29.774+03:00 DEBUG 32166 --- [auth-service-test] [           main] org.hibernate.SQL                        : 
    select
        p1_0.role_id,
        p1_1.id,
        p1_1.name 
    from
        role_permissions p1_0 
    join
        permissions p1_1 
            on p1_1.id=p1_0.permission_id 
    where
        p1_0.role_id=?
Hibernate: 
    select
        p1_0.role_id,
        p1_1.id,
        p1_1.name 
    from
        role_permissions p1_0 
    join
        permissions p1_1 
            on p1_1.id=p1_0.permission_id 
    where
        p1_0.role_id=?
2026-07-12T20:48:29.774+03:00 DEBUG 32166 --- [auth-service-test] [           main] org.hibernate.SQL                        : 
    select
        r1_0.id,
        r1_0.description,
        r1_0.name 
    from
        roles r1_0 
    where
        r1_0.name=?
Hibernate: 
    select
        r1_0.id,
        r1_0.description,
        r1_0.name 
    from
        roles r1_0 
    where
        r1_0.name=?
2026-07-12T20:48:29.774+03:00 DEBUG 32166 --- [auth-service-test] [           main] org.hibernate.SQL                        : 
    select
        p1_0.role_id,
        p1_1.id,
        p1_1.name 
    from
        role_permissions p1_0 
    join
        permissions p1_1 
            on p1_1.id=p1_0.permission_id 
    where
        p1_0.role_id=?
Hibernate: 
    select
        p1_0.role_id,
        p1_1.id,
        p1_1.name 
    from
        role_permissions p1_0 
    join
        permissions p1_1 
            on p1_1.id=p1_0.permission_id 
    where
        p1_0.role_id=?
2026-07-12T20:48:29.775+03:00 DEBUG 32166 --- [auth-service-test] [           main] org.hibernate.SQL                        : 
    insert 
    into
        users
        (created_at, email, enabled, first_name, identity_number, last_name, password, phone, updated_at, id) 
    values
        (?, ?, ?, ?, ?, ?, ?, ?, ?, default)
Hibernate: 
    insert 
    into
        users
        (created_at, email, enabled, first_name, identity_number, last_name, password, phone, updated_at, id) 
    values
        (?, ?, ?, ?, ?, ?, ?, ?, ?, default)
2026-07-12T20:48:29.775+03:00 DEBUG 32166 --- [auth-service-test] [           main] org.hibernate.SQL                        : 
    insert 
    into
        user_roles
        (user_id, role_id) 
    values
        (?, ?)
Hibernate: 
    insert 
    into
        user_roles
        (user_id, role_id) 
    values
        (?, ?)
2026-07-12T20:48:29.775+03:00 DEBUG 32166 --- [auth-service-test] [           main] org.hibernate.SQL                        : 
    insert 
    into
        user_roles
        (user_id, role_id) 
    values
        (?, ?)
Hibernate: 
    insert 
    into
        user_roles
        (user_id, role_id) 
    values
        (?, ?)
2026-07-12T20:48:29.776+03:00 DEBUG 32166 --- [auth-service-test] [           main] org.hibernate.SQL                        : 
    select
        u1_0.id,
        u1_0.created_at,
        u1_0.email,
        u1_0.enabled,
        u1_0.first_name,
        u1_0.identity_number,
        u1_0.last_name,
        u1_0.password,
        u1_0.phone,
        u1_0.updated_at 
    from
        users u1_0 
    where
        u1_0.email=?
Hibernate: 
    select
        u1_0.id,
        u1_0.created_at,
        u1_0.email,
        u1_0.enabled,
        u1_0.first_name,
        u1_0.identity_number,
        u1_0.last_name,
        u1_0.password,
        u1_0.phone,
        u1_0.updated_at 
    from
        users u1_0 
    where
        u1_0.email=?
2026-07-12T20:48:29.776+03:00 DEBUG 32166 --- [auth-service-test] [           main] org.hibernate.SQL                        : 
    select
        r1_0.user_id,
        r1_1.id,
        r1_1.description,
        r1_1.name,
        p1_0.role_id,
        p1_1.id,
        p1_1.name 
    from
        user_roles r1_0 
    join
        roles r1_1 
            on r1_1.id=r1_0.role_id 
    left join
        role_permissions p1_0 
            on r1_1.id=p1_0.role_id 
    left join
        permissions p1_1 
            on p1_1.id=p1_0.permission_id 
    where
        r1_0.user_id=?
Hibernate: 
    select
        r1_0.user_id,
        r1_1.id,
        r1_1.description,
        r1_1.name,
        p1_0.role_id,
        p1_1.id,
        p1_1.name 
    from
        user_roles r1_0 
    join
        roles r1_1 
            on r1_1.id=r1_0.role_id 
    left join
        role_permissions p1_0 
            on r1_1.id=p1_0.role_id 
    left join
        permissions p1_1 
            on p1_1.id=p1_0.permission_id 
    where
        r1_0.user_id=?
2026-07-12T20:48:29.835+03:00  INFO 32166 --- [auth-service-test] [           main] j.LocalContainerEntityManagerFactoryBean : Closing JPA EntityManagerFactory for persistence unit 'default'
2026-07-12T20:48:29.836+03:00  INFO 32166 --- [auth-service-test] [           main] com.zaxxer.hikari.HikariDataSource       : HikariPool-59 - Shutdown initiated...
2026-07-12T20:48:29.836+03:00  INFO 32166 --- [auth-service-test] [           main] com.zaxxer.hikari.HikariDataSource       : HikariPool-59 - Shutdown completed.
]]></system-out>
  </testcase>
</testsuite>