<?xml version="1.0" encoding="UTF-8"?>
<testsuite xmlns:xsi="http://www.w3.org/2001/XMLSchema-instance" xsi:noNamespaceSchemaLocation="https://maven.apache.org/surefire/maven-surefire-plugin/xsd/surefire-test-report-3.0.xsd" version="3.0" name="com.eir.auth.AuthControllerComponentTest" time="3.966" tests="11" errors="0" skipped="0" failures="0">
  <properties>
[...]
</properties>
  <testcase name="login_invalidPassword_returns401" classname="com.eir.auth.AuthControllerComponentTest" time="0.137">
    <system-out><![CDATA[
  .   ____          _            __ _ _
 /\\ / ___'_ __ _ _(_)_ __  __ _ \ \ \ \
( ( )\___ | '_ | '_| | '_ \/ _` | \ \ \ \
 \\/  ___)| |_)| | | | | || (_| |  ) ) ) )
  '  |____| .__|_| |_|_| |_\__, | / / / /
 =========|_|==============|___/=/_/_/_/
 :: Spring Boot ::                (v3.2.5)

2026-07-12T20:48:17.697+03:00  INFO 32166 --- [auth-service-test] [           main] c.eir.auth.AuthControllerComponentTest   : Starting AuthControllerComponentTest using Java 21.0.10 with PID 32166 (started by daisy in /home/daisy/IdeaProjects/ProjectEir/Eir/ProjectEir/auth-service)
2026-07-12T20:48:17.697+03:00 DEBUG 32166 --- [auth-service-test] [           main] c.eir.auth.AuthControllerComponentTest   : Running with Spring Boot v3.2.5, Spring v6.1.6
2026-07-12T20:48:17.697+03:00  INFO 32166 --- [auth-service-test] [           main] c.eir.auth.AuthControllerComponentTest   : The following 1 profile is active: "test"
2026-07-12T20:48:17.745+03:00  INFO 32166 --- [auth-service-test] [           main] .s.d.r.c.RepositoryConfigurationDelegate : Multiple Spring Data modules found, entering strict repository configuration mode
2026-07-12T20:48:17.745+03:00  INFO 32166 --- [auth-service-test] [           main] .s.d.r.c.RepositoryConfigurationDelegate : Bootstrapping Spring Data JPA repositories in DEFAULT mode.
2026-07-12T20:48:17.747+03:00  INFO 32166 --- [auth-service-test] [           main] .s.d.r.c.RepositoryConfigurationDelegate : Finished Spring Data repository scanning in 2 ms. Found 2 JPA repository interfaces.
2026-07-12T20:48:17.748+03:00  INFO 32166 --- [auth-service-test] [           main] .s.d.r.c.RepositoryConfigurationDelegate : Multiple Spring Data modules found, entering strict repository configuration mode
2026-07-12T20:48:17.748+03:00  INFO 32166 --- [auth-service-test] [           main] .s.d.r.c.RepositoryConfigurationDelegate : Bootstrapping Spring Data Redis repositories in DEFAULT mode.
2026-07-12T20:48:17.749+03:00  INFO 32166 --- [auth-service-test] [           main] .RepositoryConfigurationExtensionSupport : Spring Data Redis - Could not safely identify store assignment for repository candidate interface com.eir.auth.repository.RoleRepository; If you want this repository to be a Redis repository, consider annotating your entities with one of these annotations: org.springframework.data.redis.core.RedisHash (preferred), or consider extending one of the following types with your repository: org.springframework.data.keyvalue.repository.KeyValueRepository
2026-07-12T20:48:17.749+03:00  INFO 32166 --- [auth-service-test] [           main] .RepositoryConfigurationExtensionSupport : Spring Data Redis - Could not safely identify store assignment for repository candidate interface com.eir.auth.repository.UserRepository; If you want this repository to be a Redis repository, consider annotating your entities with one of these annotations: org.springframework.data.redis.core.RedisHash (preferred), or consider extending one of the following types with your repository: org.springframework.data.keyvalue.repository.KeyValueRepository
2026-07-12T20:48:17.749+03:00  INFO 32166 --- [auth-service-test] [           main] .s.d.r.c.RepositoryConfigurationDelegate : Finished Spring Data repository scanning in 0 ms. Found 0 Redis repository interfaces.
2026-07-12T20:48:17.762+03:00  INFO 32166 --- [auth-service-test] [           main] o.s.cloud.context.scope.GenericScope     : BeanFactory id=cdf54c95-710a-3cfe-b550-65ac6ca20ef2
2026-07-12T20:48:17.769+03:00  WARN 32166 --- [auth-service-test] [           main] trationDelegate$BeanPostProcessorChecker : Bean 'org.springframework.cloud.client.loadbalancer.LoadBalancerAutoConfiguration$DeferringLoadBalancerInterceptorConfig' of type [org.springframework.cloud.client.loadbalancer.LoadBalancerAutoConfiguration$DeferringLoadBalancerInterceptorConfig] is not eligible for getting processed by all BeanPostProcessors (for example: not eligible for auto-proxying). The currently created BeanPostProcessor [lbRestClientPostProcessor] is declared through a non-static factory method on that class; consider declaring it as static instead.
2026-07-12T20:48:17.770+03:00  WARN 32166 --- [auth-service-test] [           main] trationDelegate$BeanPostProcessorChecker : Bean 'deferringLoadBalancerInterceptor' of type [org.springframework.cloud.client.loadbalancer.DeferringLoadBalancerInterceptor] is not eligible for getting processed by all BeanPostProcessors (for example: not eligible for auto-proxying). Is this bean getting eagerly injected into a currently created BeanPostProcessor [lbRestClientPostProcessor]? Check the corresponding BeanPostProcessor declaration and its dependencies.
2026-07-12T20:48:17.777+03:00  INFO 32166 --- [auth-service-test] [           main] o.s.b.w.embedded.tomcat.TomcatWebServer  : Tomcat initialized with port 0 (http)
2026-07-12T20:48:17.778+03:00  INFO 32166 --- [auth-service-test] [           main] o.apache.catalina.core.StandardService   : Starting service [Tomcat]
2026-07-12T20:48:17.778+03:00  INFO 32166 --- [auth-service-test] [           main] o.apache.catalina.core.StandardEngine    : Starting Servlet engine: [Apache Tomcat/10.1.20]
2026-07-12T20:48:17.785+03:00  INFO 32166 --- [auth-service-test] [           main] o.a.c.c.C.[Tomcat].[localhost].[/]       : Initializing Spring embedded WebApplicationContext
2026-07-12T20:48:17.785+03:00  INFO 32166 --- [auth-service-test] [           main] w.s.c.ServletWebServerApplicationContext : Root WebApplicationContext: initialization completed in 87 ms
2026-07-12T20:48:17.799+03:00  INFO 32166 --- [auth-service-test] [           main] com.zaxxer.hikari.HikariDataSource       : HikariPool-25 - Starting...
2026-07-12T20:48:17.800+03:00  INFO 32166 --- [auth-service-test] [           main] com.zaxxer.hikari.pool.HikariPool        : HikariPool-25 - Added connection conn240: url=jdbc:h2:mem:eir_auth user=SA
2026-07-12T20:48:17.800+03:00  INFO 32166 --- [auth-service-test] [           main] com.zaxxer.hikari.HikariDataSource       : HikariPool-25 - Start completed.
2026-07-12T20:48:17.801+03:00  INFO 32166 --- [auth-service-test] [           main] org.flywaydb.core.FlywayExecutor         : Database: jdbc:h2:mem:eir_auth (H2 2.2)
2026-07-12T20:48:17.802+03:00  INFO 32166 --- [auth-service-test] [           main] o.f.core.internal.command.DbValidate     : Successfully validated 1 migration (execution time 00:00.000s)
2026-07-12T20:48:17.803+03:00  INFO 32166 --- [auth-service-test] [           main] o.f.core.internal.command.DbMigrate      : Current version of schema "public": 2
2026-07-12T20:48:17.803+03:00  INFO 32166 --- [auth-service-test] [           main] o.f.core.internal.command.DbMigrate      : Schema "public" is up to date. No migration necessary.
2026-07-12T20:48:17.808+03:00  INFO 32166 --- [auth-service-test] [           main] o.hibernate.jpa.internal.util.LogHelper  : HHH000204: Processing PersistenceUnitInfo [name: default]
2026-07-12T20:48:17.808+03:00  INFO 32166 --- [auth-service-test] [           main] o.h.c.internal.RegionFactoryInitiator    : HHH000026: Second-level cache disabled
2026-07-12T20:48:17.810+03:00  INFO 32166 --- [auth-service-test] [           main] o.s.o.j.p.SpringPersistenceUnitInfo      : No LoadTimeWeaver setup: ignoring JPA class transformer
2026-07-12T20:48:17.810+03:00  WARN 32166 --- [auth-service-test] [           main] org.hibernate.orm.deprecation            : HHH90000025: H2Dialect does not need to be specified explicitly using 'hibernate.dialect' (remove the property setting and it will be selected by default)
2026-07-12T20:48:17.828+03:00  INFO 32166 --- [auth-service-test] [           main] o.h.e.t.j.p.i.JtaPlatformInitiator       : HHH000489: No JTA platform available (set 'hibernate.transaction.jta.platform' to enable JTA platform integration)
2026-07-12T20:48:17.828+03:00  INFO 32166 --- [auth-service-test] [           main] j.LocalContainerEntityManagerFactoryBean : Initialized JPA EntityManagerFactory for persistence unit 'default'
2026-07-12T20:48:17.844+03:00  WARN 32166 --- [auth-service-test] [           main] JpaBaseConfiguration$JpaWebConfiguration : spring.jpa.open-in-view is enabled by default. Therefore, database queries may be performed during view rendering. Explicitly configure spring.jpa.open-in-view to disable this warning
2026-07-12T20:48:17.845+03:00  WARN 32166 --- [auth-service-test] [           main] .s.s.UserDetailsServiceAutoConfiguration : 

Using generated security password: 31153326-fd2b-485a-9703-41c191f64e3f

This generated password is for development use only. Your security configuration must be updated before running your application in production.

2026-07-12T20:48:17.862+03:00  INFO 32166 --- [auth-service-test] [           main] o.s.s.web.DefaultSecurityFilterChain     : Will secure any request with [org.springframework.security.web.session.DisableEncodeUrlFilter@2ff5ddbb, org.springframework.security.web.context.request.async.WebAsyncManagerIntegrationFilter@72b18b70, org.springframework.security.web.context.SecurityContextHolderFilter@7aea7fc6, org.springframework.security.web.header.HeaderWriterFilter@79ac92b5, org.springframework.web.filter.CorsFilter@3ef57544, org.springframework.security.web.authentication.logout.LogoutFilter@c0a226f, org.springframework.security.web.savedrequest.RequestCacheAwareFilter@3923981c, org.springframework.security.web.servletapi.SecurityContextHolderAwareRequestFilter@24879cb7, org.springframework.security.web.authentication.AnonymousAuthenticationFilter@381c7641, org.springframework.security.web.session.SessionManagementFilter@2754cca3, org.springframework.security.web.access.ExceptionTranslationFilter@9d95a75, org.springframework.security.web.access.intercept.AuthorizationFilter@3136fb20]
2026-07-12T20:48:17.886+03:00  INFO 32166 --- [auth-service-test] [           main] o.a.c.c.C.[Tomcat].[localhost].[/]       : Initializing Spring TestDispatcherServlet ''
2026-07-12T20:48:17.886+03:00  INFO 32166 --- [auth-service-test] [           main] o.s.t.web.servlet.TestDispatcherServlet  : Initializing Servlet ''
2026-07-12T20:48:17.886+03:00  INFO 32166 --- [auth-service-test] [           main] o.s.t.web.servlet.TestDispatcherServlet  : Completed initialization in 0 ms
2026-07-12T20:48:17.897+03:00  INFO 32166 --- [auth-service-test] [           main] DiscoveryClientOptionalArgsConfiguration : Eureka HTTP Client uses RestTemplate.
2026-07-12T20:48:17.901+03:00  WARN 32166 --- [auth-service-test] [           main] iguration$LoadBalancerCaffeineWarnLogger : Spring Cloud LoadBalancer is currently working with the default cache. While this cache implementation is useful for development and tests, it's recommended to use Caffeine cache in production.You can switch to using Caffeine cache, by adding it and org.springframework.cache.caffeine.CaffeineCacheManager to the classpath.
2026-07-12T20:48:17.906+03:00  INFO 32166 --- [auth-service-test] [           main] o.s.b.w.embedded.tomcat.TomcatWebServer  : Tomcat started on port 39561 (http) with context path ''
2026-07-12T20:48:17.914+03:00  INFO 32166 --- [auth-service-test] [           main] c.eir.auth.AuthControllerComponentTest   : Started AuthControllerComponentTest in 0.231 seconds (process running for 20.38)
2026-07-12T20:48:17.917+03:00 DEBUG 32166 --- [auth-service-test] [           main] org.hibernate.SQL                        : 
    select
        u1_0.id,
        u1_0.created_at,
        u1_0.email,
        u1_0.enabled,
        u1_0.first_name,
        u1_0.identity_number,
        u1_0.last_name,
        u1_0.password,
        u1_0.phone,
        u1_0.updated_at 
    from
        users u1_0
Hibernate: 
    select
        u1_0.id,
        u1_0.created_at,
        u1_0.email,
        u1_0.enabled,
        u1_0.first_name,
        u1_0.identity_number,
        u1_0.last_name,
        u1_0.password,
        u1_0.phone,
        u1_0.updated_at 
    from
        users u1_0
2026-07-12T20:48:17.918+03:00 DEBUG 32166 --- [auth-service-test] [           main] org.hibernate.SQL                        : 
    select
        r1_0.user_id,
        r1_1.id,
        r1_1.description,
        r1_1.name,
        p1_0.role_id,
        p1_1.id,
        p1_1.name 
    from
        user_roles r1_0 
    join
        roles r1_1 
            on r1_1.id=r1_0.role_id 
    left join
        role_permissions p1_0 
            on r1_1.id=p1_0.role_id 
    left join
        permissions p1_1 
            on p1_1.id=p1_0.permission_id 
    where
        r1_0.user_id=?
Hibernate: 
    select
        r1_0.user_id,
        r1_1.id,
        r1_1.description,
        r1_1.name,
        p1_0.role_id,
        p1_1.id,
        p1_1.name 
    from
        user_roles r1_0 
    join
        roles r1_1 
            on r1_1.id=r1_0.role_id 
    left join
        role_permissions p1_0 
            on r1_1.id=p1_0.role_id 
    left join
        permissions p1_1 
            on p1_1.id=p1_0.permission_id 
    where
        r1_0.user_id=?
2026-07-12T20:48:17.918+03:00 DEBUG 32166 --- [auth-service-test] [           main] org.hibernate.SQL                        : 
    select
        r1_0.user_id,
        r1_1.id,
        r1_1.description,
        r1_1.name,
        p1_0.role_id,
        p1_1.id,
        p1_1.name 
    from
        user_roles r1_0 
    join
        roles r1_1 
            on r1_1.id=r1_0.role_id 
    left join
        role_permissions p1_0 
            on r1_1.id=p1_0.role_id 
    left join
        permissions p1_1 
            on p1_1.id=p1_0.permission_id 
    where
        r1_0.user_id=?
Hibernate: 
    select
        r1_0.user_id,
        r1_1.id,
        r1_1.description,
        r1_1.name,
        p1_0.role_id,
        p1_1.id,
        p1_1.name 
    from
        user_roles r1_0 
    join
        roles r1_1 
            on r1_1.id=r1_0.role_id 
    left join
        role_permissions p1_0 
            on r1_1.id=p1_0.role_id 
    left join
        permissions p1_1 
            on p1_1.id=p1_0.permission_id 
    where
        r1_0.user_id=?
2026-07-12T20:48:17.919+03:00 DEBUG 32166 --- [auth-service-test] [           main] org.hibernate.SQL                        : 
    delete 
    from
        user_roles 
    where
        user_id=?
Hibernate: 
    delete 
    from
        user_roles 
    where
        user_id=?
2026-07-12T20:48:17.919+03:00 DEBUG 32166 --- [auth-service-test] [           main] org.hibernate.SQL                        : 
    delete 
    from
        user_roles 
    where
        user_id=?
Hibernate: 
    delete 
    from
        user_roles 
    where
        user_id=?
2026-07-12T20:48:17.919+03:00 DEBUG 32166 --- [auth-service-test] [           main] org.hibernate.SQL                        : 
    delete 
    from
        users 
    where
        id=?
Hibernate: 
    delete 
    from
        users 
    where
        id=?
2026-07-12T20:48:17.919+03:00 DEBUG 32166 --- [auth-service-test] [           main] org.hibernate.SQL                        : 
    delete 
    from
        users 
    where
        id=?
Hibernate: 
    delete 
    from
        users 
    where
        id=?
2026-07-12T20:48:17.920+03:00 DEBUG 32166 --- [auth-service-test] [           main] org.hibernate.SQL                        : 
    select
        r1_0.id,
        r1_0.description,
        r1_0.name 
    from
        roles r1_0 
    where
        r1_0.name=?
Hibernate: 
    select
        r1_0.id,
        r1_0.description,
        r1_0.name 
    from
        roles r1_0 
    where
        r1_0.name=?
2026-07-12T20:48:17.921+03:00 DEBUG 32166 --- [auth-service-test] [           main] org.hibernate.SQL                        : 
    select
        p1_0.role_id,
        p1_1.id,
        p1_1.name 
    from
        role_permissions p1_0 
    join
        permissions p1_1 
            on p1_1.id=p1_0.permission_id 
    where
        p1_0.role_id=?
Hibernate: 
    select
        p1_0.role_id,
        p1_1.id,
        p1_1.name 
    from
        role_permissions p1_0 
    join
        permissions p1_1 
            on p1_1.id=p1_0.permission_id 
    where
        p1_0.role_id=?
2026-07-12T20:48:17.921+03:00 DEBUG 32166 --- [auth-service-test] [           main] org.hibernate.SQL                        : 
    select
        r1_0.id,
        r1_0.description,
        r1_0.name 
    from
        roles r1_0 
    where
        r1_0.name=?
Hibernate: 
    select
        r1_0.id,
        r1_0.description,
        r1_0.name 
    from
        roles r1_0 
    where
        r1_0.name=?
2026-07-12T20:48:17.921+03:00 DEBUG 32166 --- [auth-service-test] [           main] org.hibernate.SQL                        : 
    select
        p1_0.role_id,
        p1_1.id,
        p1_1.name 
    from
        role_permissions p1_0 
    join
        permissions p1_1 
            on p1_1.id=p1_0.permission_id 
    where
        p1_0.role_id=?
Hibernate: 
    select
        p1_0.role_id,
        p1_1.id,
        p1_1.name 
    from
        role_permissions p1_0 
    join
        permissions p1_1 
            on p1_1.id=p1_0.permission_id 
    where
        p1_0.role_id=?
2026-07-12T20:48:17.922+03:00 DEBUG 32166 --- [auth-service-test] [           main] org.hibernate.SQL                        : 
    select
        r1_0.id,
        r1_0.description,
        r1_0.name 
    from
        roles r1_0 
    where
        r1_0.name=?
Hibernate: 
    select
        r1_0.id,
        r1_0.description,
        r1_0.name 
    from
        roles r1_0 
    where
        r1_0.name=?
2026-07-12T20:48:17.922+03:00 DEBUG 32166 --- [auth-service-test] [           main] org.hibernate.SQL                        : 
    select
        p1_0.role_id,
        p1_1.id,
        p1_1.name 
    from
        role_permissions p1_0 
    join
        permissions p1_1 
            on p1_1.id=p1_0.permission_id 
    where
        p1_0.role_id=?
Hibernate: 
    select
        p1_0.role_id,
        p1_1.id,
        p1_1.name 
    from
        role_permissions p1_0 
    join
        permissions p1_1 
            on p1_1.id=p1_0.permission_id 
    where
        p1_0.role_id=?
2026-07-12T20:48:17.922+03:00 DEBUG 32166 --- [auth-service-test] [           main] org.hibernate.SQL                        : 
    select
        r1_0.id,
        r1_0.description,
        r1_0.name 
    from
        roles r1_0 
    where
        r1_0.name=?
Hibernate: 
    select
        r1_0.id,
        r1_0.description,
        r1_0.name 
    from
        roles r1_0 
    where
        r1_0.name=?
2026-07-12T20:48:17.922+03:00 DEBUG 32166 --- [auth-service-test] [           main] org.hibernate.SQL                        : 
    select
        p1_0.role_id,
        p1_1.id,
        p1_1.name 
    from
        role_permissions p1_0 
    join
        permissions p1_1 
            on p1_1.id=p1_0.permission_id 
    where
        p1_0.role_id=?
Hibernate: 
    select
        p1_0.role_id,
        p1_1.id,
        p1_1.name 
    from
        role_permissions p1_0 
    join
        permissions p1_1 
            on p1_1.id=p1_0.permission_id 
    where
        p1_0.role_id=?
2026-07-12T20:48:17.923+03:00 DEBUG 32166 --- [auth-service-test] [           main] org.hibernate.SQL                        : 
    select
        u1_0.id,
        u1_0.created_at,
        u1_0.email,
        u1_0.enabled,
        u1_0.first_name,
        u1_0.identity_number,
        u1_0.last_name,
        u1_0.password,
        u1_0.phone,
        u1_0.updated_at 
    from
        users u1_0 
    where
        u1_0.email=?
Hibernate: 
    select
        u1_0.id,
        u1_0.created_at,
        u1_0.email,
        u1_0.enabled,
        u1_0.first_name,
        u1_0.identity_number,
        u1_0.last_name,
        u1_0.password,
        u1_0.phone,
        u1_0.updated_at 
    from
        users u1_0 
    where
        u1_0.email=?
2026-07-12T20:48:17.979+03:00 DEBUG 32166 --- [auth-service-test] [           main] org.hibernate.SQL                        : 
    insert 
    into
        users
        (created_at, email, enabled, first_name, identity_number, last_name, password, phone, updated_at, id) 
    values
        (?, ?, ?, ?, ?, ?, ?, ?, ?, default)
Hibernate: 
    insert 
    into
        users
        (created_at, email, enabled, first_name, identity_number, last_name, password, phone, updated_at, id) 
    values
        (?, ?, ?, ?, ?, ?, ?, ?, ?, default)
2026-07-12T20:48:17.980+03:00 DEBUG 32166 --- [auth-service-test] [           main] org.hibernate.SQL                        : 
    insert 
    into
        user_roles
        (user_id, role_id) 
    values
        (?, ?)
Hibernate: 
    insert 
    into
        user_roles
        (user_id, role_id) 
    values
        (?, ?)
2026-07-12T20:48:17.980+03:00 DEBUG 32166 --- [auth-service-test] [           main] org.hibernate.SQL                        : 
    insert 
    into
        user_roles
        (user_id, role_id) 
    values
        (?, ?)
Hibernate: 
    insert 
    into
        user_roles
        (user_id, role_id) 
    values
        (?, ?)
2026-07-12T20:48:17.981+03:00 DEBUG 32166 --- [auth-service-test] [           main] org.hibernate.SQL                        : 
    select
        r1_0.id,
        r1_0.description,
        r1_0.name 
    from
        roles r1_0 
    where
        r1_0.name=?
Hibernate: 
    select
        r1_0.id,
        r1_0.description,
        r1_0.name 
    from
        roles r1_0 
    where
        r1_0.name=?
2026-07-12T20:48:17.981+03:00 DEBUG 32166 --- [auth-service-test] [           main] org.hibernate.SQL                        : 
    select
        p1_0.role_id,
        p1_1.id,
        p1_1.name 
    from
        role_permissions p1_0 
    join
        permissions p1_1 
            on p1_1.id=p1_0.permission_id 
    where
        p1_0.role_id=?
Hibernate: 
    select
        p1_0.role_id,
        p1_1.id,
        p1_1.name 
    from
        role_permissions p1_0 
    join
        permissions p1_1 
            on p1_1.id=p1_0.permission_id 
    where
        p1_0.role_id=?
2026-07-12T20:48:17.982+03:00 DEBUG 32166 --- [auth-service-test] [           main] org.hibernate.SQL                        : 
    select
        r1_0.id,
        r1_0.description,
        r1_0.name 
    from
        roles r1_0 
    where
        r1_0.name=?
Hibernate: 
    select
        r1_0.id,
        r1_0.description,
        r1_0.name 
    from
        roles r1_0 
    where
        r1_0.name=?
2026-07-12T20:48:17.982+03:00 DEBUG 32166 --- [auth-service-test] [           main] org.hibernate.SQL                        : 
    select
        p1_0.role_id,
        p1_1.id,
        p1_1.name 
    from
        role_permissions p1_0 
    join
        permissions p1_1 
            on p1_1.id=p1_0.permission_id 
    where
        p1_0.role_id=?
Hibernate: 
    select
        p1_0.role_id,
        p1_1.id,
        p1_1.name 
    from
        role_permissions p1_0 
    join
        permissions p1_1 
            on p1_1.id=p1_0.permission_id 
    where
        p1_0.role_id=?
2026-07-12T20:48:17.983+03:00 DEBUG 32166 --- [auth-service-test] [           main] o.s.security.web.FilterChainProxy        : Securing POST /api/auth/login
2026-07-12T20:48:17.983+03:00 DEBUG 32166 --- [auth-service-test] [           main] o.s.s.w.a.AnonymousAuthenticationFilter  : Set SecurityContextHolder to anonymous SecurityContext
2026-07-12T20:48:17.983+03:00 DEBUG 32166 --- [auth-service-test] [           main] o.s.security.web.FilterChainProxy        : Secured POST /api/auth/login
2026-07-12T20:48:17.985+03:00 DEBUG 32166 --- [auth-service-test] [           main] org.hibernate.SQL                        : 
    select
        u1_0.id,
        u1_0.created_at,
        u1_0.email,
        u1_0.enabled,
        u1_0.first_name,
        u1_0.identity_number,
        u1_0.last_name,
        u1_0.password,
        u1_0.phone,
        u1_0.updated_at 
    from
        users u1_0 
    where
        u1_0.email=?
Hibernate: 
    select
        u1_0.id,
        u1_0.created_at,
        u1_0.email,
        u1_0.enabled,
        u1_0.first_name,
        u1_0.identity_number,
        u1_0.last_name,
        u1_0.password,
        u1_0.phone,
        u1_0.updated_at 
    from
        users u1_0 
    where
        u1_0.email=?
2026-07-12T20:48:17.986+03:00 DEBUG 32166 --- [auth-service-test] [           main] org.hibernate.SQL                        : 
    select
        r1_0.user_id,
        r1_1.id,
        r1_1.description,
        r1_1.name,
        p1_0.role_id,
        p1_1.id,
        p1_1.name 
    from
        user_roles r1_0 
    join
        roles r1_1 
            on r1_1.id=r1_0.role_id 
    left join
        role_permissions p1_0 
            on r1_1.id=p1_0.role_id 
    left join
        permissions p1_1 
            on p1_1.id=p1_0.permission_id 
    where
        r1_0.user_id=?
Hibernate: 
    select
        r1_0.user_id,
        r1_1.id,
        r1_1.description,
        r1_1.name,
        p1_0.role_id,
        p1_1.id,
        p1_1.name 
    from
        user_roles r1_0 
    join
        roles r1_1 
            on r1_1.id=r1_0.role_id 
    left join
        role_permissions p1_0 
            on r1_1.id=p1_0.role_id 
    left join
        permissions p1_1 
            on p1_1.id=p1_0.permission_id 
    where
        r1_0.user_id=?
2026-07-12T20:48:18.050+03:00  INFO 32166 --- [auth-service-test] [           main] j.LocalContainerEntityManagerFactoryBean : Closing JPA EntityManagerFactory for persistence unit 'default'
2026-07-12T20:48:18.050+03:00  INFO 32166 --- [auth-service-test] [           main] com.zaxxer.hikari.HikariDataSource       : HikariPool-25 - Shutdown initiated...
2026-07-12T20:48:18.051+03:00  INFO 32166 --- [auth-service-test] [           main] com.zaxxer.hikari.HikariDataSource       : HikariPool-25 - Shutdown completed.
]]></system-out>
  </testcase>
  <testcase name="login_disabledUser_returns401" classname="com.eir.auth.AuthControllerComponentTest" time="0.204">
    <system-out><![CDATA[
  .   ____          _            __ _ _
 /\\ / ___'_ __ _ _(_)_ __  __ _ \ \ \ \
( ( )\___ | '_ | '_| | '_ \/ _` | \ \ \ \
 \\/  ___)| |_)| | | | | || (_| |  ) ) ) )
  '  |____| .__|_| |_|_| |_\__, | / / / /
 =========|_|==============|___/=/_/_/_/
 :: Spring Boot ::                (v3.2.5)

2026-07-12T20:48:18.071+03:00  INFO 32166 --- [auth-service-test] [           main] c.eir.auth.AuthControllerComponentTest   : Starting AuthControllerComponentTest using Java 21.0.10 with PID 32166 (started by daisy in /home/daisy/IdeaProjects/ProjectEir/Eir/ProjectEir/auth-service)
2026-07-12T20:48:18.071+03:00 DEBUG 32166 --- [auth-service-test] [           main] c.eir.auth.AuthControllerComponentTest   : Running with Spring Boot v3.2.5, Spring v6.1.6
2026-07-12T20:48:18.071+03:00  INFO 32166 --- [auth-service-test] [           main] c.eir.auth.AuthControllerComponentTest   : The following 1 profile is active: "test"
2026-07-12T20:48:18.118+03:00  INFO 32166 --- [auth-service-test] [           main] .s.d.r.c.RepositoryConfigurationDelegate : Multiple Spring Data modules found, entering strict repository configuration mode
2026-07-12T20:48:18.118+03:00  INFO 32166 --- [auth-service-test] [           main] .s.d.r.c.RepositoryConfigurationDelegate : Bootstrapping Spring Data JPA repositories in DEFAULT mode.
2026-07-12T20:48:18.120+03:00  INFO 32166 --- [auth-service-test] [           main] .s.d.r.c.RepositoryConfigurationDelegate : Finished Spring Data repository scanning in 2 ms. Found 2 JPA repository interfaces.
2026-07-12T20:48:18.121+03:00  INFO 32166 --- [auth-service-test] [           main] .s.d.r.c.RepositoryConfigurationDelegate : Multiple Spring Data modules found, entering strict repository configuration mode
2026-07-12T20:48:18.121+03:00  INFO 32166 --- [auth-service-test] [           main] .s.d.r.c.RepositoryConfigurationDelegate : Bootstrapping Spring Data Redis repositories in DEFAULT mode.
2026-07-12T20:48:18.122+03:00  INFO 32166 --- [auth-service-test] [           main] .RepositoryConfigurationExtensionSupport : Spring Data Redis - Could not safely identify store assignment for repository candidate interface com.eir.auth.repository.RoleRepository; If you want this repository to be a Redis repository, consider annotating your entities with one of these annotations: org.springframework.data.redis.core.RedisHash (preferred), or consider extending one of the following types with your repository: org.springframework.data.keyvalue.repository.KeyValueRepository
2026-07-12T20:48:18.122+03:00  INFO 32166 --- [auth-service-test] [           main] .RepositoryConfigurationExtensionSupport : Spring Data Redis - Could not safely identify store assignment for repository candidate interface com.eir.auth.repository.UserRepository; If you want this repository to be a Redis repository, consider annotating your entities with one of these annotations: org.springframework.data.redis.core.RedisHash (preferred), or consider extending one of the following types with your repository: org.springframework.data.keyvalue.repository.KeyValueRepository
2026-07-12T20:48:18.122+03:00  INFO 32166 --- [auth-service-test] [           main] .s.d.r.c.RepositoryConfigurationDelegate : Finished Spring Data repository scanning in 0 ms. Found 0 Redis repository interfaces.
2026-07-12T20:48:18.136+03:00  INFO 32166 --- [auth-service-test] [           main] o.s.cloud.context.scope.GenericScope     : BeanFactory id=cdf54c95-710a-3cfe-b550-65ac6ca20ef2
2026-07-12T20:48:18.143+03:00  WARN 32166 --- [auth-service-test] [           main] trationDelegate$BeanPostProcessorChecker : Bean 'org.springframework.cloud.client.loadbalancer.LoadBalancerAutoConfiguration$DeferringLoadBalancerInterceptorConfig' of type [org.springframework.cloud.client.loadbalancer.LoadBalancerAutoConfiguration$DeferringLoadBalancerInterceptorConfig] is not eligible for getting processed by all BeanPostProcessors (for example: not eligible for auto-proxying). The currently created BeanPostProcessor [lbRestClientPostProcessor] is declared through a non-static factory method on that class; consider declaring it as static instead.
2026-07-12T20:48:18.143+03:00  WARN 32166 --- [auth-service-test] [           main] trationDelegate$BeanPostProcessorChecker : Bean 'deferringLoadBalancerInterceptor' of type [org.springframework.cloud.client.loadbalancer.DeferringLoadBalancerInterceptor] is not eligible for getting processed by all BeanPostProcessors (for example: not eligible for auto-proxying). Is this bean getting eagerly injected into a currently created BeanPostProcessor [lbRestClientPostProcessor]? Check the corresponding BeanPostProcessor declaration and its dependencies.
2026-07-12T20:48:18.151+03:00  INFO 32166 --- [auth-service-test] [           main] o.s.b.w.embedded.tomcat.TomcatWebServer  : Tomcat initialized with port 0 (http)
2026-07-12T20:48:18.152+03:00  INFO 32166 --- [auth-service-test] [           main] o.apache.catalina.core.StandardService   : Starting service [Tomcat]
2026-07-12T20:48:18.152+03:00  INFO 32166 --- [auth-service-test] [           main] o.apache.catalina.core.StandardEngine    : Starting Servlet engine: [Apache Tomcat/10.1.20]
2026-07-12T20:48:18.159+03:00  INFO 32166 --- [auth-service-test] [           main] o.a.c.c.C.[Tomcat].[localhost].[/]       : Initializing Spring embedded WebApplicationContext
2026-07-12T20:48:18.159+03:00  INFO 32166 --- [auth-service-test] [           main] w.s.c.ServletWebServerApplicationContext : Root WebApplicationContext: initialization completed in 87 ms
2026-07-12T20:48:18.173+03:00  INFO 32166 --- [auth-service-test] [           main] com.zaxxer.hikari.HikariDataSource       : HikariPool-26 - Starting...
2026-07-12T20:48:18.174+03:00  INFO 32166 --- [auth-service-test] [           main] com.zaxxer.hikari.pool.HikariPool        : HikariPool-26 - Added connection conn250: url=jdbc:h2:mem:eir_auth user=SA
2026-07-12T20:48:18.174+03:00  INFO 32166 --- [auth-service-test] [           main] com.zaxxer.hikari.HikariDataSource       : HikariPool-26 - Start completed.
2026-07-12T20:48:18.174+03:00  INFO 32166 --- [auth-service-test] [           main] org.flywaydb.core.FlywayExecutor         : Database: jdbc:h2:mem:eir_auth (H2 2.2)
2026-07-12T20:48:18.176+03:00  INFO 32166 --- [auth-service-test] [           main] o.f.core.internal.command.DbValidate     : Successfully validated 1 migration (execution time 00:00.000s)
2026-07-12T20:48:18.177+03:00  INFO 32166 --- [auth-service-test] [           main] o.f.core.internal.command.DbMigrate      : Current version of schema "public": 2
2026-07-12T20:48:18.177+03:00  INFO 32166 --- [auth-service-test] [           main] o.f.core.internal.command.DbMigrate      : Schema "public" is up to date. No migration necessary.
2026-07-12T20:48:18.182+03:00  INFO 32166 --- [auth-service-test] [           main] o.hibernate.jpa.internal.util.LogHelper  : HHH000204: Processing PersistenceUnitInfo [name: default]
2026-07-12T20:48:18.183+03:00  INFO 32166 --- [auth-service-test] [           main] o.h.c.internal.RegionFactoryInitiator    : HHH000026: Second-level cache disabled
2026-07-12T20:48:18.184+03:00  INFO 32166 --- [auth-service-test] [           main] o.s.o.j.p.SpringPersistenceUnitInfo      : No LoadTimeWeaver setup: ignoring JPA class transformer
2026-07-12T20:48:18.184+03:00  WARN 32166 --- [auth-service-test] [           main] org.hibernate.orm.deprecation            : HHH90000025: H2Dialect does not need to be specified explicitly using 'hibernate.dialect' (remove the property setting and it will be selected by default)
2026-07-12T20:48:18.203+03:00  INFO 32166 --- [auth-service-test] [           main] o.h.e.t.j.p.i.JtaPlatformInitiator       : HHH000489: No JTA platform available (set 'hibernate.transaction.jta.platform' to enable JTA platform integration)
2026-07-12T20:48:18.204+03:00  INFO 32166 --- [auth-service-test] [           main] j.LocalContainerEntityManagerFactoryBean : Initialized JPA EntityManagerFactory for persistence unit 'default'
2026-07-12T20:48:18.219+03:00  WARN 32166 --- [auth-service-test] [           main] JpaBaseConfiguration$JpaWebConfiguration : spring.jpa.open-in-view is enabled by default. Therefore, database queries may be performed during view rendering. Explicitly configure spring.jpa.open-in-view to disable this warning
2026-07-12T20:48:18.221+03:00  WARN 32166 --- [auth-service-test] [           main] .s.s.UserDetailsServiceAutoConfiguration : 

Using generated security password: fe43d821-d786-4ec4-8c6c-59445fa82be9

This generated password is for development use only. Your security configuration must be updated before running your application in production.

2026-07-12T20:48:18.239+03:00  INFO 32166 --- [auth-service-test] [           main] o.s.s.web.DefaultSecurityFilterChain     : Will secure any request with [org.springframework.security.web.session.DisableEncodeUrlFilter@155e882c, org.springframework.security.web.context.request.async.WebAsyncManagerIntegrationFilter@6c54fdda, org.springframework.security.web.context.SecurityContextHolderFilter@67f48cdf, org.springframework.security.web.header.HeaderWriterFilter@5edc9b75, org.springframework.web.filter.CorsFilter@2b820a34, org.springframework.security.web.authentication.logout.LogoutFilter@73915c49, org.springframework.security.web.savedrequest.RequestCacheAwareFilter@1189a925, org.springframework.security.web.servletapi.SecurityContextHolderAwareRequestFilter@2bb49f52, org.springframework.security.web.authentication.AnonymousAuthenticationFilter@69b53528, org.springframework.security.web.session.SessionManagementFilter@463e197, org.springframework.security.web.access.ExceptionTranslationFilter@69e02b6, org.springframework.security.web.access.intercept.AuthorizationFilter@20cc5723]
2026-07-12T20:48:18.265+03:00  INFO 32166 --- [auth-service-test] [           main] o.a.c.c.C.[Tomcat].[localhost].[/]       : Initializing Spring TestDispatcherServlet ''
2026-07-12T20:48:18.265+03:00  INFO 32166 --- [auth-service-test] [           main] o.s.t.web.servlet.TestDispatcherServlet  : Initializing Servlet ''
2026-07-12T20:48:18.265+03:00  INFO 32166 --- [auth-service-test] [           main] o.s.t.web.servlet.TestDispatcherServlet  : Completed initialization in 0 ms
2026-07-12T20:48:18.276+03:00  INFO 32166 --- [auth-service-test] [           main] DiscoveryClientOptionalArgsConfiguration : Eureka HTTP Client uses RestTemplate.
2026-07-12T20:48:18.281+03:00  WARN 32166 --- [auth-service-test] [           main] iguration$LoadBalancerCaffeineWarnLogger : Spring Cloud LoadBalancer is currently working with the default cache. While this cache implementation is useful for development and tests, it's recommended to use Caffeine cache in production.You can switch to using Caffeine cache, by adding it and org.springframework.cache.caffeine.CaffeineCacheManager to the classpath.
2026-07-12T20:48:18.286+03:00  INFO 32166 --- [auth-service-test] [           main] o.s.b.w.embedded.tomcat.TomcatWebServer  : Tomcat started on port 46431 (http) with context path ''
2026-07-12T20:48:18.293+03:00  INFO 32166 --- [auth-service-test] [           main] c.eir.auth.AuthControllerComponentTest   : Started AuthControllerComponentTest in 0.24 seconds (process running for 20.759)
2026-07-12T20:48:18.297+03:00 DEBUG 32166 --- [auth-service-test] [           main] org.hibernate.SQL                        : 
    select
        u1_0.id,
        u1_0.created_at,
        u1_0.email,
        u1_0.enabled,
        u1_0.first_name,
        u1_0.identity_number,
        u1_0.last_name,
        u1_0.password,
        u1_0.phone,
        u1_0.updated_at 
    from
        users u1_0
Hibernate: 
    select
        u1_0.id,
        u1_0.created_at,
        u1_0.email,
        u1_0.enabled,
        u1_0.first_name,
        u1_0.identity_number,
        u1_0.last_name,
        u1_0.password,
        u1_0.phone,
        u1_0.updated_at 
    from
        users u1_0
2026-07-12T20:48:18.298+03:00 DEBUG 32166 --- [auth-service-test] [           main] org.hibernate.SQL                        : 
    select
        r1_0.user_id,
        r1_1.id,
        r1_1.description,
        r1_1.name,
        p1_0.role_id,
        p1_1.id,
        p1_1.name 
    from
        user_roles r1_0 
    join
        roles r1_1 
            on r1_1.id=r1_0.role_id 
    left join
        role_permissions p1_0 
            on r1_1.id=p1_0.role_id 
    left join
        permissions p1_1 
            on p1_1.id=p1_0.permission_id 
    where
        r1_0.user_id=?
Hibernate: 
    select
        r1_0.user_id,
        r1_1.id,
        r1_1.description,
        r1_1.name,
        p1_0.role_id,
        p1_1.id,
        p1_1.name 
    from
        user_roles r1_0 
    join
        roles r1_1 
            on r1_1.id=r1_0.role_id 
    left join
        role_permissions p1_0 
            on r1_1.id=p1_0.role_id 
    left join
        permissions p1_1 
            on p1_1.id=p1_0.permission_id 
    where
        r1_0.user_id=?
2026-07-12T20:48:18.299+03:00 DEBUG 32166 --- [auth-service-test] [           main] org.hibernate.SQL                        : 
    delete 
    from
        user_roles 
    where
        user_id=?
Hibernate: 
    delete 
    from
        user_roles 
    where
        user_id=?
2026-07-12T20:48:18.300+03:00 DEBUG 32166 --- [auth-service-test] [           main] org.hibernate.SQL                        : 
    delete 
    from
        users 
    where
        id=?
Hibernate: 
    delete 
    from
        users 
    where
        id=?
2026-07-12T20:48:18.301+03:00 DEBUG 32166 --- [auth-service-test] [           main] org.hibernate.SQL                        : 
    select
        r1_0.id,
        r1_0.description,
        r1_0.name 
    from
        roles r1_0 
    where
        r1_0.name=?
Hibernate: 
    select
        r1_0.id,
        r1_0.description,
        r1_0.name 
    from
        roles r1_0 
    where
        r1_0.name=?
2026-07-12T20:48:18.301+03:00 DEBUG 32166 --- [auth-service-test] [           main] org.hibernate.SQL                        : 
    select
        p1_0.role_id,
        p1_1.id,
        p1_1.name 
    from
        role_permissions p1_0 
    join
        permissions p1_1 
            on p1_1.id=p1_0.permission_id 
    where
        p1_0.role_id=?
Hibernate: 
    select
        p1_0.role_id,
        p1_1.id,
        p1_1.name 
    from
        role_permissions p1_0 
    join
        permissions p1_1 
            on p1_1.id=p1_0.permission_id 
    where
        p1_0.role_id=?
2026-07-12T20:48:18.302+03:00 DEBUG 32166 --- [auth-service-test] [           main] org.hibernate.SQL                        : 
    select
        r1_0.id,
        r1_0.description,
        r1_0.name 
    from
        roles r1_0 
    where
        r1_0.name=?
Hibernate: 
    select
        r1_0.id,
        r1_0.description,
        r1_0.name 
    from
        roles r1_0 
    where
        r1_0.name=?
2026-07-12T20:48:18.302+03:00 DEBUG 32166 --- [auth-service-test] [           main] org.hibernate.SQL                        : 
    select
        p1_0.role_id,
        p1_1.id,
        p1_1.name 
    from
        role_permissions p1_0 
    join
        permissions p1_1 
            on p1_1.id=p1_0.permission_id 
    where
        p1_0.role_id=?
Hibernate: 
    select
        p1_0.role_id,
        p1_1.id,
        p1_1.name 
    from
        role_permissions p1_0 
    join
        permissions p1_1 
            on p1_1.id=p1_0.permission_id 
    where
        p1_0.role_id=?
2026-07-12T20:48:18.303+03:00 DEBUG 32166 --- [auth-service-test] [           main] org.hibernate.SQL                        : 
    select
        r1_0.id,
        r1_0.description,
        r1_0.name 
    from
        roles r1_0 
    where
        r1_0.name=?
Hibernate: 
    select
        r1_0.id,
        r1_0.description,
        r1_0.name 
    from
        roles r1_0 
    where
        r1_0.name=?
2026-07-12T20:48:18.303+03:00 DEBUG 32166 --- [auth-service-test] [           main] org.hibernate.SQL                        : 
    select
        p1_0.role_id,
        p1_1.id,
        p1_1.name 
    from
        role_permissions p1_0 
    join
        permissions p1_1 
            on p1_1.id=p1_0.permission_id 
    where
        p1_0.role_id=?
Hibernate: 
    select
        p1_0.role_id,
        p1_1.id,
        p1_1.name 
    from
        role_permissions p1_0 
    join
        permissions p1_1 
            on p1_1.id=p1_0.permission_id 
    where
        p1_0.role_id=?
2026-07-12T20:48:18.303+03:00 DEBUG 32166 --- [auth-service-test] [           main] org.hibernate.SQL                        : 
    select
        r1_0.id,
        r1_0.description,
        r1_0.name 
    from
        roles r1_0 
    where
        r1_0.name=?
Hibernate: 
    select
        r1_0.id,
        r1_0.description,
        r1_0.name 
    from
        roles r1_0 
    where
        r1_0.name=?
2026-07-12T20:48:18.303+03:00 DEBUG 32166 --- [auth-service-test] [           main] org.hibernate.SQL                        : 
    select
        p1_0.role_id,
        p1_1.id,
        p1_1.name 
    from
        role_permissions p1_0 
    join
        permissions p1_1 
            on p1_1.id=p1_0.permission_id 
    where
        p1_0.role_id=?
Hibernate: 
    select
        p1_0.role_id,
        p1_1.id,
        p1_1.name 
    from
        role_permissions p1_0 
    join
        permissions p1_1 
            on p1_1.id=p1_0.permission_id 
    where
        p1_0.role_id=?
2026-07-12T20:48:18.304+03:00 DEBUG 32166 --- [auth-service-test] [           main] org.hibernate.SQL                        : 
    select
        u1_0.id,
        u1_0.created_at,
        u1_0.email,
        u1_0.enabled,
        u1_0.first_name,
        u1_0.identity_number,
        u1_0.last_name,
        u1_0.password,
        u1_0.phone,
        u1_0.updated_at 
    from
        users u1_0 
    where
        u1_0.email=?
Hibernate: 
    select
        u1_0.id,
        u1_0.created_at,
        u1_0.email,
        u1_0.enabled,
        u1_0.first_name,
        u1_0.identity_number,
        u1_0.last_name,
        u1_0.password,
        u1_0.phone,
        u1_0.updated_at 
    from
        users u1_0 
    where
        u1_0.email=?
2026-07-12T20:48:18.360+03:00 DEBUG 32166 --- [auth-service-test] [           main] org.hibernate.SQL                        : 
    insert 
    into
        users
        (created_at, email, enabled, first_name, identity_number, last_name, password, phone, updated_at, id) 
    values
        (?, ?, ?, ?, ?, ?, ?, ?, ?, default)
Hibernate: 
    insert 
    into
        users
        (created_at, email, enabled, first_name, identity_number, last_name, password, phone, updated_at, id) 
    values
        (?, ?, ?, ?, ?, ?, ?, ?, ?, default)
2026-07-12T20:48:18.361+03:00 DEBUG 32166 --- [auth-service-test] [           main] org.hibernate.SQL                        : 
    insert 
    into
        user_roles
        (user_id, role_id) 
    values
        (?, ?)
Hibernate: 
    insert 
    into
        user_roles
        (user_id, role_id) 
    values
        (?, ?)
2026-07-12T20:48:18.361+03:00 DEBUG 32166 --- [auth-service-test] [           main] org.hibernate.SQL                        : 
    insert 
    into
        user_roles
        (user_id, role_id) 
    values
        (?, ?)
Hibernate: 
    insert 
    into
        user_roles
        (user_id, role_id) 
    values
        (?, ?)
2026-07-12T20:48:18.362+03:00 DEBUG 32166 --- [auth-service-test] [           main] org.hibernate.SQL                        : 
    select
        r1_0.id,
        r1_0.description,
        r1_0.name 
    from
        roles r1_0 
    where
        r1_0.name=?
Hibernate: 
    select
        r1_0.id,
        r1_0.description,
        r1_0.name 
    from
        roles r1_0 
    where
        r1_0.name=?
2026-07-12T20:48:18.362+03:00 DEBUG 32166 --- [auth-service-test] [           main] org.hibernate.SQL                        : 
    select
        p1_0.role_id,
        p1_1.id,
        p1_1.name 
    from
        role_permissions p1_0 
    join
        permissions p1_1 
            on p1_1.id=p1_0.permission_id 
    where
        p1_0.role_id=?
Hibernate: 
    select
        p1_0.role_id,
        p1_1.id,
        p1_1.name 
    from
        role_permissions p1_0 
    join
        permissions p1_1 
            on p1_1.id=p1_0.permission_id 
    where
        p1_0.role_id=?
2026-07-12T20:48:18.363+03:00 DEBUG 32166 --- [auth-service-test] [           main] org.hibernate.SQL                        : 
    select
        r1_0.id,
        r1_0.description,
        r1_0.name 
    from
        roles r1_0 
    where
        r1_0.name=?
Hibernate: 
    select
        r1_0.id,
        r1_0.description,
        r1_0.name 
    from
        roles r1_0 
    where
        r1_0.name=?
2026-07-12T20:48:18.363+03:00 DEBUG 32166 --- [auth-service-test] [           main] org.hibernate.SQL                        : 
    select
        p1_0.role_id,
        p1_1.id,
        p1_1.name 
    from
        role_permissions p1_0 
    join
        permissions p1_1 
            on p1_1.id=p1_0.permission_id 
    where
        p1_0.role_id=?
Hibernate: 
    select
        p1_0.role_id,
        p1_1.id,
        p1_1.name 
    from
        role_permissions p1_0 
    join
        permissions p1_1 
            on p1_1.id=p1_0.permission_id 
    where
        p1_0.role_id=?
2026-07-12T20:48:18.419+03:00 DEBUG 32166 --- [auth-service-test] [           main] org.hibernate.SQL                        : 
    insert 
    into
        users
        (created_at, email, enabled, first_name, identity_number, last_name, password, phone, updated_at, id) 
    values
        (?, ?, ?, ?, ?, ?, ?, ?, ?, default)
Hibernate: 
    insert 
    into
        users
        (created_at, email, enabled, first_name, identity_number, last_name, password, phone, updated_at, id) 
    values
        (?, ?, ?, ?, ?, ?, ?, ?, ?, default)
2026-07-12T20:48:18.420+03:00 DEBUG 32166 --- [auth-service-test] [           main] org.hibernate.SQL                        : 
    insert 
    into
        user_roles
        (user_id, role_id) 
    values
        (?, ?)
Hibernate: 
    insert 
    into
        user_roles
        (user_id, role_id) 
    values
        (?, ?)
2026-07-12T20:48:18.423+03:00 DEBUG 32166 --- [auth-service-test] [           main] org.hibernate.SQL                        : 
    select
        u1_0.id,
        u1_0.created_at,
        u1_0.email,
        u1_0.enabled,
        u1_0.first_name,
        u1_0.identity_number,
        u1_0.last_name,
        u1_0.password,
        u1_0.phone,
        r1_0.user_id,
        r1_1.id,
        r1_1.description,
        r1_1.name,
        p1_0.role_id,
        p1_1.id,
        p1_1.name,
        u1_0.updated_at 
    from
        users u1_0 
    left join
        user_roles r1_0 
            on u1_0.id=r1_0.user_id 
    left join
        roles r1_1 
            on r1_1.id=r1_0.role_id 
    left join
        role_permissions p1_0 
            on r1_1.id=p1_0.role_id 
    left join
        permissions p1_1 
            on p1_1.id=p1_0.permission_id 
    where
        u1_0.id=?
Hibernate: 
    select
        u1_0.id,
        u1_0.created_at,
        u1_0.email,
        u1_0.enabled,
        u1_0.first_name,
        u1_0.identity_number,
        u1_0.last_name,
        u1_0.password,
        u1_0.phone,
        r1_0.user_id,
        r1_1.id,
        r1_1.description,
        r1_1.name,
        p1_0.role_id,
        p1_1.id,
        p1_1.name,
        u1_0.updated_at 
    from
        users u1_0 
    left join
        user_roles r1_0 
            on u1_0.id=r1_0.user_id 
    left join
        roles r1_1 
            on r1_1.id=r1_0.role_id 
    left join
        role_permissions p1_0 
            on r1_1.id=p1_0.role_id 
    left join
        permissions p1_1 
            on p1_1.id=p1_0.permission_id 
    where
        u1_0.id=?
2026-07-12T20:48:18.427+03:00 DEBUG 32166 --- [auth-service-test] [           main] org.hibernate.SQL                        : 
    update
        users 
    set
        email=?,
        enabled=?,
        first_name=?,
        identity_number=?,
        last_name=?,
        password=?,
        phone=?,
        updated_at=? 
    where
        id=?
Hibernate: 
    update
        users 
    set
        email=?,
        enabled=?,
        first_name=?,
        identity_number=?,
        last_name=?,
        password=?,
        phone=?,
        updated_at=? 
    where
        id=?
2026-07-12T20:48:18.430+03:00 DEBUG 32166 --- [auth-service-test] [           main] o.s.security.web.FilterChainProxy        : Securing POST /api/auth/login
2026-07-12T20:48:18.430+03:00 DEBUG 32166 --- [auth-service-test] [           main] o.s.s.w.a.AnonymousAuthenticationFilter  : Set SecurityContextHolder to anonymous SecurityContext
2026-07-12T20:48:18.430+03:00 DEBUG 32166 --- [auth-service-test] [           main] o.s.security.web.FilterChainProxy        : Secured POST /api/auth/login
2026-07-12T20:48:18.433+03:00 DEBUG 32166 --- [auth-service-test] [           main] org.hibernate.SQL                        : 
    select
        u1_0.id,
        u1_0.created_at,
        u1_0.email,
        u1_0.enabled,
        u1_0.first_name,
        u1_0.identity_number,
        u1_0.last_name,
        u1_0.password,
        u1_0.phone,
        u1_0.updated_at 
    from
        users u1_0 
    where
        u1_0.email=?
Hibernate: 
    select
        u1_0.id,
        u1_0.created_at,
        u1_0.email,
        u1_0.enabled,
        u1_0.first_name,
        u1_0.identity_number,
        u1_0.last_name,
        u1_0.password,
        u1_0.phone,
        u1_0.updated_at 
    from
        users u1_0 
    where
        u1_0.email=?
2026-07-12T20:48:18.434+03:00 DEBUG 32166 --- [auth-service-test] [           main] org.hibernate.SQL                        : 
    select
        r1_0.user_id,
        r1_1.id,
        r1_1.description,
        r1_1.name,
        p1_0.role_id,
        p1_1.id,
        p1_1.name 
    from
        user_roles r1_0 
    join
        roles r1_1 
            on r1_1.id=r1_0.role_id 
    left join
        role_permissions p1_0 
            on r1_1.id=p1_0.role_id 
    left join
        permissions p1_1 
            on p1_1.id=p1_0.permission_id 
    where
        r1_0.user_id=?
Hibernate: 
    select
        r1_0.user_id,
        r1_1.id,
        r1_1.description,
        r1_1.name,
        p1_0.role_id,
        p1_1.id,
        p1_1.name 
    from
        user_roles r1_0 
    join
        roles r1_1 
            on r1_1.id=r1_0.role_id 
    left join
        role_permissions p1_0 
            on r1_1.id=p1_0.role_id 
    left join
        permissions p1_1 
            on p1_1.id=p1_0.permission_id 
    where
        r1_0.user_id=?
2026-07-12T20:48:18.496+03:00  INFO 32166 --- [auth-service-test] [           main] j.LocalContainerEntityManagerFactoryBean : Closing JPA EntityManagerFactory for persistence unit 'default'
2026-07-12T20:48:18.496+03:00  INFO 32166 --- [auth-service-test] [           main] com.zaxxer.hikari.HikariDataSource       : HikariPool-26 - Shutdown initiated...
2026-07-12T20:48:18.496+03:00  INFO 32166 --- [auth-service-test] [           main] com.zaxxer.hikari.HikariDataSource       : HikariPool-26 - Shutdown completed.
]]></system-out>
  </testcase>
  <testcase name="register_passwordMismatch_returns400" classname="com.eir.auth.AuthControllerComponentTest" time="0.083">
    <system-out><![CDATA[
  .   ____          _            __ _ _
 /\\ / ___'_ __ _ _(_)_ __  __ _ \ \ \ \
( ( )\___ | '_ | '_| | '_ \/ _` | \ \ \ \
 \\/  ___)| |_)| | | | | || (_| |  ) ) ) )
  '  |____| .__|_| |_|_| |_\__, | / / / /
 =========|_|==============|___/=/_/_/_/
 :: Spring Boot ::                (v3.2.5)

2026-07-12T20:48:18.514+03:00  INFO 32166 --- [auth-service-test] [           main] c.eir.auth.AuthControllerComponentTest   : Starting AuthControllerComponentTest using Java 21.0.10 with PID 32166 (started by daisy in /home/daisy/IdeaProjects/ProjectEir/Eir/ProjectEir/auth-service)
2026-07-12T20:48:18.514+03:00 DEBUG 32166 --- [auth-service-test] [           main] c.eir.auth.AuthControllerComponentTest   : Running with Spring Boot v3.2.5, Spring v6.1.6
2026-07-12T20:48:18.514+03:00  INFO 32166 --- [auth-service-test] [           main] c.eir.auth.AuthControllerComponentTest   : The following 1 profile is active: "test"
2026-07-12T20:48:18.561+03:00  INFO 32166 --- [auth-service-test] [           main] .s.d.r.c.RepositoryConfigurationDelegate : Multiple Spring Data modules found, entering strict repository configuration mode
2026-07-12T20:48:18.562+03:00  INFO 32166 --- [auth-service-test] [           main] .s.d.r.c.RepositoryConfigurationDelegate : Bootstrapping Spring Data JPA repositories in DEFAULT mode.
2026-07-12T20:48:18.564+03:00  INFO 32166 --- [auth-service-test] [           main] .s.d.r.c.RepositoryConfigurationDelegate : Finished Spring Data repository scanning in 2 ms. Found 2 JPA repository interfaces.
2026-07-12T20:48:18.565+03:00  INFO 32166 --- [auth-service-test] [           main] .s.d.r.c.RepositoryConfigurationDelegate : Multiple Spring Data modules found, entering strict repository configuration mode
2026-07-12T20:48:18.565+03:00  INFO 32166 --- [auth-service-test] [           main] .s.d.r.c.RepositoryConfigurationDelegate : Bootstrapping Spring Data Redis repositories in DEFAULT mode.
2026-07-12T20:48:18.566+03:00  INFO 32166 --- [auth-service-test] [           main] .RepositoryConfigurationExtensionSupport : Spring Data Redis - Could not safely identify store assignment for repository candidate interface com.eir.auth.repository.RoleRepository; If you want this repository to be a Redis repository, consider annotating your entities with one of these annotations: org.springframework.data.redis.core.RedisHash (preferred), or consider extending one of the following types with your repository: org.springframework.data.keyvalue.repository.KeyValueRepository
2026-07-12T20:48:18.566+03:00  INFO 32166 --- [auth-service-test] [           main] .RepositoryConfigurationExtensionSupport : Spring Data Redis - Could not safely identify store assignment for repository candidate interface com.eir.auth.repository.UserRepository; If you want this repository to be a Redis repository, consider annotating your entities with one of these annotations: org.springframework.data.redis.core.RedisHash (preferred), or consider extending one of the following types with your repository: org.springframework.data.keyvalue.repository.KeyValueRepository
2026-07-12T20:48:18.566+03:00  INFO 32166 --- [auth-service-test] [           main] .s.d.r.c.RepositoryConfigurationDelegate : Finished Spring Data repository scanning in 0 ms. Found 0 Redis repository interfaces.
2026-07-12T20:48:18.579+03:00  INFO 32166 --- [auth-service-test] [           main] o.s.cloud.context.scope.GenericScope     : BeanFactory id=cdf54c95-710a-3cfe-b550-65ac6ca20ef2
2026-07-12T20:48:18.586+03:00  WARN 32166 --- [auth-service-test] [           main] trationDelegate$BeanPostProcessorChecker : Bean 'org.springframework.cloud.client.loadbalancer.LoadBalancerAutoConfiguration$DeferringLoadBalancerInterceptorConfig' of type [org.springframework.cloud.client.loadbalancer.LoadBalancerAutoConfiguration$DeferringLoadBalancerInterceptorConfig] is not eligible for getting processed by all BeanPostProcessors (for example: not eligible for auto-proxying). The currently created BeanPostProcessor [lbRestClientPostProcessor] is declared through a non-static factory method on that class; consider declaring it as static instead.
2026-07-12T20:48:18.587+03:00  WARN 32166 --- [auth-service-test] [           main] trationDelegate$BeanPostProcessorChecker : Bean 'deferringLoadBalancerInterceptor' of type [org.springframework.cloud.client.loadbalancer.DeferringLoadBalancerInterceptor] is not eligible for getting processed by all BeanPostProcessors (for example: not eligible for auto-proxying). Is this bean getting eagerly injected into a currently created BeanPostProcessor [lbRestClientPostProcessor]? Check the corresponding BeanPostProcessor declaration and its dependencies.
2026-07-12T20:48:18.594+03:00  INFO 32166 --- [auth-service-test] [           main] o.s.b.w.embedded.tomcat.TomcatWebServer  : Tomcat initialized with port 0 (http)
2026-07-12T20:48:18.595+03:00  INFO 32166 --- [auth-service-test] [           main] o.apache.catalina.core.StandardService   : Starting service [Tomcat]
2026-07-12T20:48:18.595+03:00  INFO 32166 --- [auth-service-test] [           main] o.apache.catalina.core.StandardEngine    : Starting Servlet engine: [Apache Tomcat/10.1.20]
2026-07-12T20:48:18.602+03:00  INFO 32166 --- [auth-service-test] [           main] o.a.c.c.C.[Tomcat].[localhost].[/]       : Initializing Spring embedded WebApplicationContext
2026-07-12T20:48:18.602+03:00  INFO 32166 --- [auth-service-test] [           main] w.s.c.ServletWebServerApplicationContext : Root WebApplicationContext: initialization completed in 88 ms
2026-07-12T20:48:18.616+03:00  INFO 32166 --- [auth-service-test] [           main] com.zaxxer.hikari.HikariDataSource       : HikariPool-27 - Starting...
2026-07-12T20:48:18.617+03:00  INFO 32166 --- [auth-service-test] [           main] com.zaxxer.hikari.pool.HikariPool        : HikariPool-27 - Added connection conn260: url=jdbc:h2:mem:eir_auth user=SA
2026-07-12T20:48:18.617+03:00  INFO 32166 --- [auth-service-test] [           main] com.zaxxer.hikari.HikariDataSource       : HikariPool-27 - Start completed.
2026-07-12T20:48:18.617+03:00  INFO 32166 --- [auth-service-test] [           main] org.flywaydb.core.FlywayExecutor         : Database: jdbc:h2:mem:eir_auth (H2 2.2)
2026-07-12T20:48:18.619+03:00  INFO 32166 --- [auth-service-test] [           main] o.f.core.internal.command.DbValidate     : Successfully validated 1 migration (execution time 00:00.000s)
2026-07-12T20:48:18.620+03:00  INFO 32166 --- [auth-service-test] [           main] o.f.core.internal.command.DbMigrate      : Current version of schema "public": 2
2026-07-12T20:48:18.620+03:00  INFO 32166 --- [auth-service-test] [           main] o.f.core.internal.command.DbMigrate      : Schema "public" is up to date. No migration necessary.
2026-07-12T20:48:18.625+03:00  INFO 32166 --- [auth-service-test] [           main] o.hibernate.jpa.internal.util.LogHelper  : HHH000204: Processing PersistenceUnitInfo [name: default]
2026-07-12T20:48:18.626+03:00  INFO 32166 --- [auth-service-test] [           main] o.h.c.internal.RegionFactoryInitiator    : HHH000026: Second-level cache disabled
2026-07-12T20:48:18.628+03:00  INFO 32166 --- [auth-service-test] [           main] o.s.o.j.p.SpringPersistenceUnitInfo      : No LoadTimeWeaver setup: ignoring JPA class transformer
2026-07-12T20:48:18.628+03:00  WARN 32166 --- [auth-service-test] [           main] org.hibernate.orm.deprecation            : HHH90000025: H2Dialect does not need to be specified explicitly using 'hibernate.dialect' (remove the property setting and it will be selected by default)
2026-07-12T20:48:18.648+03:00  INFO 32166 --- [auth-service-test] [           main] o.h.e.t.j.p.i.JtaPlatformInitiator       : HHH000489: No JTA platform available (set 'hibernate.transaction.jta.platform' to enable JTA platform integration)
2026-07-12T20:48:18.649+03:00  INFO 32166 --- [auth-service-test] [           main] j.LocalContainerEntityManagerFactoryBean : Initialized JPA EntityManagerFactory for persistence unit 'default'
2026-07-12T20:48:18.666+03:00  WARN 32166 --- [auth-service-test] [           main] JpaBaseConfiguration$JpaWebConfiguration : spring.jpa.open-in-view is enabled by default. Therefore, database queries may be performed during view rendering. Explicitly configure spring.jpa.open-in-view to disable this warning
2026-07-12T20:48:18.668+03:00  WARN 32166 --- [auth-service-test] [           main] .s.s.UserDetailsServiceAutoConfiguration : 

Using generated security password: c84fc94d-13e4-4ea5-b916-af46aa921ae7

This generated password is for development use only. Your security configuration must be updated before running your application in production.

2026-07-12T20:48:18.685+03:00  INFO 32166 --- [auth-service-test] [           main] o.s.s.web.DefaultSecurityFilterChain     : Will secure any request with [org.springframework.security.web.session.DisableEncodeUrlFilter@7827cb2b, org.springframework.security.web.context.request.async.WebAsyncManagerIntegrationFilter@6ea90031, org.springframework.security.web.context.SecurityContextHolderFilter@4706f75c, org.springframework.security.web.header.HeaderWriterFilter@46011225, org.springframework.web.filter.CorsFilter@6bf5af2f, org.springframework.security.web.authentication.logout.LogoutFilter@407adc52, org.springframework.security.web.savedrequest.RequestCacheAwareFilter@55a667ca, org.springframework.security.web.servletapi.SecurityContextHolderAwareRequestFilter@1b78c761, org.springframework.security.web.authentication.AnonymousAuthenticationFilter@47dd258c, org.springframework.security.web.session.SessionManagementFilter@35a3d8c1, org.springframework.security.web.access.ExceptionTranslationFilter@34e4dacc, org.springframework.security.web.access.intercept.AuthorizationFilter@7b1af3de]
2026-07-12T20:48:18.706+03:00  INFO 32166 --- [auth-service-test] [           main] o.a.c.c.C.[Tomcat].[localhost].[/]       : Initializing Spring TestDispatcherServlet ''
2026-07-12T20:48:18.706+03:00  INFO 32166 --- [auth-service-test] [           main] o.s.t.web.servlet.TestDispatcherServlet  : Initializing Servlet ''
2026-07-12T20:48:18.706+03:00  INFO 32166 --- [auth-service-test] [           main] o.s.t.web.servlet.TestDispatcherServlet  : Completed initialization in 0 ms
2026-07-12T20:48:18.716+03:00  INFO 32166 --- [auth-service-test] [           main] DiscoveryClientOptionalArgsConfiguration : Eureka HTTP Client uses RestTemplate.
2026-07-12T20:48:18.720+03:00  WARN 32166 --- [auth-service-test] [           main] iguration$LoadBalancerCaffeineWarnLogger : Spring Cloud LoadBalancer is currently working with the default cache. While this cache implementation is useful for development and tests, it's recommended to use Caffeine cache in production.You can switch to using Caffeine cache, by adding it and org.springframework.cache.caffeine.CaffeineCacheManager to the classpath.
2026-07-12T20:48:18.725+03:00  INFO 32166 --- [auth-service-test] [           main] o.s.b.w.embedded.tomcat.TomcatWebServer  : Tomcat started on port 37329 (http) with context path ''
2026-07-12T20:48:18.730+03:00  INFO 32166 --- [auth-service-test] [           main] c.eir.auth.AuthControllerComponentTest   : Started AuthControllerComponentTest in 0.231 seconds (process running for 21.196)
2026-07-12T20:48:18.734+03:00 DEBUG 32166 --- [auth-service-test] [           main] org.hibernate.SQL                        : 
    select
        u1_0.id,
        u1_0.created_at,
        u1_0.email,
        u1_0.enabled,
        u1_0.first_name,
        u1_0.identity_number,
        u1_0.last_name,
        u1_0.password,
        u1_0.phone,
        u1_0.updated_at 
    from
        users u1_0
Hibernate: 
    select
        u1_0.id,
        u1_0.created_at,
        u1_0.email,
        u1_0.enabled,
        u1_0.first_name,
        u1_0.identity_number,
        u1_0.last_name,
        u1_0.password,
        u1_0.phone,
        u1_0.updated_at 
    from
        users u1_0
2026-07-12T20:48:18.735+03:00 DEBUG 32166 --- [auth-service-test] [           main] org.hibernate.SQL                        : 
    select
        r1_0.user_id,
        r1_1.id,
        r1_1.description,
        r1_1.name,
        p1_0.role_id,
        p1_1.id,
        p1_1.name 
    from
        user_roles r1_0 
    join
        roles r1_1 
            on r1_1.id=r1_0.role_id 
    left join
        role_permissions p1_0 
            on r1_1.id=p1_0.role_id 
    left join
        permissions p1_1 
            on p1_1.id=p1_0.permission_id 
    where
        r1_0.user_id=?
Hibernate: 
    select
        r1_0.user_id,
        r1_1.id,
        r1_1.description,
        r1_1.name,
        p1_0.role_id,
        p1_1.id,
        p1_1.name 
    from
        user_roles r1_0 
    join
        roles r1_1 
            on r1_1.id=r1_0.role_id 
    left join
        role_permissions p1_0 
            on r1_1.id=p1_0.role_id 
    left join
        permissions p1_1 
            on p1_1.id=p1_0.permission_id 
    where
        r1_0.user_id=?
2026-07-12T20:48:18.735+03:00 DEBUG 32166 --- [auth-service-test] [           main] org.hibernate.SQL                        : 
    select
        r1_0.user_id,
        r1_1.id,
        r1_1.description,
        r1_1.name,
        p1_0.role_id,
        p1_1.id,
        p1_1.name 
    from
        user_roles r1_0 
    join
        roles r1_1 
            on r1_1.id=r1_0.role_id 
    left join
        role_permissions p1_0 
            on r1_1.id=p1_0.role_id 
    left join
        permissions p1_1 
            on p1_1.id=p1_0.permission_id 
    where
        r1_0.user_id=?
Hibernate: 
    select
        r1_0.user_id,
        r1_1.id,
        r1_1.description,
        r1_1.name,
        p1_0.role_id,
        p1_1.id,
        p1_1.name 
    from
        user_roles r1_0 
    join
        roles r1_1 
            on r1_1.id=r1_0.role_id 
    left join
        role_permissions p1_0 
            on r1_1.id=p1_0.role_id 
    left join
        permissions p1_1 
            on p1_1.id=p1_0.permission_id 
    where
        r1_0.user_id=?
2026-07-12T20:48:18.736+03:00 DEBUG 32166 --- [auth-service-test] [           main] org.hibernate.SQL                        : 
    delete 
    from
        user_roles 
    where
        user_id=?
Hibernate: 
    delete 
    from
        user_roles 
    where
        user_id=?
2026-07-12T20:48:18.736+03:00 DEBUG 32166 --- [auth-service-test] [           main] org.hibernate.SQL                        : 
    delete 
    from
        user_roles 
    where
        user_id=?
Hibernate: 
    delete 
    from
        user_roles 
    where
        user_id=?
2026-07-12T20:48:18.736+03:00 DEBUG 32166 --- [auth-service-test] [           main] org.hibernate.SQL                        : 
    delete 
    from
        users 
    where
        id=?
Hibernate: 
    delete 
    from
        users 
    where
        id=?
2026-07-12T20:48:18.736+03:00 DEBUG 32166 --- [auth-service-test] [           main] org.hibernate.SQL                        : 
    delete 
    from
        users 
    where
        id=?
Hibernate: 
    delete 
    from
        users 
    where
        id=?
2026-07-12T20:48:18.738+03:00 DEBUG 32166 --- [auth-service-test] [           main] org.hibernate.SQL                        : 
    select
        r1_0.id,
        r1_0.description,
        r1_0.name 
    from
        roles r1_0 
    where
        r1_0.name=?
Hibernate: 
    select
        r1_0.id,
        r1_0.description,
        r1_0.name 
    from
        roles r1_0 
    where
        r1_0.name=?
2026-07-12T20:48:18.738+03:00 DEBUG 32166 --- [auth-service-test] [           main] org.hibernate.SQL                        : 
    select
        p1_0.role_id,
        p1_1.id,
        p1_1.name 
    from
        role_permissions p1_0 
    join
        permissions p1_1 
            on p1_1.id=p1_0.permission_id 
    where
        p1_0.role_id=?
Hibernate: 
    select
        p1_0.role_id,
        p1_1.id,
        p1_1.name 
    from
        role_permissions p1_0 
    join
        permissions p1_1 
            on p1_1.id=p1_0.permission_id 
    where
        p1_0.role_id=?
2026-07-12T20:48:18.739+03:00 DEBUG 32166 --- [auth-service-test] [           main] org.hibernate.SQL                        : 
    select
        r1_0.id,
        r1_0.description,
        r1_0.name 
    from
        roles r1_0 
    where
        r1_0.name=?
Hibernate: 
    select
        r1_0.id,
        r1_0.description,
        r1_0.name 
    from
        roles r1_0 
    where
        r1_0.name=?
2026-07-12T20:48:18.739+03:00 DEBUG 32166 --- [auth-service-test] [           main] org.hibernate.SQL                        : 
    select
        p1_0.role_id,
        p1_1.id,
        p1_1.name 
    from
        role_permissions p1_0 
    join
        permissions p1_1 
            on p1_1.id=p1_0.permission_id 
    where
        p1_0.role_id=?
Hibernate: 
    select
        p1_0.role_id,
        p1_1.id,
        p1_1.name 
    from
        role_permissions p1_0 
    join
        permissions p1_1 
            on p1_1.id=p1_0.permission_id 
    where
        p1_0.role_id=?
2026-07-12T20:48:18.740+03:00 DEBUG 32166 --- [auth-service-test] [           main] org.hibernate.SQL                        : 
    select
        r1_0.id,
        r1_0.description,
        r1_0.name 
    from
        roles r1_0 
    where
        r1_0.name=?
Hibernate: 
    select
        r1_0.id,
        r1_0.description,
        r1_0.name 
    from
        roles r1_0 
    where
        r1_0.name=?
2026-07-12T20:48:18.740+03:00 DEBUG 32166 --- [auth-service-test] [           main] org.hibernate.SQL                        : 
    select
        p1_0.role_id,
        p1_1.id,
        p1_1.name 
    from
        role_permissions p1_0 
    join
        permissions p1_1 
            on p1_1.id=p1_0.permission_id 
    where
        p1_0.role_id=?
Hibernate: 
    select
        p1_0.role_id,
        p1_1.id,
        p1_1.name 
    from
        role_permissions p1_0 
    join
        permissions p1_1 
            on p1_1.id=p1_0.permission_id 
    where
        p1_0.role_id=?
2026-07-12T20:48:18.740+03:00 DEBUG 32166 --- [auth-service-test] [           main] org.hibernate.SQL                        : 
    select
        r1_0.id,
        r1_0.description,
        r1_0.name 
    from
        roles r1_0 
    where
        r1_0.name=?
Hibernate: 
    select
        r1_0.id,
        r1_0.description,
        r1_0.name 
    from
        roles r1_0 
    where
        r1_0.name=?
2026-07-12T20:48:18.741+03:00 DEBUG 32166 --- [auth-service-test] [           main] org.hibernate.SQL                        : 
    select
        p1_0.role_id,
        p1_1.id,
        p1_1.name 
    from
        role_permissions p1_0 
    join
        permissions p1_1 
            on p1_1.id=p1_0.permission_id 
    where
        p1_0.role_id=?
Hibernate: 
    select
        p1_0.role_id,
        p1_1.id,
        p1_1.name 
    from
        role_permissions p1_0 
    join
        permissions p1_1 
            on p1_1.id=p1_0.permission_id 
    where
        p1_0.role_id=?
2026-07-12T20:48:18.741+03:00 DEBUG 32166 --- [auth-service-test] [           main] org.hibernate.SQL                        : 
    select
        u1_0.id,
        u1_0.created_at,
        u1_0.email,
        u1_0.enabled,
        u1_0.first_name,
        u1_0.identity_number,
        u1_0.last_name,
        u1_0.password,
        u1_0.phone,
        u1_0.updated_at 
    from
        users u1_0 
    where
        u1_0.email=?
Hibernate: 
    select
        u1_0.id,
        u1_0.created_at,
        u1_0.email,
        u1_0.enabled,
        u1_0.first_name,
        u1_0.identity_number,
        u1_0.last_name,
        u1_0.password,
        u1_0.phone,
        u1_0.updated_at 
    from
        users u1_0 
    where
        u1_0.email=?
2026-07-12T20:48:18.802+03:00 DEBUG 32166 --- [auth-service-test] [           main] org.hibernate.SQL                        : 
    insert 
    into
        users
        (created_at, email, enabled, first_name, identity_number, last_name, password, phone, updated_at, id) 
    values
        (?, ?, ?, ?, ?, ?, ?, ?, ?, default)
Hibernate: 
    insert 
    into
        users
        (created_at, email, enabled, first_name, identity_number, last_name, password, phone, updated_at, id) 
    values
        (?, ?, ?, ?, ?, ?, ?, ?, ?, default)
2026-07-12T20:48:18.803+03:00 DEBUG 32166 --- [auth-service-test] [           main] org.hibernate.SQL                        : 
    insert 
    into
        user_roles
        (user_id, role_id) 
    values
        (?, ?)
Hibernate: 
    insert 
    into
        user_roles
        (user_id, role_id) 
    values
        (?, ?)
2026-07-12T20:48:18.803+03:00 DEBUG 32166 --- [auth-service-test] [           main] org.hibernate.SQL                        : 
    insert 
    into
        user_roles
        (user_id, role_id) 
    values
        (?, ?)
Hibernate: 
    insert 
    into
        user_roles
        (user_id, role_id) 
    values
        (?, ?)
2026-07-12T20:48:18.804+03:00 DEBUG 32166 --- [auth-service-test] [           main] org.hibernate.SQL                        : 
    select
        r1_0.id,
        r1_0.description,
        r1_0.name 
    from
        roles r1_0 
    where
        r1_0.name=?
Hibernate: 
    select
        r1_0.id,
        r1_0.description,
        r1_0.name 
    from
        roles r1_0 
    where
        r1_0.name=?
2026-07-12T20:48:18.804+03:00 DEBUG 32166 --- [auth-service-test] [           main] org.hibernate.SQL                        : 
    select
        p1_0.role_id,
        p1_1.id,
        p1_1.name 
    from
        role_permissions p1_0 
    join
        permissions p1_1 
            on p1_1.id=p1_0.permission_id 
    where
        p1_0.role_id=?
Hibernate: 
    select
        p1_0.role_id,
        p1_1.id,
        p1_1.name 
    from
        role_permissions p1_0 
    join
        permissions p1_1 
            on p1_1.id=p1_0.permission_id 
    where
        p1_0.role_id=?
2026-07-12T20:48:18.805+03:00 DEBUG 32166 --- [auth-service-test] [           main] org.hibernate.SQL                        : 
    select
        r1_0.id,
        r1_0.description,
        r1_0.name 
    from
        roles r1_0 
    where
        r1_0.name=?
Hibernate: 
    select
        r1_0.id,
        r1_0.description,
        r1_0.name 
    from
        roles r1_0 
    where
        r1_0.name=?
2026-07-12T20:48:18.805+03:00 DEBUG 32166 --- [auth-service-test] [           main] org.hibernate.SQL                        : 
    select
        p1_0.role_id,
        p1_1.id,
        p1_1.name 
    from
        role_permissions p1_0 
    join
        permissions p1_1 
            on p1_1.id=p1_0.permission_id 
    where
        p1_0.role_id=?
Hibernate: 
    select
        p1_0.role_id,
        p1_1.id,
        p1_1.name 
    from
        role_permissions p1_0 
    join
        permissions p1_1 
            on p1_1.id=p1_0.permission_id 
    where
        p1_0.role_id=?
2026-07-12T20:48:18.806+03:00 DEBUG 32166 --- [auth-service-test] [           main] o.s.security.web.FilterChainProxy        : Securing POST /api/auth/register
2026-07-12T20:48:18.806+03:00 DEBUG 32166 --- [auth-service-test] [           main] o.s.s.w.a.AnonymousAuthenticationFilter  : Set SecurityContextHolder to anonymous SecurityContext
2026-07-12T20:48:18.806+03:00 DEBUG 32166 --- [auth-service-test] [           main] o.s.security.web.FilterChainProxy        : Secured POST /api/auth/register
2026-07-12T20:48:18.814+03:00  INFO 32166 --- [auth-service-test] [           main] j.LocalContainerEntityManagerFactoryBean : Closing JPA EntityManagerFactory for persistence unit 'default'
2026-07-12T20:48:18.814+03:00  INFO 32166 --- [auth-service-test] [           main] com.zaxxer.hikari.HikariDataSource       : HikariPool-27 - Shutdown initiated...
2026-07-12T20:48:18.814+03:00  INFO 32166 --- [auth-service-test] [           main] com.zaxxer.hikari.HikariDataSource       : HikariPool-27 - Shutdown completed.
]]></system-out>
  </testcase>
  <testcase name="login_nonexistentEmail_returns401" classname="com.eir.auth.AuthControllerComponentTest" time="0.078">
    <system-out><![CDATA[
  .   ____          _            __ _ _
 /\\ / ___'_ __ _ _(_)_ __  __ _ \ \ \ \
( ( )\___ | '_ | '_| | '_ \/ _` | \ \ \ \
 \\/  ___)| |_)| | | | | || (_| |  ) ) ) )
  '  |____| .__|_| |_|_| |_\__, | / / / /
 =========|_|==============|___/=/_/_/_/
 :: Spring Boot ::                (v3.2.5)

2026-07-12T20:48:18.834+03:00  INFO 32166 --- [auth-service-test] [           main] c.eir.auth.AuthControllerComponentTest   : Starting AuthControllerComponentTest using Java 21.0.10 with PID 32166 (started by daisy in /home/daisy/IdeaProjects/ProjectEir/Eir/ProjectEir/auth-service)
2026-07-12T20:48:18.834+03:00 DEBUG 32166 --- [auth-service-test] [           main] c.eir.auth.AuthControllerComponentTest   : Running with Spring Boot v3.2.5, Spring v6.1.6
2026-07-12T20:48:18.834+03:00  INFO 32166 --- [auth-service-test] [           main] c.eir.auth.AuthControllerComponentTest   : The following 1 profile is active: "test"
2026-07-12T20:48:18.894+03:00  INFO 32166 --- [auth-service-test] [           main] .s.d.r.c.RepositoryConfigurationDelegate : Multiple Spring Data modules found, entering strict repository configuration mode
2026-07-12T20:48:18.894+03:00  INFO 32166 --- [auth-service-test] [           main] .s.d.r.c.RepositoryConfigurationDelegate : Bootstrapping Spring Data JPA repositories in DEFAULT mode.
2026-07-12T20:48:18.898+03:00  INFO 32166 --- [auth-service-test] [           main] .s.d.r.c.RepositoryConfigurationDelegate : Finished Spring Data repository scanning in 3 ms. Found 2 JPA repository interfaces.
2026-07-12T20:48:18.899+03:00  INFO 32166 --- [auth-service-test] [           main] .s.d.r.c.RepositoryConfigurationDelegate : Multiple Spring Data modules found, entering strict repository configuration mode
2026-07-12T20:48:18.899+03:00  INFO 32166 --- [auth-service-test] [           main] .s.d.r.c.RepositoryConfigurationDelegate : Bootstrapping Spring Data Redis repositories in DEFAULT mode.
[...]
2026-07-12T20:48:21.399+03:00  INFO 32166 --- [auth-service-test] [           main] .RepositoryConfigurationExtensionSupport : Spring Data Redis - Could not safely identify store assignment for repository candidate interface com.eir.auth.repository.UserRepository; If you want this repository to be a Redis repository, consider annotating your entities with one of these annotations: org.springframework.data.redis.core.RedisHash (preferred), or consider extending one of the following types with your repository: org.springframework.data.keyvalue.repository.KeyValueRepository
2026-07-12T20:48:21.399+03:00  INFO 32166 --- [auth-service-test] [           main] .s.d.r.c.RepositoryConfigurationDelegate : Finished Spring Data repository scanning in 0 ms. Found 0 Redis repository interfaces.
2026-07-12T20:48:21.415+03:00  INFO 32166 --- [auth-service-test] [           main] o.s.cloud.context.scope.GenericScope     : BeanFactory id=cdf54c95-710a-3cfe-b550-65ac6ca20ef2
2026-07-12T20:48:21.422+03:00  WARN 32166 --- [auth-service-test] [           main] trationDelegate$BeanPostProcessorChecker : Bean 'org.springframework.cloud.client.loadbalancer.LoadBalancerAutoConfiguration$DeferringLoadBalancerInterceptorConfig' of type [org.springframework.cloud.client.loadbalancer.LoadBalancerAutoConfiguration$DeferringLoadBalancerInterceptorConfig] is not eligible for getting processed by all BeanPostProcessors (for example: not eligible for auto-proxying). The currently created BeanPostProcessor [lbRestClientPostProcessor] is declared through a non-static factory method on that class; consider declaring it as static instead.
2026-07-12T20:48:21.422+03:00  WARN 32166 --- [auth-service-test] [           main] trationDelegate$BeanPostProcessorChecker : Bean 'deferringLoadBalancerInterceptor' of type [org.springframework.cloud.client.loadbalancer.DeferringLoadBalancerInterceptor] is not eligible for getting processed by all BeanPostProcessors (for example: not eligible for auto-proxying). Is this bean getting eagerly injected into a currently created BeanPostProcessor [lbRestClientPostProcessor]? Check the corresponding BeanPostProcessor declaration and its dependencies.
2026-07-12T20:48:21.430+03:00  INFO 32166 --- [auth-service-test] [           main] o.s.b.w.embedded.tomcat.TomcatWebServer  : Tomcat initialized with port 0 (http)
2026-07-12T20:48:21.430+03:00  INFO 32166 --- [auth-service-test] [           main] o.apache.catalina.core.StandardService   : Starting service [Tomcat]
2026-07-12T20:48:21.430+03:00  INFO 32166 --- [auth-service-test] [           main] o.apache.catalina.core.StandardEngine    : Starting Servlet engine: [Apache Tomcat/10.1.20]
2026-07-12T20:48:21.437+03:00  INFO 32166 --- [auth-service-test] [           main] o.a.c.c.C.[Tomcat].[localhost].[/]       : Initializing Spring embedded WebApplicationContext
2026-07-12T20:48:21.438+03:00  INFO 32166 --- [auth-service-test] [           main] w.s.c.ServletWebServerApplicationContext : Root WebApplicationContext: initialization completed in 90 ms
2026-07-12T20:48:21.452+03:00  INFO 32166 --- [auth-service-test] [           main] com.zaxxer.hikari.HikariDataSource       : HikariPool-35 - Starting...
2026-07-12T20:48:21.453+03:00  INFO 32166 --- [auth-service-test] [           main] com.zaxxer.hikari.pool.HikariPool        : HikariPool-35 - Added connection conn340: url=jdbc:h2:mem:eir_auth user=SA
2026-07-12T20:48:21.453+03:00  INFO 32166 --- [auth-service-test] [           main] com.zaxxer.hikari.HikariDataSource       : HikariPool-35 - Start completed.
2026-07-12T20:48:21.453+03:00  INFO 32166 --- [auth-service-test] [           main] org.flywaydb.core.FlywayExecutor         : Database: jdbc:h2:mem:eir_auth (H2 2.2)
2026-07-12T20:48:21.455+03:00  INFO 32166 --- [auth-service-test] [           main] o.f.core.internal.command.DbValidate     : Successfully validated 1 migration (execution time 00:00.000s)
2026-07-12T20:48:21.455+03:00  INFO 32166 --- [auth-service-test] [           main] o.f.core.internal.command.DbMigrate      : Current version of schema "public": 2
2026-07-12T20:48:21.455+03:00  INFO 32166 --- [auth-service-test] [           main] o.f.core.internal.command.DbMigrate      : Schema "public" is up to date. No migration necessary.
2026-07-12T20:48:21.461+03:00  INFO 32166 --- [auth-service-test] [           main] o.hibernate.jpa.internal.util.LogHelper  : HHH000204: Processing PersistenceUnitInfo [name: default]
2026-07-12T20:48:21.461+03:00  INFO 32166 --- [auth-service-test] [           main] o.h.c.internal.RegionFactoryInitiator    : HHH000026: Second-level cache disabled
2026-07-12T20:48:21.463+03:00  INFO 32166 --- [auth-service-test] [           main] o.s.o.j.p.SpringPersistenceUnitInfo      : No LoadTimeWeaver setup: ignoring JPA class transformer
2026-07-12T20:48:21.463+03:00  WARN 32166 --- [auth-service-test] [           main] org.hibernate.orm.deprecation            : HHH90000025: H2Dialect does not need to be specified explicitly using 'hibernate.dialect' (remove the property setting and it will be selected by default)
2026-07-12T20:48:21.481+03:00  INFO 32166 --- [auth-service-test] [           main] o.h.e.t.j.p.i.JtaPlatformInitiator       : HHH000489: No JTA platform available (set 'hibernate.transaction.jta.platform' to enable JTA platform integration)
2026-07-12T20:48:21.482+03:00  INFO 32166 --- [auth-service-test] [           main] j.LocalContainerEntityManagerFactoryBean : Initialized JPA EntityManagerFactory for persistence unit 'default'
2026-07-12T20:48:21.497+03:00  WARN 32166 --- [auth-service-test] [           main] JpaBaseConfiguration$JpaWebConfiguration : spring.jpa.open-in-view is enabled by default. Therefore, database queries may be performed during view rendering. Explicitly configure spring.jpa.open-in-view to disable this warning
2026-07-12T20:48:21.499+03:00  WARN 32166 --- [auth-service-test] [           main] .s.s.UserDetailsServiceAutoConfiguration : 

Using generated security password: 50909d85-eab6-4341-aedb-72a1a6b378e4

This generated password is for development use only. Your security configuration must be updated before running your application in production.

2026-07-12T20:48:21.517+03:00  INFO 32166 --- [auth-service-test] [           main] o.s.s.web.DefaultSecurityFilterChain     : Will secure any request with [org.springframework.security.web.session.DisableEncodeUrlFilter@71c22cd5, org.springframework.security.web.context.request.async.WebAsyncManagerIntegrationFilter@4749f9b, org.springframework.security.web.context.SecurityContextHolderFilter@248dbf56, org.springframework.security.web.header.HeaderWriterFilter@5d2ca12b, org.springframework.web.filter.CorsFilter@64b28d1a, org.springframework.security.web.authentication.logout.LogoutFilter@68b3ae18, org.springframework.security.web.savedrequest.RequestCacheAwareFilter@d63408d, org.springframework.security.web.servletapi.SecurityContextHolderAwareRequestFilter@35fe8df3, org.springframework.security.web.authentication.AnonymousAuthenticationFilter@41396076, org.springframework.security.web.session.SessionManagementFilter@d932e92, org.springframework.security.web.access.ExceptionTranslationFilter@9241c66, org.springframework.security.web.access.intercept.AuthorizationFilter@3e1377a5]
2026-07-12T20:48:21.539+03:00  INFO 32166 --- [auth-service-test] [           main] o.a.c.c.C.[Tomcat].[localhost].[/]       : Initializing Spring TestDispatcherServlet ''
2026-07-12T20:48:21.539+03:00  INFO 32166 --- [auth-service-test] [           main] o.s.t.web.servlet.TestDispatcherServlet  : Initializing Servlet ''
2026-07-12T20:48:21.539+03:00  INFO 32166 --- [auth-service-test] [           main] o.s.t.web.servlet.TestDispatcherServlet  : Completed initialization in 0 ms
2026-07-12T20:48:21.550+03:00  INFO 32166 --- [auth-service-test] [           main] DiscoveryClientOptionalArgsConfiguration : Eureka HTTP Client uses RestTemplate.
2026-07-12T20:48:21.554+03:00  WARN 32166 --- [auth-service-test] [           main] iguration$LoadBalancerCaffeineWarnLogger : Spring Cloud LoadBalancer is currently working with the default cache. While this cache implementation is useful for development and tests, it's recommended to use Caffeine cache in production.You can switch to using Caffeine cache, by adding it and org.springframework.cache.caffeine.CaffeineCacheManager to the classpath.
2026-07-12T20:48:21.558+03:00  INFO 32166 --- [auth-service-test] [           main] o.s.b.w.embedded.tomcat.TomcatWebServer  : Tomcat started on port 38535 (http) with context path ''
2026-07-12T20:48:21.568+03:00  INFO 32166 --- [auth-service-test] [           main] c.eir.auth.AuthControllerComponentTest   : Started AuthControllerComponentTest in 0.24 seconds (process running for 24.034)
2026-07-12T20:48:21.571+03:00 DEBUG 32166 --- [auth-service-test] [           main] org.hibernate.SQL                        : 
    select
        u1_0.id,
        u1_0.created_at,
        u1_0.email,
        u1_0.enabled,
        u1_0.first_name,
        u1_0.identity_number,
        u1_0.last_name,
        u1_0.password,
        u1_0.phone,
        u1_0.updated_at 
    from
        users u1_0
Hibernate: 
    select
        u1_0.id,
        u1_0.created_at,
        u1_0.email,
        u1_0.enabled,
        u1_0.first_name,
        u1_0.identity_number,
        u1_0.last_name,
        u1_0.password,
        u1_0.phone,
        u1_0.updated_at 
    from
        users u1_0
2026-07-12T20:48:21.572+03:00 DEBUG 32166 --- [auth-service-test] [           main] org.hibernate.SQL                        : 
    select
        r1_0.user_id,
        r1_1.id,
        r1_1.description,
        r1_1.name,
        p1_0.role_id,
        p1_1.id,
        p1_1.name 
    from
        user_roles r1_0 
    join
        roles r1_1 
            on r1_1.id=r1_0.role_id 
    left join
        role_permissions p1_0 
            on r1_1.id=p1_0.role_id 
    left join
        permissions p1_1 
            on p1_1.id=p1_0.permission_id 
    where
        r1_0.user_id=?
Hibernate: 
    select
        r1_0.user_id,
        r1_1.id,
        r1_1.description,
        r1_1.name,
        p1_0.role_id,
        p1_1.id,
        p1_1.name 
    from
        user_roles r1_0 
    join
        roles r1_1 
            on r1_1.id=r1_0.role_id 
    left join
        role_permissions p1_0 
            on r1_1.id=p1_0.role_id 
    left join
        permissions p1_1 
            on p1_1.id=p1_0.permission_id 
    where
        r1_0.user_id=?
2026-07-12T20:48:21.573+03:00 DEBUG 32166 --- [auth-service-test] [           main] org.hibernate.SQL                        : 
    delete 
    from
        user_roles 
    where
        user_id=?
Hibernate: 
    delete 
    from
        user_roles 
    where
        user_id=?
2026-07-12T20:48:21.573+03:00 DEBUG 32166 --- [auth-service-test] [           main] org.hibernate.SQL                        : 
    delete 
    from
        users 
    where
        id=?
Hibernate: 
    delete 
    from
        users 
    where
        id=?
2026-07-12T20:48:21.574+03:00 DEBUG 32166 --- [auth-service-test] [           main] org.hibernate.SQL                        : 
    select
        r1_0.id,
        r1_0.description,
        r1_0.name 
    from
        roles r1_0 
    where
        r1_0.name=?
Hibernate: 
    select
        r1_0.id,
        r1_0.description,
        r1_0.name 
    from
        roles r1_0 
    where
        r1_0.name=?
2026-07-12T20:48:21.574+03:00 DEBUG 32166 --- [auth-service-test] [           main] org.hibernate.SQL                        : 
    select
        p1_0.role_id,
        p1_1.id,
        p1_1.name 
    from
        role_permissions p1_0 
    join
        permissions p1_1 
            on p1_1.id=p1_0.permission_id 
    where
        p1_0.role_id=?
Hibernate: 
    select
        p1_0.role_id,
        p1_1.id,
        p1_1.name 
    from
        role_permissions p1_0 
    join
        permissions p1_1 
            on p1_1.id=p1_0.permission_id 
    where
        p1_0.role_id=?
2026-07-12T20:48:21.575+03:00 DEBUG 32166 --- [auth-service-test] [           main] org.hibernate.SQL                        : 
    select
        r1_0.id,
        r1_0.description,
        r1_0.name 
    from
        roles r1_0 
    where
        r1_0.name=?
Hibernate: 
    select
        r1_0.id,
        r1_0.description,
        r1_0.name 
    from
        roles r1_0 
    where
        r1_0.name=?
2026-07-12T20:48:21.575+03:00 DEBUG 32166 --- [auth-service-test] [           main] org.hibernate.SQL                        : 
    select
        p1_0.role_id,
        p1_1.id,
        p1_1.name 
    from
        role_permissions p1_0 
    join
        permissions p1_1 
            on p1_1.id=p1_0.permission_id 
    where
        p1_0.role_id=?
Hibernate: 
    select
        p1_0.role_id,
        p1_1.id,
        p1_1.name 
    from
        role_permissions p1_0 
    join
        permissions p1_1 
            on p1_1.id=p1_0.permission_id 
    where
        p1_0.role_id=?
2026-07-12T20:48:21.575+03:00 DEBUG 32166 --- [auth-service-test] [           main] org.hibernate.SQL                        : 
    select
        r1_0.id,
        r1_0.description,
        r1_0.name 
    from
        roles r1_0 
    where
        r1_0.name=?
Hibernate: 
    select
        r1_0.id,
        r1_0.description,
        r1_0.name 
    from
        roles r1_0 
    where
        r1_0.name=?
2026-07-12T20:48:21.575+03:00 DEBUG 32166 --- [auth-service-test] [           main] org.hibernate.SQL                        : 
    select
        p1_0.role_id,
        p1_1.id,
        p1_1.name 
    from
        role_permissions p1_0 
    join
        permissions p1_1 
            on p1_1.id=p1_0.permission_id 
    where
        p1_0.role_id=?
Hibernate: 
    select
        p1_0.role_id,
        p1_1.id,
        p1_1.name 
    from
        role_permissions p1_0 
    join
        permissions p1_1 
            on p1_1.id=p1_0.permission_id 
    where
        p1_0.role_id=?
2026-07-12T20:48:21.576+03:00 DEBUG 32166 --- [auth-service-test] [           main] org.hibernate.SQL                        : 
    select
        r1_0.id,
        r1_0.description,
        r1_0.name 
    from
        roles r1_0 
    where
        r1_0.name=?
Hibernate: 
    select
        r1_0.id,
        r1_0.description,
        r1_0.name 
    from
        roles r1_0 
    where
        r1_0.name=?
2026-07-12T20:48:21.576+03:00 DEBUG 32166 --- [auth-service-test] [           main] org.hibernate.SQL                        : 
    select
        p1_0.role_id,
        p1_1.id,
        p1_1.name 
    from
        role_permissions p1_0 
    join
        permissions p1_1 
            on p1_1.id=p1_0.permission_id 
    where
        p1_0.role_id=?
Hibernate: 
    select
        p1_0.role_id,
        p1_1.id,
        p1_1.name 
    from
        role_permissions p1_0 
    join
        permissions p1_1 
            on p1_1.id=p1_0.permission_id 
    where
        p1_0.role_id=?
2026-07-12T20:48:21.576+03:00 DEBUG 32166 --- [auth-service-test] [           main] org.hibernate.SQL                        : 
    select
        u1_0.id,
        u1_0.created_at,
        u1_0.email,
        u1_0.enabled,
        u1_0.first_name,
        u1_0.identity_number,
        u1_0.last_name,
        u1_0.password,
        u1_0.phone,
        u1_0.updated_at 
    from
        users u1_0 
    where
        u1_0.email=?
Hibernate: 
    select
        u1_0.id,
        u1_0.created_at,
        u1_0.email,
        u1_0.enabled,
        u1_0.first_name,
        u1_0.identity_number,
        u1_0.last_name,
        u1_0.password,
        u1_0.phone,
        u1_0.updated_at 
    from
        users u1_0 
    where
        u1_0.email=?
2026-07-12T20:48:21.633+03:00 DEBUG 32166 --- [auth-service-test] [           main] org.hibernate.SQL                        : 
    insert 
    into
        users
        (created_at, email, enabled, first_name, identity_number, last_name, password, phone, updated_at, id) 
    values
        (?, ?, ?, ?, ?, ?, ?, ?, ?, default)
Hibernate: 
    insert 
    into
        users
        (created_at, email, enabled, first_name, identity_number, last_name, password, phone, updated_at, id) 
    values
        (?, ?, ?, ?, ?, ?, ?, ?, ?, default)
2026-07-12T20:48:21.633+03:00 DEBUG 32166 --- [auth-service-test] [           main] org.hibernate.SQL                        : 
    insert 
    into
        user_roles
        (user_id, role_id) 
    values
        (?, ?)
Hibernate: 
    insert 
    into
        user_roles
        (user_id, role_id) 
    values
        (?, ?)
2026-07-12T20:48:21.634+03:00 DEBUG 32166 --- [auth-service-test] [           main] org.hibernate.SQL                        : 
    insert 
    into
        user_roles
        (user_id, role_id) 
    values
        (?, ?)
Hibernate: 
    insert 
    into
        user_roles
        (user_id, role_id) 
    values
        (?, ?)
2026-07-12T20:48:21.634+03:00 DEBUG 32166 --- [auth-service-test] [           main] org.hibernate.SQL                        : 
    select
        r1_0.id,
        r1_0.description,
        r1_0.name 
    from
        roles r1_0 
    where
        r1_0.name=?
Hibernate: 
    select
        r1_0.id,
        r1_0.description,
        r1_0.name 
    from
        roles r1_0 
    where
        r1_0.name=?
2026-07-12T20:48:21.635+03:00 DEBUG 32166 --- [auth-service-test] [           main] org.hibernate.SQL                        : 
    select
        p1_0.role_id,
        p1_1.id,
        p1_1.name 
    from
        role_permissions p1_0 
    join
        permissions p1_1 
            on p1_1.id=p1_0.permission_id 
    where
        p1_0.role_id=?
Hibernate: 
    select
        p1_0.role_id,
        p1_1.id,
        p1_1.name 
    from
        role_permissions p1_0 
    join
        permissions p1_1 
            on p1_1.id=p1_0.permission_id 
    where
        p1_0.role_id=?
2026-07-12T20:48:21.635+03:00 DEBUG 32166 --- [auth-service-test] [           main] org.hibernate.SQL                        : 
    select
        r1_0.id,
        r1_0.description,
        r1_0.name 
    from
        roles r1_0 
    where
        r1_0.name=?
Hibernate: 
    select
        r1_0.id,
        r1_0.description,
        r1_0.name 
    from
        roles r1_0 
    where
        r1_0.name=?
2026-07-12T20:48:21.635+03:00 DEBUG 32166 --- [auth-service-test] [           main] org.hibernate.SQL                        : 
    select
        p1_0.role_id,
        p1_1.id,
        p1_1.name 
    from
        role_permissions p1_0 
    join
        permissions p1_1 
            on p1_1.id=p1_0.permission_id 
    where
        p1_0.role_id=?
Hibernate: 
    select
        p1_0.role_id,
        p1_1.id,
        p1_1.name 
    from
        role_permissions p1_0 
    join
        permissions p1_1 
            on p1_1.id=p1_0.permission_id 
    where
        p1_0.role_id=?
2026-07-12T20:48:21.636+03:00 DEBUG 32166 --- [auth-service-test] [           main] o.s.security.web.FilterChainProxy        : Securing POST /api/auth/login
2026-07-12T20:48:21.636+03:00 DEBUG 32166 --- [auth-service-test] [           main] o.s.s.w.a.AnonymousAuthenticationFilter  : Set SecurityContextHolder to anonymous SecurityContext
2026-07-12T20:48:21.637+03:00 DEBUG 32166 --- [auth-service-test] [           main] o.s.security.web.FilterChainProxy        : Secured POST /api/auth/login
2026-07-12T20:48:21.644+03:00  INFO 32166 --- [auth-service-test] [           main] j.LocalContainerEntityManagerFactoryBean : Closing JPA EntityManagerFactory for persistence unit 'default'
2026-07-12T20:48:21.644+03:00  INFO 32166 --- [auth-service-test] [           main] com.zaxxer.hikari.HikariDataSource       : HikariPool-35 - Shutdown initiated...
2026-07-12T20:48:21.644+03:00  INFO 32166 --- [auth-service-test] [           main] com.zaxxer.hikari.HikariDataSource       : HikariPool-35 - Shutdown completed.
]]></system-out>
  </testcase>
</testsuite>