<?xml version="1.0" encoding="UTF-8"?>
<testsuite xmlns:xsi="http://www.w3.org/2001/XMLSchema-instance" xsi:noNamespaceSchemaLocation="https://maven.apache.org/surefire/maven-surefire-plugin/xsd/surefire-test-report-3.0.xsd" version="3.0" name="com.eir.auth.FlywayMigrationComponentTest" time="2.247" tests="7" errors="0" skipped="0" failures="0">
  <properties>
[...]
</properties>
  <testcase name="adminUser_hasAdminRole" classname="com.eir.auth.FlywayMigrationComponentTest" time="0.075">
    <system-out><![CDATA[
  .   ____          _            __ _ _
 /\\ / ___'_ __ _ _(_)_ __  __ _ \ \ \ \
( ( )\___ | '_ | '_| | '_ \/ _` | \ \ \ \
 \\/  ___)| |_)| | | | | || (_| |  ) ) ) )
  '  |____| .__|_| |_|_| |_\__, | / / / /
 =========|_|==============|___/=/_/_/_/
 :: Spring Boot ::                (v3.2.5)

2026-07-12T20:48:24.493+03:00  INFO 32166 --- [auth-service-test] [           main] c.eir.auth.FlywayMigrationComponentTest  : Starting FlywayMigrationComponentTest using Java 21.0.10 with PID 32166 (started by daisy in /home/daisy/IdeaProjects/ProjectEir/Eir/ProjectEir/auth-service)
2026-07-12T20:48:24.493+03:00 DEBUG 32166 --- [auth-service-test] [           main] c.eir.auth.FlywayMigrationComponentTest  : Running with Spring Boot v3.2.5, Spring v6.1.6
2026-07-12T20:48:24.493+03:00  INFO 32166 --- [auth-service-test] [           main] c.eir.auth.FlywayMigrationComponentTest  : The following 1 profile is active: "test"
2026-07-12T20:48:24.538+03:00  INFO 32166 --- [auth-service-test] [           main] .s.d.r.c.RepositoryConfigurationDelegate : Multiple Spring Data modules found, entering strict repository configuration mode
2026-07-12T20:48:24.538+03:00  INFO 32166 --- [auth-service-test] [           main] .s.d.r.c.RepositoryConfigurationDelegate : Bootstrapping Spring Data JPA repositories in DEFAULT mode.
2026-07-12T20:48:24.540+03:00  INFO 32166 --- [auth-service-test] [           main] .s.d.r.c.RepositoryConfigurationDelegate : Finished Spring Data repository scanning in 2 ms. Found 2 JPA repository interfaces.
2026-07-12T20:48:24.541+03:00  INFO 32166 --- [auth-service-test] [           main] .s.d.r.c.RepositoryConfigurationDelegate : Multiple Spring Data modules found, entering strict repository configuration mode
2026-07-12T20:48:24.541+03:00  INFO 32166 --- [auth-service-test] [           main] .s.d.r.c.RepositoryConfigurationDelegate : Bootstrapping Spring Data Redis repositories in DEFAULT mode.
2026-07-12T20:48:24.542+03:00  INFO 32166 --- [auth-service-test] [           main] .RepositoryConfigurationExtensionSupport : Spring Data Redis - Could not safely identify store assignment for repository candidate interface com.eir.auth.repository.RoleRepository; If you want this repository to be a Redis repository, consider annotating your entities with one of these annotations: org.springframework.data.redis.core.RedisHash (preferred), or consider extending one of the following types with your repository: org.springframework.data.keyvalue.repository.KeyValueRepository
2026-07-12T20:48:24.542+03:00  INFO 32166 --- [auth-service-test] [           main] .RepositoryConfigurationExtensionSupport : Spring Data Redis - Could not safely identify store assignment for repository candidate interface com.eir.auth.repository.UserRepository; If you want this repository to be a Redis repository, consider annotating your entities with one of these annotations: org.springframework.data.redis.core.RedisHash (preferred), or consider extending one of the following types with your repository: org.springframework.data.keyvalue.repository.KeyValueRepository
2026-07-12T20:48:24.542+03:00  INFO 32166 --- [auth-service-test] [           main] .s.d.r.c.RepositoryConfigurationDelegate : Finished Spring Data repository scanning in 0 ms. Found 0 Redis repository interfaces.
2026-07-12T20:48:24.555+03:00  INFO 32166 --- [auth-service-test] [           main] o.s.cloud.context.scope.GenericScope     : BeanFactory id=cdf54c95-710a-3cfe-b550-65ac6ca20ef2
2026-07-12T20:48:24.562+03:00  WARN 32166 --- [auth-service-test] [           main] trationDelegate$BeanPostProcessorChecker : Bean 'org.springframework.cloud.client.loadbalancer.LoadBalancerAutoConfiguration$DeferringLoadBalancerInterceptorConfig' of type [org.springframework.cloud.client.loadbalancer.LoadBalancerAutoConfiguration$DeferringLoadBalancerInterceptorConfig] is not eligible for getting processed by all BeanPostProcessors (for example: not eligible for auto-proxying). The currently created BeanPostProcessor [lbRestClientPostProcessor] is declared through a non-static factory method on that class; consider declaring it as static instead.
2026-07-12T20:48:24.562+03:00  WARN 32166 --- [auth-service-test] [           main] trationDelegate$BeanPostProcessorChecker : Bean 'deferringLoadBalancerInterceptor' of type [org.springframework.cloud.client.loadbalancer.DeferringLoadBalancerInterceptor] is not eligible for getting processed by all BeanPostProcessors (for example: not eligible for auto-proxying). Is this bean getting eagerly injected into a currently created BeanPostProcessor [lbRestClientPostProcessor]? Check the corresponding BeanPostProcessor declaration and its dependencies.
2026-07-12T20:48:24.570+03:00  INFO 32166 --- [auth-service-test] [           main] o.s.b.w.embedded.tomcat.TomcatWebServer  : Tomcat initialized with port 0 (http)
2026-07-12T20:48:24.570+03:00  INFO 32166 --- [auth-service-test] [           main] o.apache.catalina.core.StandardService   : Starting service [Tomcat]
2026-07-12T20:48:24.570+03:00  INFO 32166 --- [auth-service-test] [           main] o.apache.catalina.core.StandardEngine    : Starting Servlet engine: [Apache Tomcat/10.1.20]
2026-07-12T20:48:24.577+03:00  INFO 32166 --- [auth-service-test] [           main] o.a.c.c.C.[Tomcat].[localhost].[/]       : Initializing Spring embedded WebApplicationContext
2026-07-12T20:48:24.577+03:00  INFO 32166 --- [auth-service-test] [           main] w.s.c.ServletWebServerApplicationContext : Root WebApplicationContext: initialization completed in 84 ms
2026-07-12T20:48:24.590+03:00  INFO 32166 --- [auth-service-test] [           main] com.zaxxer.hikari.HikariDataSource       : HikariPool-44 - Starting...
2026-07-12T20:48:24.591+03:00  INFO 32166 --- [auth-service-test] [           main] com.zaxxer.hikari.pool.HikariPool        : HikariPool-44 - Added connection conn430: url=jdbc:h2:mem:eir_auth user=SA
2026-07-12T20:48:24.591+03:00  INFO 32166 --- [auth-service-test] [           main] com.zaxxer.hikari.HikariDataSource       : HikariPool-44 - Start completed.
2026-07-12T20:48:24.591+03:00  INFO 32166 --- [auth-service-test] [           main] org.flywaydb.core.FlywayExecutor         : Database: jdbc:h2:mem:eir_auth (H2 2.2)
2026-07-12T20:48:24.592+03:00  INFO 32166 --- [auth-service-test] [           main] o.f.core.internal.command.DbValidate     : Successfully validated 1 migration (execution time 00:00.000s)
2026-07-12T20:48:24.593+03:00  INFO 32166 --- [auth-service-test] [           main] o.f.core.internal.command.DbMigrate      : Current version of schema "public": 2
2026-07-12T20:48:24.593+03:00  INFO 32166 --- [auth-service-test] [           main] o.f.core.internal.command.DbMigrate      : Schema "public" is up to date. No migration necessary.
2026-07-12T20:48:24.598+03:00  INFO 32166 --- [auth-service-test] [           main] o.hibernate.jpa.internal.util.LogHelper  : HHH000204: Processing PersistenceUnitInfo [name: default]
2026-07-12T20:48:24.599+03:00  INFO 32166 --- [auth-service-test] [           main] o.h.c.internal.RegionFactoryInitiator    : HHH000026: Second-level cache disabled
2026-07-12T20:48:24.600+03:00  INFO 32166 --- [auth-service-test] [           main] o.s.o.j.p.SpringPersistenceUnitInfo      : No LoadTimeWeaver setup: ignoring JPA class transformer
2026-07-12T20:48:24.600+03:00  WARN 32166 --- [auth-service-test] [           main] org.hibernate.orm.deprecation            : HHH90000025: H2Dialect does not need to be specified explicitly using 'hibernate.dialect' (remove the property setting and it will be selected by default)
2026-07-12T20:48:24.616+03:00  INFO 32166 --- [auth-service-test] [           main] o.h.e.t.j.p.i.JtaPlatformInitiator       : HHH000489: No JTA platform available (set 'hibernate.transaction.jta.platform' to enable JTA platform integration)
2026-07-12T20:48:24.617+03:00  INFO 32166 --- [auth-service-test] [           main] j.LocalContainerEntityManagerFactoryBean : Initialized JPA EntityManagerFactory for persistence unit 'default'
2026-07-12T20:48:24.632+03:00  WARN 32166 --- [auth-service-test] [           main] JpaBaseConfiguration$JpaWebConfiguration : spring.jpa.open-in-view is enabled by default. Therefore, database queries may be performed during view rendering. Explicitly configure spring.jpa.open-in-view to disable this warning
2026-07-12T20:48:24.633+03:00  WARN 32166 --- [auth-service-test] [           main] .s.s.UserDetailsServiceAutoConfiguration : 

Using generated security password: 2314e162-d410-4bf6-bf4a-a41f71fe7532

This generated password is for development use only. Your security configuration must be updated before running your application in production.

2026-07-12T20:48:24.649+03:00  INFO 32166 --- [auth-service-test] [           main] o.s.s.web.DefaultSecurityFilterChain     : Will secure any request with [org.springframework.security.web.session.DisableEncodeUrlFilter@a381cc4, org.springframework.security.web.context.request.async.WebAsyncManagerIntegrationFilter@f960522, org.springframework.security.web.context.SecurityContextHolderFilter@13fba1dc, org.springframework.security.web.header.HeaderWriterFilter@471c37c8, org.springframework.web.filter.CorsFilter@6d910b17, org.springframework.security.web.authentication.logout.LogoutFilter@1cb32312, org.springframework.security.web.savedrequest.RequestCacheAwareFilter@52611f86, org.springframework.security.web.servletapi.SecurityContextHolderAwareRequestFilter@7465d075, org.springframework.security.web.authentication.AnonymousAuthenticationFilter@31221dbf, org.springframework.security.web.session.SessionManagementFilter@514ef0af, org.springframework.security.web.access.ExceptionTranslationFilter@6ee5f7c2, org.springframework.security.web.access.intercept.AuthorizationFilter@1c4814fe]
2026-07-12T20:48:24.674+03:00  INFO 32166 --- [auth-service-test] [           main] o.a.c.c.C.[Tomcat].[localhost].[/]       : Initializing Spring TestDispatcherServlet ''
2026-07-12T20:48:24.675+03:00  INFO 32166 --- [auth-service-test] [           main] o.s.t.web.servlet.TestDispatcherServlet  : Initializing Servlet ''
2026-07-12T20:48:24.675+03:00  INFO 32166 --- [auth-service-test] [           main] o.s.t.web.servlet.TestDispatcherServlet  : Completed initialization in 0 ms
2026-07-12T20:48:24.685+03:00  INFO 32166 --- [auth-service-test] [           main] DiscoveryClientOptionalArgsConfiguration : Eureka HTTP Client uses RestTemplate.
2026-07-12T20:48:24.689+03:00  WARN 32166 --- [auth-service-test] [           main] iguration$LoadBalancerCaffeineWarnLogger : Spring Cloud LoadBalancer is currently working with the default cache. While this cache implementation is useful for development and tests, it's recommended to use Caffeine cache in production.You can switch to using Caffeine cache, by adding it and org.springframework.cache.caffeine.CaffeineCacheManager to the classpath.
2026-07-12T20:48:24.694+03:00  INFO 32166 --- [auth-service-test] [           main] o.s.b.w.embedded.tomcat.TomcatWebServer  : Tomcat started on port 38305 (http) with context path ''
2026-07-12T20:48:24.699+03:00  INFO 32166 --- [auth-service-test] [           main] c.eir.auth.FlywayMigrationComponentTest  : Started FlywayMigrationComponentTest in 0.221 seconds (process running for 27.164)
2026-07-12T20:48:24.702+03:00 DEBUG 32166 --- [auth-service-test] [           main] org.hibernate.SQL                        : 
    select
        u1_0.id,
        u1_0.created_at,
        u1_0.email,
        u1_0.enabled,
        u1_0.first_name,
        u1_0.identity_number,
        u1_0.last_name,
        u1_0.password,
        u1_0.phone,
        u1_0.updated_at 
    from
        users u1_0
Hibernate: 
    select
        u1_0.id,
        u1_0.created_at,
        u1_0.email,
        u1_0.enabled,
        u1_0.first_name,
        u1_0.identity_number,
        u1_0.last_name,
        u1_0.password,
        u1_0.phone,
        u1_0.updated_at 
    from
        users u1_0
2026-07-12T20:48:24.703+03:00 DEBUG 32166 --- [auth-service-test] [           main] org.hibernate.SQL                        : 
    select
        r1_0.user_id,
        r1_1.id,
        r1_1.description,
        r1_1.name,
        p1_0.role_id,
        p1_1.id,
        p1_1.name 
    from
        user_roles r1_0 
    join
        roles r1_1 
            on r1_1.id=r1_0.role_id 
    left join
        role_permissions p1_0 
            on r1_1.id=p1_0.role_id 
    left join
        permissions p1_1 
            on p1_1.id=p1_0.permission_id 
    where
        r1_0.user_id=?
Hibernate: 
    select
        r1_0.user_id,
        r1_1.id,
        r1_1.description,
        r1_1.name,
        p1_0.role_id,
        p1_1.id,
        p1_1.name 
    from
        user_roles r1_0 
    join
        roles r1_1 
            on r1_1.id=r1_0.role_id 
    left join
        role_permissions p1_0 
            on r1_1.id=p1_0.role_id 
    left join
        permissions p1_1 
            on p1_1.id=p1_0.permission_id 
    where
        r1_0.user_id=?
2026-07-12T20:48:24.704+03:00 DEBUG 32166 --- [auth-service-test] [           main] org.hibernate.SQL                        : 
    delete 
    from
        user_roles 
    where
        user_id=?
Hibernate: 
    delete 
    from
        user_roles 
    where
        user_id=?
2026-07-12T20:48:24.705+03:00 DEBUG 32166 --- [auth-service-test] [           main] org.hibernate.SQL                        : 
    delete 
    from
        users 
    where
        id=?
Hibernate: 
    delete 
    from
        users 
    where
        id=?
2026-07-12T20:48:24.706+03:00 DEBUG 32166 --- [auth-service-test] [           main] org.hibernate.SQL                        : 
    select
        r1_0.id,
        r1_0.description,
        r1_0.name 
    from
        roles r1_0 
    where
        r1_0.name=?
Hibernate: 
    select
        r1_0.id,
        r1_0.description,
        r1_0.name 
    from
        roles r1_0 
    where
        r1_0.name=?
2026-07-12T20:48:24.706+03:00 DEBUG 32166 --- [auth-service-test] [           main] org.hibernate.SQL                        : 
    select
        p1_0.role_id,
        p1_1.id,
        p1_1.name 
    from
        role_permissions p1_0 
    join
        permissions p1_1 
            on p1_1.id=p1_0.permission_id 
    where
        p1_0.role_id=?
Hibernate: 
    select
        p1_0.role_id,
        p1_1.id,
        p1_1.name 
    from
        role_permissions p1_0 
    join
        permissions p1_1 
            on p1_1.id=p1_0.permission_id 
    where
        p1_0.role_id=?
2026-07-12T20:48:24.707+03:00 DEBUG 32166 --- [auth-service-test] [           main] org.hibernate.SQL                        : 
    select
        r1_0.id,
        r1_0.description,
        r1_0.name 
    from
        roles r1_0 
    where
        r1_0.name=?
Hibernate: 
    select
        r1_0.id,
        r1_0.description,
        r1_0.name 
    from
        roles r1_0 
    where
        r1_0.name=?
2026-07-12T20:48:24.707+03:00 DEBUG 32166 --- [auth-service-test] [           main] org.hibernate.SQL                        : 
    select
        p1_0.role_id,
        p1_1.id,
        p1_1.name 
    from
        role_permissions p1_0 
    join
        permissions p1_1 
            on p1_1.id=p1_0.permission_id 
    where
        p1_0.role_id=?
Hibernate: 
    select
        p1_0.role_id,
        p1_1.id,
        p1_1.name 
    from
        role_permissions p1_0 
    join
        permissions p1_1 
            on p1_1.id=p1_0.permission_id 
    where
        p1_0.role_id=?
2026-07-12T20:48:24.708+03:00 DEBUG 32166 --- [auth-service-test] [           main] org.hibernate.SQL                        : 
    select
        r1_0.id,
        r1_0.description,
        r1_0.name 
    from
        roles r1_0 
    where
        r1_0.name=?
Hibernate: 
    select
        r1_0.id,
        r1_0.description,
        r1_0.name 
    from
        roles r1_0 
    where
        r1_0.name=?
2026-07-12T20:48:24.708+03:00 DEBUG 32166 --- [auth-service-test] [           main] org.hibernate.SQL                        : 
    select
        p1_0.role_id,
        p1_1.id,
        p1_1.name 
    from
        role_permissions p1_0 
    join
        permissions p1_1 
            on p1_1.id=p1_0.permission_id 
    where
        p1_0.role_id=?
Hibernate: 
    select
        p1_0.role_id,
        p1_1.id,
        p1_1.name 
    from
        role_permissions p1_0 
    join
        permissions p1_1 
            on p1_1.id=p1_0.permission_id 
    where
        p1_0.role_id=?
2026-07-12T20:48:24.708+03:00 DEBUG 32166 --- [auth-service-test] [           main] org.hibernate.SQL                        : 
    select
        r1_0.id,
        r1_0.description,
        r1_0.name 
    from
        roles r1_0 
    where
        r1_0.name=?
Hibernate: 
    select
        r1_0.id,
        r1_0.description,
        r1_0.name 
    from
        roles r1_0 
    where
        r1_0.name=?
2026-07-12T20:48:24.708+03:00 DEBUG 32166 --- [auth-service-test] [           main] org.hibernate.SQL                        : 
    select
        p1_0.role_id,
        p1_1.id,
        p1_1.name 
    from
        role_permissions p1_0 
    join
        permissions p1_1 
            on p1_1.id=p1_0.permission_id 
    where
        p1_0.role_id=?
Hibernate: 
    select
        p1_0.role_id,
        p1_1.id,
        p1_1.name 
    from
        role_permissions p1_0 
    join
        permissions p1_1 
            on p1_1.id=p1_0.permission_id 
    where
        p1_0.role_id=?
2026-07-12T20:48:24.709+03:00 DEBUG 32166 --- [auth-service-test] [           main] org.hibernate.SQL                        : 
    select
        u1_0.id,
        u1_0.created_at,
        u1_0.email,
        u1_0.enabled,
        u1_0.first_name,
        u1_0.identity_number,
        u1_0.last_name,
        u1_0.password,
        u1_0.phone,
        u1_0.updated_at 
    from
        users u1_0 
    where
        u1_0.email=?
Hibernate: 
    select
        u1_0.id,
        u1_0.created_at,
        u1_0.email,
        u1_0.enabled,
        u1_0.first_name,
        u1_0.identity_number,
        u1_0.last_name,
        u1_0.password,
        u1_0.phone,
        u1_0.updated_at 
    from
        users u1_0 
    where
        u1_0.email=?
2026-07-12T20:48:24.766+03:00 DEBUG 32166 --- [auth-service-test] [           main] org.hibernate.SQL                        : 
    insert 
    into
        users
        (created_at, email, enabled, first_name, identity_number, last_name, password, phone, updated_at, id) 
    values
        (?, ?, ?, ?, ?, ?, ?, ?, ?, default)
Hibernate: 
    insert 
    into
        users
        (created_at, email, enabled, first_name, identity_number, last_name, password, phone, updated_at, id) 
    values
        (?, ?, ?, ?, ?, ?, ?, ?, ?, default)
2026-07-12T20:48:24.767+03:00 DEBUG 32166 --- [auth-service-test] [           main] org.hibernate.SQL                        : 
    insert 
    into
        user_roles
        (user_id, role_id) 
    values
        (?, ?)
Hibernate: 
    insert 
    into
        user_roles
        (user_id, role_id) 
    values
        (?, ?)
2026-07-12T20:48:24.767+03:00 DEBUG 32166 --- [auth-service-test] [           main] org.hibernate.SQL                        : 
    insert 
    into
        user_roles
        (user_id, role_id) 
    values
        (?, ?)
Hibernate: 
    insert 
    into
        user_roles
        (user_id, role_id) 
    values
        (?, ?)
2026-07-12T20:48:24.768+03:00 DEBUG 32166 --- [auth-service-test] [           main] org.hibernate.SQL                        : 
    select
        u1_0.id,
        u1_0.created_at,
        u1_0.email,
        u1_0.enabled,
        u1_0.first_name,
        u1_0.identity_number,
        u1_0.last_name,
        u1_0.password,
        u1_0.phone,
        u1_0.updated_at 
    from
        users u1_0 
    where
        u1_0.email=?
Hibernate: 
    select
        u1_0.id,
        u1_0.created_at,
        u1_0.email,
        u1_0.enabled,
        u1_0.first_name,
        u1_0.identity_number,
        u1_0.last_name,
        u1_0.password,
        u1_0.phone,
        u1_0.updated_at 
    from
        users u1_0 
    where
        u1_0.email=?
2026-07-12T20:48:24.769+03:00 DEBUG 32166 --- [auth-service-test] [           main] org.hibernate.SQL                        : 
    select
        r1_0.user_id,
        r1_1.id,
        r1_1.description,
        r1_1.name,
        p1_0.role_id,
        p1_1.id,
        p1_1.name 
    from
        user_roles r1_0 
    join
        roles r1_1 
            on r1_1.id=r1_0.role_id 
    left join
        role_permissions p1_0 
            on r1_1.id=p1_0.role_id 
    left join
        permissions p1_1 
            on p1_1.id=p1_0.permission_id 
    where
        r1_0.user_id=?
Hibernate: 
    select
        r1_0.user_id,
        r1_1.id,
        r1_1.description,
        r1_1.name,
        p1_0.role_id,
        p1_1.id,
        p1_1.name 
    from
        user_roles r1_0 
    join
        roles r1_1 
            on r1_1.id=r1_0.role_id 
    left join
        role_permissions p1_0 
            on r1_1.id=p1_0.role_id 
    left join
        permissions p1_1 
            on p1_1.id=p1_0.permission_id 
    where
        r1_0.user_id=?
2026-07-12T20:48:24.773+03:00  INFO 32166 --- [auth-service-test] [           main] j.LocalContainerEntityManagerFactoryBean : Closing JPA EntityManagerFactory for persistence unit 'default'
2026-07-12T20:48:24.773+03:00  INFO 32166 --- [auth-service-test] [           main] com.zaxxer.hikari.HikariDataSource       : HikariPool-44 - Shutdown initiated...
2026-07-12T20:48:24.773+03:00  INFO 32166 --- [auth-service-test] [           main] com.zaxxer.hikari.HikariDataSource       : HikariPool-44 - Shutdown completed.
]]></system-out>
  </testcase>
  <testcase name="indexes_existOnEmailAndEnabled" classname="com.eir.auth.FlywayMigrationComponentTest" time="0.069">
    <system-out><![CDATA[
  .   ____          _            __ _ _
 /\\ / ___'_ __ _ _(_)_ __  __ _ \ \ \ \
( ( )\___ | '_ | '_| | '_ \/ _` | \ \ \ \
 \\/  ___)| |_)| | | | | || (_| |  ) ) ) )
  '  |____| .__|_| |_|_| |_\__, | / / / /
 =========|_|==============|___/=/_/_/_/
 :: Spring Boot ::                (v3.2.5)

2026-07-12T20:48:24.787+03:00  INFO 32166 --- [auth-service-test] [           main] c.eir.auth.FlywayMigrationComponentTest  : Starting FlywayMigrationComponentTest using Java 21.0.10 with PID 32166 (started by daisy in /home/daisy/IdeaProjects/ProjectEir/Eir/ProjectEir/auth-service)
2026-07-12T20:48:24.787+03:00 DEBUG 32166 --- [auth-service-test] [           main] c.eir.auth.FlywayMigrationComponentTest  : Running with Spring Boot v3.2.5, Spring v6.1.6
2026-07-12T20:48:24.787+03:00  INFO 32166 --- [auth-service-test] [           main] c.eir.auth.FlywayMigrationComponentTest  : The following 1 profile is active: "test"
2026-07-12T20:48:24.834+03:00  INFO 32166 --- [auth-service-test] [           main] .s.d.r.c.RepositoryConfigurationDelegate : Multiple Spring Data modules found, entering strict repository configuration mode
2026-07-12T20:48:24.834+03:00  INFO 32166 --- [auth-service-test] [           main] .s.d.r.c.RepositoryConfigurationDelegate : Bootstrapping Spring Data JPA repositories in DEFAULT mode.
2026-07-12T20:48:24.836+03:00  INFO 32166 --- [auth-service-test] [           main] .s.d.r.c.RepositoryConfigurationDelegate : Finished Spring Data repository scanning in 2 ms. Found 2 JPA repository interfaces.
2026-07-12T20:48:24.837+03:00  INFO 32166 --- [auth-service-test] [           main] .s.d.r.c.RepositoryConfigurationDelegate : Multiple Spring Data modules found, entering strict repository configuration mode
2026-07-12T20:48:24.837+03:00  INFO 32166 --- [auth-service-test] [           main] .s.d.r.c.RepositoryConfigurationDelegate : Bootstrapping Spring Data Redis repositories in DEFAULT mode.
2026-07-12T20:48:24.838+03:00  INFO 32166 --- [auth-service-test] [           main] .RepositoryConfigurationExtensionSupport : Spring Data Redis - Could not safely identify store assignment for repository candidate interface com.eir.auth.repository.RoleRepository; If you want this repository to be a Redis repository, consider annotating your entities with one of these annotations: org.springframework.data.redis.core.RedisHash (preferred), or consider extending one of the following types with your repository: org.springframework.data.keyvalue.repository.KeyValueRepository
2026-07-12T20:48:24.838+03:00  INFO 32166 --- [auth-service-test] [           main] .RepositoryConfigurationExtensionSupport : Spring Data Redis - Could not safely identify store assignment for repository candidate interface com.eir.auth.repository.UserRepository; If you want this repository to be a Redis repository, consider annotating your entities with one of these annotations: org.springframework.data.redis.core.RedisHash (preferred), or consider extending one of the following types with your repository: org.springframework.data.keyvalue.repository.KeyValueRepository
2026-07-12T20:48:24.838+03:00  INFO 32166 --- [auth-service-test] [           main] .s.d.r.c.RepositoryConfigurationDelegate : Finished Spring Data repository scanning in 0 ms. Found 0 Redis repository interfaces.
2026-07-12T20:48:24.851+03:00  INFO 32166 --- [auth-service-test] [           main] o.s.cloud.context.scope.GenericScope     : BeanFactory id=cdf54c95-710a-3cfe-b550-65ac6ca20ef2
2026-07-12T20:48:24.858+03:00  WARN 32166 --- [auth-service-test] [           main] trationDelegate$BeanPostProcessorChecker : Bean 'org.springframework.cloud.client.loadbalancer.LoadBalancerAutoConfiguration$DeferringLoadBalancerInterceptorConfig' of type [org.springframework.cloud.client.loadbalancer.LoadBalancerAutoConfiguration$DeferringLoadBalancerInterceptorConfig] is not eligible for getting processed by all BeanPostProcessors (for example: not eligible for auto-proxying). The currently created BeanPostProcessor [lbRestClientPostProcessor] is declared through a non-static factory method on that class; consider declaring it as static instead.
2026-07-12T20:48:24.858+03:00  WARN 32166 --- [auth-service-test] [           main] trationDelegate$BeanPostProcessorChecker : Bean 'deferringLoadBalancerInterceptor' of type [org.springframework.cloud.client.loadbalancer.DeferringLoadBalancerInterceptor] is not eligible for getting processed by all BeanPostProcessors (for example: not eligible for auto-proxying). Is this bean getting eagerly injected into a currently created BeanPostProcessor [lbRestClientPostProcessor]? Check the corresponding BeanPostProcessor declaration and its dependencies.
2026-07-12T20:48:24.866+03:00  INFO 32166 --- [auth-service-test] [           main] o.s.b.w.embedded.tomcat.TomcatWebServer  : Tomcat initialized with port 0 (http)
2026-07-12T20:48:24.866+03:00  INFO 32166 --- [auth-service-test] [           main] o.apache.catalina.core.StandardService   : Starting service [Tomcat]
2026-07-12T20:48:24.866+03:00  INFO 32166 --- [auth-service-test] [           main] o.apache.catalina.core.StandardEngine    : Starting Servlet engine: [Apache Tomcat/10.1.20]
2026-07-12T20:48:24.873+03:00  INFO 32166 --- [auth-service-test] [           main] o.a.c.c.C.[Tomcat].[localhost].[/]       : Initializing Spring embedded WebApplicationContext
2026-07-12T20:48:24.873+03:00  INFO 32166 --- [auth-service-test] [           main] w.s.c.ServletWebServerApplicationContext : Root WebApplicationContext: initialization completed in 85 ms
2026-07-12T20:48:24.887+03:00  INFO 32166 --- [auth-service-test] [           main] com.zaxxer.hikari.HikariDataSource       : HikariPool-45 - Starting...
2026-07-12T20:48:24.888+03:00  INFO 32166 --- [auth-service-test] [           main] com.zaxxer.hikari.pool.HikariPool        : HikariPool-45 - Added connection conn440: url=jdbc:h2:mem:eir_auth user=SA
2026-07-12T20:48:24.888+03:00  INFO 32166 --- [auth-service-test] [           main] com.zaxxer.hikari.HikariDataSource       : HikariPool-45 - Start completed.
2026-07-12T20:48:24.888+03:00  INFO 32166 --- [auth-service-test] [           main] org.flywaydb.core.FlywayExecutor         : Database: jdbc:h2:mem:eir_auth (H2 2.2)
2026-07-12T20:48:24.889+03:00  INFO 32166 --- [auth-service-test] [           main] o.f.core.internal.command.DbValidate     : Successfully validated 1 migration (execution time 00:00.000s)
2026-07-12T20:48:24.890+03:00  INFO 32166 --- [auth-service-test] [           main] o.f.core.internal.command.DbMigrate      : Current version of schema "public": 2
2026-07-12T20:48:24.890+03:00  INFO 32166 --- [auth-service-test] [           main] o.f.core.internal.command.DbMigrate      : Schema "public" is up to date. No migration necessary.
2026-07-12T20:48:24.895+03:00  INFO 32166 --- [auth-service-test] [           main] o.hibernate.jpa.internal.util.LogHelper  : HHH000204: Processing PersistenceUnitInfo [name: default]
2026-07-12T20:48:24.896+03:00  INFO 32166 --- [auth-service-test] [           main] o.h.c.internal.RegionFactoryInitiator    : HHH000026: Second-level cache disabled
2026-07-12T20:48:24.897+03:00  INFO 32166 --- [auth-service-test] [           main] o.s.o.j.p.SpringPersistenceUnitInfo      : No LoadTimeWeaver setup: ignoring JPA class transformer
2026-07-12T20:48:24.898+03:00  WARN 32166 --- [auth-service-test] [           main] org.hibernate.orm.deprecation            : HHH90000025: H2Dialect does not need to be specified explicitly using 'hibernate.dialect' (remove the property setting and it will be selected by default)
2026-07-12T20:48:24.916+03:00  INFO 32166 --- [auth-service-test] [           main] o.h.e.t.j.p.i.JtaPlatformInitiator       : HHH000489: No JTA platform available (set 'hibernate.transaction.jta.platform' to enable JTA platform integration)
2026-07-12T20:48:24.916+03:00  INFO 32166 --- [auth-service-test] [           main] j.LocalContainerEntityManagerFactoryBean : Initialized JPA EntityManagerFactory for persistence unit 'default'
2026-07-12T20:48:24.933+03:00  WARN 32166 --- [auth-service-test] [           main] JpaBaseConfiguration$JpaWebConfiguration : spring.jpa.open-in-view is enabled by default. Therefore, database queries may be performed during view rendering. Explicitly configure spring.jpa.open-in-view to disable this warning
2026-07-12T20:48:24.935+03:00  WARN 32166 --- [auth-service-test] [           main] .s.s.UserDetailsServiceAutoConfiguration : 

Using generated security password: e4e1927a-f0ba-4792-bbfa-cd651ae68e24

This generated password is for development use only. Your security configuration must be updated before running your application in production.

2026-07-12T20:48:24.950+03:00  INFO 32166 --- [auth-service-test] [           main] o.s.s.web.DefaultSecurityFilterChain     : Will secure any request with [org.springframework.security.web.session.DisableEncodeUrlFilter@6a8789e0, org.springframework.security.web.context.request.async.WebAsyncManagerIntegrationFilter@3f12f85a, org.springframework.security.web.context.SecurityContextHolderFilter@17a249d3, org.springframework.security.web.header.HeaderWriterFilter@5dbeea61, org.springframework.web.filter.CorsFilter@318d6798, org.springframework.security.web.authentication.logout.LogoutFilter@61268cd6, org.springframework.security.web.savedrequest.RequestCacheAwareFilter@34e3be9d, org.springframework.security.web.servletapi.SecurityContextHolderAwareRequestFilter@1e24b782, org.springframework.security.web.authentication.AnonymousAuthenticationFilter@1da27db9, org.springframework.security.web.session.SessionManagementFilter@72911003, org.springframework.security.web.access.ExceptionTranslationFilter@7c9bff2d, org.springframework.security.web.access.intercept.AuthorizationFilter@73bbf71f]
2026-07-12T20:48:24.970+03:00  INFO 32166 --- [auth-service-test] [           main] o.a.c.c.C.[Tomcat].[localhost].[/]       : Initializing Spring TestDispatcherServlet ''
2026-07-12T20:48:24.970+03:00  INFO 32166 --- [auth-service-test] [           main] o.s.t.web.servlet.TestDispatcherServlet  : Initializing Servlet ''
2026-07-12T20:48:24.970+03:00  INFO 32166 --- [auth-service-test] [           main] o.s.t.web.servlet.TestDispatcherServlet  : Completed initialization in 0 ms
2026-07-12T20:48:24.979+03:00  INFO 32166 --- [auth-service-test] [           main] DiscoveryClientOptionalArgsConfiguration : Eureka HTTP Client uses RestTemplate.
2026-07-12T20:48:24.982+03:00  WARN 32166 --- [auth-service-test] [           main] iguration$LoadBalancerCaffeineWarnLogger : Spring Cloud LoadBalancer is currently working with the default cache. While this cache implementation is useful for development and tests, it's recommended to use Caffeine cache in production.You can switch to using Caffeine cache, by adding it and org.springframework.cache.caffeine.CaffeineCacheManager to the classpath.
2026-07-12T20:48:24.987+03:00  INFO 32166 --- [auth-service-test] [           main] o.s.b.w.embedded.tomcat.TomcatWebServer  : Tomcat started on port 35865 (http) with context path ''
2026-07-12T20:48:24.994+03:00  INFO 32166 --- [auth-service-test] [           main] c.eir.auth.FlywayMigrationComponentTest  : Started FlywayMigrationComponentTest in 0.218 seconds (process running for 27.46)
2026-07-12T20:48:24.997+03:00 DEBUG 32166 --- [auth-service-test] [           main] org.hibernate.SQL                        : 
    select
        u1_0.id,
        u1_0.created_at,
        u1_0.email,
        u1_0.enabled,
        u1_0.first_name,
        u1_0.identity_number,
        u1_0.last_name,
        u1_0.password,
        u1_0.phone,
        u1_0.updated_at 
    from
        users u1_0
Hibernate: 
    select
        u1_0.id,
        u1_0.created_at,
        u1_0.email,
        u1_0.enabled,
        u1_0.first_name,
        u1_0.identity_number,
        u1_0.last_name,
        u1_0.password,
        u1_0.phone,
        u1_0.updated_at 
    from
        users u1_0
2026-07-12T20:48:24.997+03:00 DEBUG 32166 --- [auth-service-test] [           main] org.hibernate.SQL                        : 
    select
        r1_0.user_id,
        r1_1.id,
        r1_1.description,
        r1_1.name,
        p1_0.role_id,
        p1_1.id,
        p1_1.name 
    from
        user_roles r1_0 
    join
        roles r1_1 
            on r1_1.id=r1_0.role_id 
    left join
        role_permissions p1_0 
            on r1_1.id=p1_0.role_id 
    left join
        permissions p1_1 
            on p1_1.id=p1_0.permission_id 
    where
        r1_0.user_id=?
Hibernate: 
    select
        r1_0.user_id,
        r1_1.id,
        r1_1.description,
        r1_1.name,
        p1_0.role_id,
        p1_1.id,
        p1_1.name 
    from
        user_roles r1_0 
    join
        roles r1_1 
            on r1_1.id=r1_0.role_id 
    left join
        role_permissions p1_0 
            on r1_1.id=p1_0.role_id 
    left join
        permissions p1_1 
            on p1_1.id=p1_0.permission_id 
    where
        r1_0.user_id=?
2026-07-12T20:48:24.998+03:00 DEBUG 32166 --- [auth-service-test] [           main] org.hibernate.SQL                        : 
    delete 
    from
        user_roles 
    where
        user_id=?
Hibernate: 
    delete 
    from
        user_roles 
    where
        user_id=?
2026-07-12T20:48:24.998+03:00 DEBUG 32166 --- [auth-service-test] [           main] org.hibernate.SQL                        : 
    delete 
    from
        users 
    where
        id=?
Hibernate: 
    delete 
    from
        users 
    where
        id=?
2026-07-12T20:48:24.999+03:00 DEBUG 32166 --- [auth-service-test] [           main] org.hibernate.SQL                        : 
    select
        r1_0.id,
        r1_0.description,
        r1_0.name 
    from
        roles r1_0 
    where
        r1_0.name=?
Hibernate: 
    select
        r1_0.id,
        r1_0.description,
        r1_0.name 
    from
        roles r1_0 
    where
        r1_0.name=?
2026-07-12T20:48:24.999+03:00 DEBUG 32166 --- [auth-service-test] [           main] org.hibernate.SQL                        : 
    select
        p1_0.role_id,
        p1_1.id,
        p1_1.name 
    from
        role_permissions p1_0 
    join
        permissions p1_1 
            on p1_1.id=p1_0.permission_id 
    where
        p1_0.role_id=?
Hibernate: 
    select
        p1_0.role_id,
        p1_1.id,
        p1_1.name 
    from
        role_permissions p1_0 
    join
        permissions p1_1 
            on p1_1.id=p1_0.permission_id 
    where
        p1_0.role_id=?
2026-07-12T20:48:25.000+03:00 DEBUG 32166 --- [auth-service-test] [           main] org.hibernate.SQL                        : 
    select
        r1_0.id,
        r1_0.description,
        r1_0.name 
    from
        roles r1_0 
    where
        r1_0.name=?
Hibernate: 
    select
        r1_0.id,
        r1_0.description,
        r1_0.name 
    from
        roles r1_0 
    where
        r1_0.name=?
2026-07-12T20:48:25.000+03:00 DEBUG 32166 --- [auth-service-test] [           main] org.hibernate.SQL                        : 
    select
        p1_0.role_id,
        p1_1.id,
        p1_1.name 
    from
        role_permissions p1_0 
    join
        permissions p1_1 
            on p1_1.id=p1_0.permission_id 
    where
        p1_0.role_id=?
Hibernate: 
    select
        p1_0.role_id,
        p1_1.id,
        p1_1.name 
    from
        role_permissions p1_0 
    join
        permissions p1_1 
            on p1_1.id=p1_0.permission_id 
    where
        p1_0.role_id=?
2026-07-12T20:48:25.000+03:00 DEBUG 32166 --- [auth-service-test] [           main] org.hibernate.SQL                        : 
    select
        r1_0.id,
        r1_0.description,
        r1_0.name 
    from
        roles r1_0 
    where
        r1_0.name=?
Hibernate: 
    select
        r1_0.id,
        r1_0.description,
        r1_0.name 
    from
        roles r1_0 
    where
        r1_0.name=?
2026-07-12T20:48:25.001+03:00 DEBUG 32166 --- [auth-service-test] [           main] org.hibernate.SQL                        : 
    select
        p1_0.role_id,
        p1_1.id,
        p1_1.name 
    from
        role_permissions p1_0 
    join
        permissions p1_1 
            on p1_1.id=p1_0.permission_id 
    where
        p1_0.role_id=?
Hibernate: 
    select
        p1_0.role_id,
        p1_1.id,
        p1_1.name 
    from
        role_permissions p1_0 
    join
        permissions p1_1 
            on p1_1.id=p1_0.permission_id 
    where
        p1_0.role_id=?
2026-07-12T20:48:25.001+03:00 DEBUG 32166 --- [auth-service-test] [           main] org.hibernate.SQL                        : 
    select
        r1_0.id,
        r1_0.description,
        r1_0.name 
    from
        roles r1_0 
    where
        r1_0.name=?
Hibernate: 
    select
        r1_0.id,
        r1_0.description,
        r1_0.name 
    from
        roles r1_0 
    where
        r1_0.name=?
2026-07-12T20:48:25.001+03:00 DEBUG 32166 --- [auth-service-test] [           main] org.hibernate.SQL                        : 
    select
        p1_0.role_id,
        p1_1.id,
        p1_1.name 
    from
        role_permissions p1_0 
    join
        permissions p1_1 
            on p1_1.id=p1_0.permission_id 
    where
        p1_0.role_id=?
Hibernate: 
    select
        p1_0.role_id,
        p1_1.id,
        p1_1.name 
    from
        role_permissions p1_0 
    join
        permissions p1_1 
            on p1_1.id=p1_0.permission_id 
    where
        p1_0.role_id=?
2026-07-12T20:48:25.002+03:00 DEBUG 32166 --- [auth-service-test] [           main] org.hibernate.SQL                        : 
    select
        u1_0.id,
        u1_0.created_at,
        u1_0.email,
        u1_0.enabled,
        u1_0.first_name,
        u1_0.identity_number,
        u1_0.last_name,
        u1_0.password,
        u1_0.phone,
        u1_0.updated_at 
    from
        users u1_0 
    where
        u1_0.email=?
Hibernate: 
    select
        u1_0.id,
        u1_0.created_at,
        u1_0.email,
        u1_0.enabled,
        u1_0.first_name,
        u1_0.identity_number,
        u1_0.last_name,
        u1_0.password,
        u1_0.phone,
        u1_0.updated_at 
    from
        users u1_0 
    where
        u1_0.email=?
2026-07-12T20:48:25.058+03:00 DEBUG 32166 --- [auth-service-test] [           main] org.hibernate.SQL                        : 
    insert 
    into
        users
        (created_at, email, enabled, first_name, identity_number, last_name, password, phone, updated_at, id) 
    values
        (?, ?, ?, ?, ?, ?, ?, ?, ?, default)
Hibernate: 
    insert 
    into
        users
        (created_at, email, enabled, first_name, identity_number, last_name, password, phone, updated_at, id) 
    values
        (?, ?, ?, ?, ?, ?, ?, ?, ?, default)
2026-07-12T20:48:25.059+03:00 DEBUG 32166 --- [auth-service-test] [           main] org.hibernate.SQL                        : 
    insert 
    into
        user_roles
        (user_id, role_id) 
    values
        (?, ?)
Hibernate: 
    insert 
    into
        user_roles
        (user_id, role_id) 
    values
        (?, ?)
2026-07-12T20:48:25.059+03:00 DEBUG 32166 --- [auth-service-test] [           main] org.hibernate.SQL                        : 
    insert 
    into
        user_roles
        (user_id, role_id) 
    values
        (?, ?)
Hibernate: 
    insert 
    into
        user_roles
        (user_id, role_id) 
    values
        (?, ?)
2026-07-12T20:48:25.063+03:00  INFO 32166 --- [auth-service-test] [           main] j.LocalContainerEntityManagerFactoryBean : Closing JPA EntityManagerFactory for persistence unit 'default'
2026-07-12T20:48:25.063+03:00  INFO 32166 --- [auth-service-test] [           main] com.zaxxer.hikari.HikariDataSource       : HikariPool-45 - Shutdown initiated...
2026-07-12T20:48:25.063+03:00  INFO 32166 --- [auth-service-test] [           main] com.zaxxer.hikari.HikariDataSource       : HikariPool-45 - Shutdown completed.
]]></system-out>
  </testcase>
  <testcase name="schema_hasAllRequiredTables" classname="com.eir.auth.FlywayMigrationComponentTest" time="0.076">
    <system-out><![CDATA[
  .   ____          _            __ _ _
 /\\ / ___'_ __ _ _(_)_ __  __ _ \ \ \ \
( ( )\___ | '_ | '_| | '_ \/ _` | \ \ \ \
 \\/  ___)| |_)| | | | | || (_| |  ) ) ) )
  '  |____| .__|_| |_|_| |_\__, | / / / /
 =========|_|==============|___/=/_/_/_/
 :: Spring Boot ::                (v3.2.5)

2026-07-12T20:48:25.078+03:00  INFO 32166 --- [auth-service-test] [           main] c.eir.auth.FlywayMigrationComponentTest  : Starting FlywayMigrationComponentTest using Java 21.0.10 with PID 32166 (started by daisy in /home/daisy/IdeaProjects/ProjectEir/Eir/ProjectEir/auth-service)
2026-07-12T20:48:25.078+03:00 DEBUG 32166 --- [auth-service-test] [           main] c.eir.auth.FlywayMigrationComponentTest  : Running with Spring Boot v3.2.5, Spring v6.1.6
2026-07-12T20:48:25.078+03:00  INFO 32166 --- [auth-service-test] [           main] c.eir.auth.FlywayMigrationComponentTest  : The following 1 profile is active: "test"
2026-07-12T20:48:25.125+03:00  INFO 32166 --- [auth-service-test] [           main] .s.d.r.c.RepositoryConfigurationDelegate : Multiple Spring Data modules found, entering strict repository configuration mode
2026-07-12T20:48:25.125+03:00  INFO 32166 --- [auth-service-test] [           main] .s.d.r.c.RepositoryConfigurationDelegate : Bootstrapping Spring Data JPA repositories in DEFAULT mode.
2026-07-12T20:48:25.127+03:00  INFO 32166 --- [auth-service-test] [           main] .s.d.r.c.RepositoryConfigurationDelegate : Finished Spring Data repository scanning in 2 ms. Found 2 JPA repository interfaces.
2026-07-12T20:48:25.128+03:00  INFO 32166 --- [auth-service-test] [           main] .s.d.r.c.RepositoryConfigurationDelegate : Multiple Spring Data modules found, entering strict repository configuration mode
2026-07-12T20:48:25.128+03:00  INFO 32166 --- [auth-service-test] [           main] .s.d.r.c.RepositoryConfigurationDelegate : Bootstrapping Spring Data Redis repositories in DEFAULT mode.
2026-07-12T20:48:25.128+03:00  INFO 32166 --- [auth-service-test] [           main] .RepositoryConfigurationExtensionSupport : Spring Data Redis - Could not safely identify store assignment for repository candidate interface com.eir.auth.repository.RoleRepository; If you want this repository to be a Redis repository, consider annotating your entities with one of these annotations: org.springframework.data.redis.core.RedisHash (preferred), or consider extending one of the following types with your repository: org.springframework.data.keyvalue.repository.KeyValueRepository
2026-07-12T20:48:25.128+03:00  INFO 32166 --- [auth-service-test] [           main] .RepositoryConfigurationExtensionSupport : Spring Data Redis - Could not safely identify store assignment for repository candidate interface com.eir.auth.repository.UserRepository; If you want this repository to be a Redis repository, consider annotating your entities with one of these annotations: org.springframework.data.redis.core.RedisHash (preferred), or consider extending one of the following types with your repository: org.springframework.data.keyvalue.repository.KeyValueRepository
2026-07-12T20:48:25.128+03:00  INFO 32166 --- [auth-service-test] [           main] .s.d.r.c.RepositoryConfigurationDelegate : Finished Spring Data repository scanning in 0 ms. Found 0 Redis repository interfaces.
2026-07-12T20:48:25.141+03:00  INFO 32166 --- [auth-service-test] [           main] o.s.cloud.context.scope.GenericScope     : BeanFactory id=cdf54c95-710a-3cfe-b550-65ac6ca20ef2
2026-07-12T20:48:25.148+03:00  WARN 32166 --- [auth-service-test] [           main] trationDelegate$BeanPostProcessorChecker : Bean 'org.springframework.cloud.client.loadbalancer.LoadBalancerAutoConfiguration$DeferringLoadBalancerInterceptorConfig' of type [org.springframework.cloud.client.loadbalancer.LoadBalancerAutoConfiguration$DeferringLoadBalancerInterceptorConfig] is not eligible for getting processed by all BeanPostProcessors (for example: not eligible for auto-proxying). The currently created BeanPostProcessor [lbRestClientPostProcessor] is declared through a non-static factory method on that class; consider declaring it as static instead.
2026-07-12T20:48:25.148+03:00  WARN 32166 --- [auth-service-test] [           main] trationDelegate$BeanPostProcessorChecker : Bean 'deferringLoadBalancerInterceptor' of type [org.springframework.cloud.client.loadbalancer.DeferringLoadBalancerInterceptor] is not eligible for getting processed by all BeanPostProcessors (for example: not eligible for auto-proxying). Is this bean getting eagerly injected into a currently created BeanPostProcessor [lbRestClientPostProcessor]? Check the corresponding BeanPostProcessor declaration and its dependencies.
2026-07-12T20:48:25.155+03:00  INFO 32166 --- [auth-service-test] [           main] o.s.b.w.embedded.tomcat.TomcatWebServer  : Tomcat initialized with port 0 (http)
2026-07-12T20:48:25.155+03:00  INFO 32166 --- [auth-service-test] [           main] o.apache.catalina.core.StandardService   : Starting service [Tomcat]
2026-07-12T20:48:25.155+03:00  INFO 32166 --- [auth-service-test] [           main] o.apache.catalina.core.StandardEngine    : Starting Servlet engine: [Apache Tomcat/10.1.20]
2026-07-12T20:48:25.163+03:00  INFO 32166 --- [auth-service-test] [           main] o.a.c.c.C.[Tomcat].[localhost].[/]       : Initializing Spring embedded WebApplicationContext
2026-07-12T20:48:25.163+03:00  INFO 32166 --- [auth-service-test] [           main] w.s.c.ServletWebServerApplicationContext : Root WebApplicationContext: initialization completed in 85 ms
2026-07-12T20:48:25.181+03:00  INFO 32166 --- [auth-service-test] [           main] com.zaxxer.hikari.HikariDataSource       : HikariPool-46 - Starting...
2026-07-12T20:48:25.182+03:00  INFO 32166 --- [auth-service-test] [           main] com.zaxxer.hikari.pool.HikariPool        : HikariPool-46 - Added connection conn450: url=jdbc:h2:mem:eir_auth user=SA
2026-07-12T20:48:25.182+03:00  INFO 32166 --- [auth-service-test] [           main] com.zaxxer.hikari.HikariDataSource       : HikariPool-46 - Start completed.
2026-07-12T20:48:25.183+03:00  INFO 32166 --- [auth-service-test] [           main] org.flywaydb.core.FlywayExecutor         : Database: jdbc:h2:mem:eir_auth (H2 2.2)
2026-07-12T20:48:25.185+03:00  INFO 32166 --- [auth-service-test] [           main] o.f.core.internal.command.DbValidate     : Successfully validated 1 migration (execution time 00:00.000s)
2026-07-12T20:48:25.186+03:00  INFO 32166 --- [auth-service-test] [           main] o.f.core.internal.command.DbMigrate      : Current version of schema "public": 2
2026-07-12T20:48:25.186+03:00  INFO 32166 --- [auth-service-test] [           main] o.f.core.internal.command.DbMigrate      : Schema "public" is up to date. No migration necessary.
2026-07-12T20:48:25.203+03:00  INFO 32166 --- [auth-service-test] [           main] o.hibernate.jpa.internal.util.LogHelper  : HHH000204: Processing PersistenceUnitInfo [name: default]
2026-07-12T20:48:25.204+03:00  INFO 32166 --- [auth-service-test] [           main] o.h.c.internal.RegionFactoryInitiator    : HHH000026: Second-level cache disabled
2026-07-12T20:48:25.206+03:00  INFO 32166 --- [auth-service-test] [           main] o.s.o.j.p.SpringPersistenceUnitInfo      : No LoadTimeWeaver setup: ignoring JPA class transformer
2026-07-12T20:48:25.206+03:00  WARN 32166 --- [auth-service-test] [           main] org.hibernate.orm.deprecation            : HHH90000025: H2Dialect does not need to be specified explicitly using 'hibernate.dialect' (remove the property setting and it will be selected by default)
2026-07-12T20:48:25.224+03:00  INFO 32166 --- [auth-service-test] [           main] o.h.e.t.j.p.i.JtaPlatformInitiator       : HHH000489: No JTA platform available (set 'hibernate.transaction.jta.platform' to enable JTA platform integration)
2026-07-12T20:48:25.225+03:00  INFO 32166 --- [auth-service-test] [           main] j.LocalContainerEntityManagerFactoryBean : Initialized JPA EntityManagerFactory for persistence unit 'default'
2026-07-12T20:48:25.240+03:00  WARN 32166 --- [auth-service-test] [           main] JpaBaseConfiguration$JpaWebConfiguration : spring.jpa.open-in-view is enabled by default. Therefore, database queries may be performed during view rendering. Explicitly configure spring.jpa.open-in-view to disable this warning
2026-07-12T20:48:25.242+03:00  WARN 32166 --- [auth-service-test] [           main] .s.s.UserDetailsServiceAutoConfiguration : 

Using generated security password: 6689587c-9b29-4551-a954-3b0aac37fffb

This generated password is for development use only. Your security configuration must be updated before running your application in production.

2026-07-12T20:48:25.258+03:00  INFO 32166 --- [auth-service-test] [           main] o.s.s.web.DefaultSecurityFilterChain     : Will secure any request with [org.springframework.security.web.session.DisableEncodeUrlFilter@75645f07, org.springframework.security.web.context.request.async.WebAsyncManagerIntegrationFilter@df9bcfb, org.springframework.security.web.context.SecurityContextHolderFilter@6a04d9fb, org.springframework.security.web.header.HeaderWriterFilter@3048c06f, org.springframework.web.filter.CorsFilter@60ccb41b, org.springframework.security.web.authentication.logout.LogoutFilter@66a3d8c8, org.springframework.security.web.savedrequest.RequestCacheAwareFilter@68b8cc2e, org.springframework.security.web.servletapi.SecurityContextHolderAwareRequestFilter@1e8532ee, org.springframework.security.web.authentication.AnonymousAuthenticationFilter@100ca002, org.springframework.security.web.session.SessionManagementFilter@47ce7b6b, org.springframework.security.web.access.ExceptionTranslationFilter@7b4f3e33, org.springframework.security.web.access.intercept.AuthorizationFilter@7ff1f838]
2026-07-12T20:48:25.280+03:00  INFO 32166 --- [auth-service-test] [           main] o.a.c.c.C.[Tomcat].[localhost].[/]       : Initializing Spring TestDispatcherServlet ''
2026-07-12T20:48:25.280+03:00  INFO 32166 --- [auth-service-test] [           main] o.s.t.web.servlet.TestDispatcherServlet  : Initializing Servlet ''
2026-07-12T20:48:25.280+03:00  INFO 32166 --- [auth-service-test] [           main] o.s.t.web.servlet.TestDispatcherServlet  : Completed initialization in 0 ms
2026-07-12T20:48:25.289+03:00  INFO 32166 --- [auth-service-test] [           main] DiscoveryClientOptionalArgsConfiguration : Eureka HTTP Client uses RestTemplate.
2026-07-12T20:48:25.293+03:00  WARN 32166 --- [auth-service-test] [           main] iguration$LoadBalancerCaffeineWarnLogger : Spring Cloud LoadBalancer is currently working with the default cache. While this cache implementation is useful for development and tests, it's recommended to use Caffeine cache in production.You can switch to using Caffeine cache, by adding it and org.springframework.cache.caffeine.CaffeineCacheManager to the classpath.
2026-07-12T20:48:25.298+03:00  INFO 32166 --- [auth-service-test] [           main] o.s.b.w.embedded.tomcat.TomcatWebServer  : Tomcat started on port 36623 (http) with context path ''
2026-07-12T20:48:25.304+03:00  INFO 32166 --- [auth-service-test] [           main] c.eir.auth.FlywayMigrationComponentTest  : Started FlywayMigrationComponentTest in 0.238 seconds (process running for 27.769)
2026-07-12T20:48:25.307+03:00 DEBUG 32166 --- [auth-service-test] [           main] org.hibernate.SQL                        : 
    select
        u1_0.id,
        u1_0.created_at,
        u1_0.email,
        u1_0.enabled,
        u1_0.first_name,
        u1_0.identity_number,
        u1_0.last_name,
        u1_0.password,
        u1_0.phone,
        u1_0.updated_at 
    from
        users u1_0
Hibernate: 
    select
        u1_0.id,
        u1_0.created_at,
        u1_0.email,
        u1_0.enabled,
        u1_0.first_name,
        u1_0.identity_number,
        u1_0.last_name,
        u1_0.password,
        u1_0.phone,
        u1_0.updated_at 
    from
        users u1_0
2026-07-12T20:48:25.308+03:00 DEBUG 32166 --- [auth-service-test] [           main] org.hibernate.SQL                        : 
    select
        r1_0.user_id,
        r1_1.id,
        r1_1.description,
        r1_1.name,
        p1_0.role_id,
        p1_1.id,
        p1_1.name 
    from
        user_roles r1_0 
    join
        roles r1_1 
            on r1_1.id=r1_0.role_id 
    left join
        role_permissions p1_0 
            on r1_1.id=p1_0.role_id 
    left join
        permissions p1_1 
            on p1_1.id=p1_0.permission_id 
    where
        r1_0.user_id=?
Hibernate: 
    select
        r1_0.user_id,
        r1_1.id,
        r1_1.description,
        r1_1.name,
        p1_0.role_id,
        p1_1.id,
        p1_1.name 
    from
        user_roles r1_0 
    join
        roles r1_1 
            on r1_1.id=r1_0.role_id 
    left join
        role_permissions p1_0 
            on r1_1.id=p1_0.role_id 
    left join
        permissions p1_1 
            on p1_1.id=p1_0.permission_id 
    where
        r1_0.user_id=?
2026-07-12T20:48:25.309+03:00 DEBUG 32166 --- [auth-service-test] [           main] org.hibernate.SQL                        : 
    delete 
    from
        user_roles 
    where
        user_id=?
Hibernate: 
    delete 
    from
        user_roles 
    where
        user_id=?
2026-07-12T20:48:25.310+03:00 DEBUG 32166 --- [auth-service-test] [           main] org.hibernate.SQL                        : 
    delete 
    from
        users 
    where
        id=?
Hibernate: 
    delete 
    from
        users 
    where
        id=?
2026-07-12T20:48:25.311+03:00 DEBUG 32166 --- [auth-service-test] [           main] org.hibernate.SQL                        : 
    select
        r1_0.id,
        r1_0.description,
        r1_0.name 
    from
        roles r1_0 
    where
        r1_0.name=?
Hibernate: 
    select
        r1_0.id,
        r1_0.description,
        r1_0.name 
    from
        roles r1_0 
    where
        r1_0.name=?
2026-07-12T20:48:25.311+03:00 DEBUG 32166 --- [auth-service-test] [           main] org.hibernate.SQL                        : 
    select
        p1_0.role_id,
        p1_1.id,
        p1_1.name 
    from
        role_permissions p1_0 
    join
        permissions p1_1 
            on p1_1.id=p1_0.permission_id 
    where
        p1_0.role_id=?
Hibernate: 
    select
        p1_0.role_id,
        p1_1.id,
        p1_1.name 
    from
        role_permissions p1_0 
    join
        permissions p1_1 
            on p1_1.id=p1_0.permission_id 
    where
        p1_0.role_id=?
2026-07-12T20:48:25.312+03:00 DEBUG 32166 --- [auth-service-test] [           main] org.hibernate.SQL                        : 
    select
        r1_0.id,
        r1_0.description,
        r1_0.name 
    from
        roles r1_0 
    where
        r1_0.name=?
Hibernate: 
    select
        r1_0.id,
        r1_0.description,
        r1_0.name 
    from
        roles r1_0 
    where
        r1_0.name=?
2026-07-12T20:48:25.312+03:00 DEBUG 32166 --- [auth-service-test] [           main] org.hibernate.SQL                        : 
    select
        p1_0.role_id,
        p1_1.id,
        p1_1.name 
    from
        role_permissions p1_0 
    join
        permissions p1_1 
            on p1_1.id=p1_0.permission_id 
    where
        p1_0.role_id=?
Hibernate: 
    select
        p1_0.role_id,
        p1_1.id,
        p1_1.name 
    from
        role_permissions p1_0 
    join
        permissions p1_1 
            on p1_1.id=p1_0.permission_id 
    where
        p1_0.role_id=?
2026-07-12T20:48:25.312+03:00 DEBUG 32166 --- [auth-service-test] [           main] org.hibernate.SQL                        : 
    select
        r1_0.id,
        r1_0.description,
        r1_0.name 
    from
        roles r1_0 
    where
        r1_0.name=?
Hibernate: 
    select
        r1_0.id,
        r1_0.description,
        r1_0.name 
    from
        roles r1_0 
    where
        r1_0.name=?
2026-07-12T20:48:25.312+03:00 DEBUG 32166 --- [auth-service-test] [           main] org.hibernate.SQL                        : 
    select
        p1_0.role_id,
        p1_1.id,
        p1_1.name 
    from
        role_permissions p1_0 
    join
        permissions p1_1 
            on p1_1.id=p1_0.permission_id 
    where
        p1_0.role_id=?
Hibernate: 
    select
        p1_0.role_id,
        p1_1.id,
        p1_1.name 
    from
        role_permissions p1_0 
    join
        permissions p1_1 
            on p1_1.id=p1_0.permission_id 
    where
        p1_0.role_id=?
2026-07-12T20:48:25.313+03:00 DEBUG 32166 --- [auth-service-test] [           main] org.hibernate.SQL                        : 
    select
        r1_0.id,
        r1_0.description,
        r1_0.name 
    from
        roles r1_0 
    where
        r1_0.name=?
Hibernate: 
    select
        r1_0.id,
        r1_0.description,
        r1_0.name 
    from
        roles r1_0 
    where
        r1_0.name=?
2026-07-12T20:48:25.313+03:00 DEBUG 32166 --- [auth-service-test] [           main] org.hibernate.SQL                        : 
    select
        p1_0.role_id,
        p1_1.id,
        p1_1.name 
    from
        role_permissions p1_0 
    join
        permissions p1_1 
            on p1_1.id=p1_0.permission_id 
    where
        p1_0.role_id=?
Hibernate: 
    select
        p1_0.role_id,
        p1_1.id,
        p1_1.name 
    from
        role_permissions p1_0 
    join
        permissions p1_1 
            on p1_1.id=p1_0.permission_id 
    where
        p1_0.role_id=?
2026-07-12T20:48:25.313+03:00 DEBUG 32166 --- [auth-service-test] [           main] org.hibernate.SQL                        : 
    select
        u1_0.id,
        u1_0.created_at,
        u1_0.email,
        u1_0.enabled,
        u1_0.first_name,
        u1_0.identity_number,
        u1_0.last_name,
        u1_0.password,
        u1_0.phone,
        u1_0.updated_at 
    from
        users u1_0 
    where
        u1_0.email=?
Hibernate: 
    select
        u1_0.id,
        u1_0.created_at,
        u1_0.email,
        u1_0.enabled,
        u1_0.first_name,
        u1_0.identity_number,
        u1_0.last_name,
        u1_0.password,
        u1_0.phone,
        u1_0.updated_at 
    from
        users u1_0 
    where
        u1_0.email=?
2026-07-12T20:48:25.374+03:00 DEBUG 32166 --- [auth-service-test] [           main] org.hibernate.SQL                        : 
    insert 
    into
        users
        (created_at, email, enabled, first_name, identity_number, last_name, password, phone, updated_at, id) 
    values
        (?, ?, ?, ?, ?, ?, ?, ?, ?, default)
Hibernate: 
    insert 
    into
        users
        (created_at, email, enabled, first_name, identity_number, last_name, password, phone, updated_at, id) 
    values
        (?, ?, ?, ?, ?, ?, ?, ?, ?, default)
2026-07-12T20:48:25.375+03:00 DEBUG 32166 --- [auth-service-test] [           main] org.hibernate.SQL                        : 
    insert 
    into
        user_roles
        (user_id, role_id) 
    values
        (?, ?)
Hibernate: 
    insert 
    into
        user_roles
        (user_id, role_id) 
    values
        (?, ?)
2026-07-12T20:48:25.375+03:00 DEBUG 32166 --- [auth-service-test] [           main] org.hibernate.SQL                        : 
    insert 
    into
        user_roles
        (user_id, role_id) 
    values
        (?, ?)
Hibernate: 
    insert 
    into
        user_roles
        (user_id, role_id) 
    values
        (?, ?)
2026-07-12T20:48:25.380+03:00  INFO 32166 --- [auth-service-test] [           main] j.LocalContainerEntityManagerFactoryBean : Closing JPA EntityManagerFactory for persistence unit 'default'
2026-07-12T20:48:25.380+03:00  INFO 32166 --- [auth-service-test] [           main] com.zaxxer.hikari.HikariDataSource       : HikariPool-46 - Shutdown initiated...
2026-07-12T20:48:25.380+03:00  INFO 32166 --- [auth-service-test] [           main] com.zaxxer.hikari.HikariDataSource       : HikariPool-46 - Shutdown completed.
]]></system-out>
  </testcase>
  <testcase name="defaultData_rolesExist" classname="com.eir.auth.FlywayMigrationComponentTest" time="0.077">
    <system-out><![CDATA[
  .   ____          _            __ _ _
 /\\ / ___'_ __ _ _(_)_ __  __ _ \ \ \ \
( ( )\___ | '_ | '_| | '_ \/ _` | \ \ \ \
 \\/  ___)| |_)| | | | | || (_| |  ) ) ) )
  '  |____| .__|_| |_|_| |_\__, | / / / /
 =========|_|==============|___/=/_/_/_/
 :: Spring Boot ::                (v3.2.5)

2026-07-12T20:48:25.396+03:00  INFO 32166 --- [auth-service-test] [           main] c.eir.auth.FlywayMigrationComponentTest  : Starting FlywayMigrationComponentTest using Java 21.0.10 with PID 32166 (started by daisy in /home/daisy/IdeaProjects/ProjectEir/Eir/ProjectEir/auth-service)
2026-07-12T20:48:25.396+03:00 DEBUG 32166 --- [auth-service-test] [           main] c.eir.auth.FlywayMigrationComponentTest  : Running with Spring Boot v3.2.5, Spring v6.1.6
2026-07-12T20:48:25.396+03:00  INFO 32166 --- [auth-service-test] [           main] c.eir.auth.FlywayMigrationComponentTest  : The following 1 profile is active: "test"
2026-07-12T20:48:25.443+03:00  INFO 32166 --- [auth-service-test] [           main] .s.d.r.c.RepositoryConfigurationDelegate : Multiple Spring Data modules found, entering strict repository configuration mode
2026-07-12T20:48:25.443+03:00  INFO 32166 --- [auth-service-test] [           main] .s.d.r.c.RepositoryConfigurationDelegate : Bootstrapping Spring Data JPA repositories in DEFAULT mode.
2026-07-12T20:48:25.445+03:00  INFO 32166 --- [auth-service-test] [           main] .s.d.r.c.RepositoryConfigurationDelegate : Finished Spring Data repository scanning in 2 ms. Found 2 JPA repository interfaces.
2026-07-12T20:48:25.446+03:00  INFO 32166 --- [auth-service-test] [           main] .s.d.r.c.RepositoryConfigurationDelegate : Multiple Spring Data modules found, entering strict repository configuration mode
2026-07-12T20:48:25.446+03:00  INFO 32166 --- [auth-service-test] [           main] .s.d.r.c.RepositoryConfigurationDelegate : Bootstrapping Spring Data Redis repositories in DEFAULT mode.
2026-07-12T20:48:25.447+03:00  INFO 32166 --- [auth-service-test] [           main] .RepositoryConfigurationExtensionSupport : Spring Data Redis - Could not safely identify store assignment for repository candidate interface com.eir.auth.repository.RoleRepository; If you want this repository to be a Redis repository, consider annotating your entities with one of these annotations: org.springframework.data.redis.core.RedisHash (preferred), or consider extending one of the following types with your repository: org.springframework.data.keyvalue.repository.KeyValueRepository
2026-07-12T20:48:25.447+03:00  INFO 32166 --- [auth-service-test] [           main] .RepositoryConfigurationExtensionSupport : Spring Data Redis - Could not safely identify store assignment for repository candidate interface com.eir.auth.repository.UserRepository; If you want this repository to be a Redis repository, consider annotating your entities with one of these annotations: org.springframework.data.redis.core.RedisHash (preferred), or consider extending one of the following types with your repository: org.springframework.data.keyvalue.repository.KeyValueRepository
2026-07-12T20:48:25.447+03:00  INFO 32166 --- [auth-service-test] [           main] .s.d.r.c.RepositoryConfigurationDelegate : Finished Spring Data repository scanning in 0 ms. Found 0 Redis repository interfaces.
2026-07-12T20:48:25.462+03:00  INFO 32166 --- [auth-service-test] [           main] o.s.cloud.context.scope.GenericScope     : BeanFactory id=cdf54c95-710a-3cfe-b550-65ac6ca20ef2
2026-07-12T20:48:25.469+03:00  WARN 32166 --- [auth-service-test] [           main] trationDelegate$BeanPostProcessorChecker : Bean 'org.springframework.cloud.client.loadbalancer.LoadBalancerAutoConfiguration$DeferringLoadBalancerInterceptorConfig' of type [org.springframework.cloud.client.loadbalancer.LoadBalancerAutoConfiguration$DeferringLoadBalancerInterceptorConfig] is not eligible for getting processed by all BeanPostProcessors (for example: not eligible for auto-proxying). The currently created BeanPostProcessor [lbRestClientPostProcessor] is declared through a non-static factory method on that class; consider declaring it as static instead.
2026-07-12T20:48:25.469+03:00  WARN 32166 --- [auth-service-test] [           main] trationDelegate$BeanPostProcessorChecker : Bean 'deferringLoadBalancerInterceptor' of type [org.springframework.cloud.client.loadbalancer.DeferringLoadBalancerInterceptor] is not eligible for getting processed by all BeanPostProcessors (for example: not eligible for auto-proxying). Is this bean getting eagerly injected into a currently created BeanPostProcessor [lbRestClientPostProcessor]? Check the corresponding BeanPostProcessor declaration and its dependencies.
2026-07-12T20:48:25.476+03:00  INFO 32166 --- [auth-service-test] [           main] o.s.b.w.embedded.tomcat.TomcatWebServer  : Tomcat initialized with port 0 (http)
2026-07-12T20:48:25.476+03:00  INFO 32166 --- [auth-service-test] [           main] o.apache.catalina.core.StandardService   : Starting service [Tomcat]
2026-07-12T20:48:25.476+03:00  INFO 32166 --- [auth-service-test] [           main] o.apache.catalina.core.StandardEngine    : Starting Servlet engine: [Apache Tomcat/10.1.20]
2026-07-12T20:48:25.484+03:00  INFO 32166 --- [auth-service-test] [           main] o.a.c.c.C.[Tomcat].[localhost].[/]       : Initializing Spring embedded WebApplicationContext
2026-07-12T20:48:25.484+03:00  INFO 32166 --- [auth-service-test] [           main] w.s.c.ServletWebServerApplicationContext : Root WebApplicationContext: initialization completed in 87 ms
2026-07-12T20:48:25.500+03:00  INFO 32166 --- [auth-service-test] [           main] com.zaxxer.hikari.HikariDataSource       : HikariPool-47 - Starting...
2026-07-12T20:48:25.500+03:00  INFO 32166 --- [auth-service-test] [           main] com.zaxxer.hikari.pool.HikariPool        : HikariPool-47 - Added connection conn460: url=jdbc:h2:mem:eir_auth user=SA
2026-07-12T20:48:25.500+03:00  INFO 32166 --- [auth-service-test] [           main] com.zaxxer.hikari.HikariDataSource       : HikariPool-47 - Start completed.
2026-07-12T20:48:25.500+03:00  INFO 32166 --- [auth-service-test] [           main] org.flywaydb.core.FlywayExecutor         : Database: jdbc:h2:mem:eir_auth (H2 2.2)
2026-07-12T20:48:25.502+03:00  INFO 32166 --- [auth-service-test] [           main] o.f.core.internal.command.DbValidate     : Successfully validated 1 migration (execution time 00:00.000s)
2026-07-12T20:48:25.502+03:00  INFO 32166 --- [auth-service-test] [           main] o.f.core.internal.command.DbMigrate      : Current version of schema "public": 2
2026-07-12T20:48:25.503+03:00  INFO 32166 --- [auth-service-test] [           main] o.f.core.internal.command.DbMigrate      : Schema "public" is up to date. No migration necessary.
2026-07-12T20:48:25.507+03:00  INFO 32166 --- [auth-service-test] [           main] o.hibernate.jpa.internal.util.LogHelper  : HHH000204: Processing PersistenceUnitInfo [name: default]
2026-07-12T20:48:25.508+03:00  INFO 32166 --- [auth-service-test] [           main] o.h.c.internal.RegionFactoryInitiator    : HHH000026: Second-level cache disabled
2026-07-12T20:48:25.510+03:00  INFO 32166 --- [auth-service-test] [           main] o.s.o.j.p.SpringPersistenceUnitInfo      : No LoadTimeWeaver setup: ignoring JPA class transformer
2026-07-12T20:48:25.510+03:00  WARN 32166 --- [auth-service-test] [           main] org.hibernate.orm.deprecation            : HHH90000025: H2Dialect does not need to be specified explicitly using 'hibernate.dialect' (remove the property setting and it will be selected by default)
2026-07-12T20:48:25.528+03:00  INFO 32166 --- [auth-service-test] [           main] o.h.e.t.j.p.i.JtaPlatformInitiator       : HHH000489: No JTA platform available (set 'hibernate.transaction.jta.platform' to enable JTA platform integration)
2026-07-12T20:48:25.529+03:00  INFO 32166 --- [auth-service-test] [           main] j.LocalContainerEntityManagerFactoryBean : Initialized JPA EntityManagerFactory for persistence unit 'default'
2026-07-12T20:48:25.545+03:00  WARN 32166 --- [auth-service-test] [           main] JpaBaseConfiguration$JpaWebConfiguration : spring.jpa.open-in-view is enabled by default. Therefore, database queries may be performed during view rendering. Explicitly configure spring.jpa.open-in-view to disable this warning
2026-07-12T20:48:25.547+03:00  WARN 32166 --- [auth-service-test] [           main] .s.s.UserDetailsServiceAutoConfiguration : 

Using generated security password: 8cc1da0b-b4bb-4c0d-bb7d-ad96ea8f19dc

This generated password is for development use only. Your security configuration must be updated before running your application in production.

2026-07-12T20:48:25.564+03:00  INFO 32166 --- [auth-service-test] [           main] o.s.s.web.DefaultSecurityFilterChain     : Will secure any request with [org.springframework.security.web.session.DisableEncodeUrlFilter@456d40b3, org.springframework.security.web.context.request.async.WebAsyncManagerIntegrationFilter@64a5ebf6, org.springframework.security.web.context.SecurityContextHolderFilter@2c156416, org.springframework.security.web.header.HeaderWriterFilter@7976283f, org.springframework.web.filter.CorsFilter@5c2b1ef9, org.springframework.security.web.authentication.logout.LogoutFilter@433c5aa2, org.springframework.security.web.savedrequest.RequestCacheAwareFilter@66745f4, org.springframework.security.web.servletapi.SecurityContextHolderAwareRequestFilter@4e18b2d7, org.springframework.security.web.authentication.AnonymousAuthenticationFilter@435e9b68, org.springframework.security.web.session.SessionManagementFilter@527b0ce1, org.springframework.security.web.access.ExceptionTranslationFilter@4a3c1c9c, org.springframework.security.web.access.intercept.AuthorizationFilter@744d64f0]
2026-07-12T20:48:25.584+03:00  INFO 32166 --- [auth-service-test] [           main] o.a.c.c.C.[Tomcat].[localhost].[/]       : Initializing Spring TestDispatcherServlet ''
2026-07-12T20:48:25.584+03:00  INFO 32166 --- [auth-service-test] [           main] o.s.t.web.servlet.TestDispatcherServlet  : Initializing Servlet ''
2026-07-12T20:48:25.584+03:00  INFO 32166 --- [auth-service-test] [           main] o.s.t.web.servlet.TestDispatcherServlet  : Completed initialization in 0 ms
2026-07-12T20:48:25.634+03:00  INFO 32166 --- [auth-service-test] [           main] DiscoveryClientOptionalArgsConfiguration : Eureka HTTP Client uses RestTemplate.
2026-07-12T20:48:25.638+03:00  WARN 32166 --- [auth-service-test] [           main] iguration$LoadBalancerCaffeineWarnLogger : Spring Cloud LoadBalancer is currently working with the default cache. While this cache implementation is useful for development and tests, it's recommended to use Caffeine cache in production.You can switch to using Caffeine cache, by adding it and org.springframework.cache.caffeine.CaffeineCacheManager to the classpath.
2026-07-12T20:48:25.643+03:00  INFO 32166 --- [auth-service-test] [           main] o.s.b.w.embedded.tomcat.TomcatWebServer  : Tomcat started on port 42391 (http) with context path ''
2026-07-12T20:48:25.648+03:00  INFO 32166 --- [auth-service-test] [           main] c.eir.auth.FlywayMigrationComponentTest  : Started FlywayMigrationComponentTest in 0.266 seconds (process running for 28.114)
2026-07-12T20:48:25.651+03:00 DEBUG 32166 --- [auth-service-test] [           main] org.hibernate.SQL                        : 
    select
        u1_0.id,
        u1_0.created_at,
        u1_0.email,
        u1_0.enabled,
        u1_0.first_name,
        u1_0.identity_number,
        u1_0.last_name,
        u1_0.password,
        u1_0.phone,
        u1_0.updated_at 
    from
        users u1_0
Hibernate: 
    select
        u1_0.id,
        u1_0.created_at,
        u1_0.email,
        u1_0.enabled,
        u1_0.first_name,
        u1_0.identity_number,
        u1_0.last_name,
        u1_0.password,
        u1_0.phone,
        u1_0.updated_at 
    from
        users u1_0
2026-07-12T20:48:25.652+03:00 DEBUG 32166 --- [auth-service-test] [           main] org.hibernate.SQL                        : 
    select
        r1_0.user_id,
        r1_1.id,
        r1_1.description,
        r1_1.name,
        p1_0.role_id,
        p1_1.id,
        p1_1.name 
    from
        user_roles r1_0 
    join
        roles r1_1 
            on r1_1.id=r1_0.role_id 
    left join
        role_permissions p1_0 
            on r1_1.id=p1_0.role_id 
    left join
        permissions p1_1 
            on p1_1.id=p1_0.permission_id 
    where
        r1_0.user_id=?
Hibernate: 
    select
        r1_0.user_id,
        r1_1.id,
        r1_1.description,
        r1_1.name,
        p1_0.role_id,
        p1_1.id,
        p1_1.name 
    from
        user_roles r1_0 
    join
        roles r1_1 
            on r1_1.id=r1_0.role_id 
    left join
        role_permissions p1_0 
            on r1_1.id=p1_0.role_id 
    left join
        permissions p1_1 
            on p1_1.id=p1_0.permission_id 
    where
        r1_0.user_id=?
2026-07-12T20:48:25.653+03:00 DEBUG 32166 --- [auth-service-test] [           main] org.hibernate.SQL                        : 
    delete 
    from
        user_roles 
    where
        user_id=?
Hibernate: 
    delete 
    from
        user_roles 
    where
        user_id=?
2026-07-12T20:48:25.653+03:00 DEBUG 32166 --- [auth-service-test] [           main] org.hibernate.SQL                        : 
    delete 
    from
        users 
    where
        id=?
Hibernate: 
    delete 
    from
        users 
    where
        id=?
2026-07-12T20:48:25.654+03:00 DEBUG 32166 --- [auth-service-test] [           main] org.hibernate.SQL                        : 
    select
        r1_0.id,
        r1_0.description,
        r1_0.name 
    from
        roles r1_0 
    where
        r1_0.name=?
Hibernate: 
    select
        r1_0.id,
        r1_0.description,
        r1_0.name 
    from
        roles r1_0 
    where
        r1_0.name=?
2026-07-12T20:48:25.654+03:00 DEBUG 32166 --- [auth-service-test] [           main] org.hibernate.SQL                        : 
    select
        p1_0.role_id,
        p1_1.id,
        p1_1.name 
    from
        role_permissions p1_0 
    join
        permissions p1_1 
            on p1_1.id=p1_0.permission_id 
    where
        p1_0.role_id=?
Hibernate: 
    select
        p1_0.role_id,
        p1_1.id,
        p1_1.name 
    from
        role_permissions p1_0 
    join
        permissions p1_1 
            on p1_1.id=p1_0.permission_id 
    where
        p1_0.role_id=?
2026-07-12T20:48:25.655+03:00 DEBUG 32166 --- [auth-service-test] [           main] org.hibernate.SQL                        : 
    select
        r1_0.id,
        r1_0.description,
        r1_0.name 
    from
        roles r1_0 
    where
        r1_0.name=?
Hibernate: 
    select
        r1_0.id,
        r1_0.description,
        r1_0.name 
    from
        roles r1_0 
    where
        r1_0.name=?
2026-07-12T20:48:25.655+03:00 DEBUG 32166 --- [auth-service-test] [           main] org.hibernate.SQL                        : 
    select
        p1_0.role_id,
        p1_1.id,
        p1_1.name 
    from
        role_permissions p1_0 
    join
        permissions p1_1 
            on p1_1.id=p1_0.permission_id 
    where
        p1_0.role_id=?
Hibernate: 
    select
        p1_0.role_id,
        p1_1.id,
        p1_1.name 
    from
        role_permissions p1_0 
    join
        permissions p1_1 
            on p1_1.id=p1_0.permission_id 
    where
        p1_0.role_id=?
2026-07-12T20:48:25.655+03:00 DEBUG 32166 --- [auth-service-test] [           main] org.hibernate.SQL                        : 
    select
        r1_0.id,
        r1_0.description,
        r1_0.name 
    from
        roles r1_0 
    where
        r1_0.name=?
Hibernate: 
    select
        r1_0.id,
        r1_0.description,
        r1_0.name 
    from
        roles r1_0 
    where
        r1_0.name=?
2026-07-12T20:48:25.655+03:00 DEBUG 32166 --- [auth-service-test] [           main] org.hibernate.SQL                        : 
    select
        p1_0.role_id,
        p1_1.id,
        p1_1.name 
    from
        role_permissions p1_0 
    join
        permissions p1_1 
            on p1_1.id=p1_0.permission_id 
    where
        p1_0.role_id=?
Hibernate: 
    select
        p1_0.role_id,
        p1_1.id,
        p1_1.name 
    from
        role_permissions p1_0 
    join
        permissions p1_1 
            on p1_1.id=p1_0.permission_id 
    where
        p1_0.role_id=?
2026-07-12T20:48:25.656+03:00 DEBUG 32166 --- [auth-service-test] [           main] org.hibernate.SQL                        : 
    select
        r1_0.id,
        r1_0.description,
        r1_0.name 
    from
        roles r1_0 
    where
        r1_0.name=?
Hibernate: 
    select
        r1_0.id,
        r1_0.description,
        r1_0.name 
    from
        roles r1_0 
    where
        r1_0.name=?
2026-07-12T20:48:25.656+03:00 DEBUG 32166 --- [auth-service-test] [           main] org.hibernate.SQL                        : 
    select
        p1_0.role_id,
        p1_1.id,
        p1_1.name 
    from
        role_permissions p1_0 
    join
        permissions p1_1 
            on p1_1.id=p1_0.permission_id 
    where
        p1_0.role_id=?
Hibernate: 
    select
        p1_0.role_id,
        p1_1.id,
        p1_1.name 
    from
        role_permissions p1_0 
    join
        permissions p1_1 
[...]
    <system-out><![CDATA[
  .   ____          _            __ _ _
 /\\ / ___'_ __ _ _(_)_ __  __ _ \ \ \ \
( ( )\___ | '_ | '_| | '_ \/ _` | \ \ \ \
 \\/  ___)| |_)| | | | | || (_| |  ) ) ) )
  '  |____| .__|_| |_|_| |_\__, | / / / /
 =========|_|==============|___/=/_/_/_/
 :: Spring Boot ::                (v3.2.5)

2026-07-12T20:48:26.438+03:00  INFO 32166 --- [auth-service-test] [           main] c.eir.auth.FlywayMigrationComponentTest  : Starting FlywayMigrationComponentTest using Java 21.0.10 with PID 32166 (started by daisy in /home/daisy/IdeaProjects/ProjectEir/Eir/ProjectEir/auth-service)
2026-07-12T20:48:26.438+03:00 DEBUG 32166 --- [auth-service-test] [           main] c.eir.auth.FlywayMigrationComponentTest  : Running with Spring Boot v3.2.5, Spring v6.1.6
2026-07-12T20:48:26.438+03:00  INFO 32166 --- [auth-service-test] [           main] c.eir.auth.FlywayMigrationComponentTest  : The following 1 profile is active: "test"
2026-07-12T20:48:26.485+03:00  INFO 32166 --- [auth-service-test] [           main] .s.d.r.c.RepositoryConfigurationDelegate : Multiple Spring Data modules found, entering strict repository configuration mode
2026-07-12T20:48:26.485+03:00  INFO 32166 --- [auth-service-test] [           main] .s.d.r.c.RepositoryConfigurationDelegate : Bootstrapping Spring Data JPA repositories in DEFAULT mode.
2026-07-12T20:48:26.487+03:00  INFO 32166 --- [auth-service-test] [           main] .s.d.r.c.RepositoryConfigurationDelegate : Finished Spring Data repository scanning in 2 ms. Found 2 JPA repository interfaces.
2026-07-12T20:48:26.488+03:00  INFO 32166 --- [auth-service-test] [           main] .s.d.r.c.RepositoryConfigurationDelegate : Multiple Spring Data modules found, entering strict repository configuration mode
2026-07-12T20:48:26.488+03:00  INFO 32166 --- [auth-service-test] [           main] .s.d.r.c.RepositoryConfigurationDelegate : Bootstrapping Spring Data Redis repositories in DEFAULT mode.
2026-07-12T20:48:26.489+03:00  INFO 32166 --- [auth-service-test] [           main] .RepositoryConfigurationExtensionSupport : Spring Data Redis - Could not safely identify store assignment for repository candidate interface com.eir.auth.repository.RoleRepository; If you want this repository to be a Redis repository, consider annotating your entities with one of these annotations: org.springframework.data.redis.core.RedisHash (preferred), or consider extending one of the following types with your repository: org.springframework.data.keyvalue.repository.KeyValueRepository
2026-07-12T20:48:26.489+03:00  INFO 32166 --- [auth-service-test] [           main] .RepositoryConfigurationExtensionSupport : Spring Data Redis - Could not safely identify store assignment for repository candidate interface com.eir.auth.repository.UserRepository; If you want this repository to be a Redis repository, consider annotating your entities with one of these annotations: org.springframework.data.redis.core.RedisHash (preferred), or consider extending one of the following types with your repository: org.springframework.data.keyvalue.repository.KeyValueRepository
2026-07-12T20:48:26.489+03:00  INFO 32166 --- [auth-service-test] [           main] .s.d.r.c.RepositoryConfigurationDelegate : Finished Spring Data repository scanning in 0 ms. Found 0 Redis repository interfaces.
2026-07-12T20:48:26.501+03:00  INFO 32166 --- [auth-service-test] [           main] o.s.cloud.context.scope.GenericScope     : BeanFactory id=cdf54c95-710a-3cfe-b550-65ac6ca20ef2
2026-07-12T20:48:26.508+03:00  WARN 32166 --- [auth-service-test] [           main] trationDelegate$BeanPostProcessorChecker : Bean 'org.springframework.cloud.client.loadbalancer.LoadBalancerAutoConfiguration$DeferringLoadBalancerInterceptorConfig' of type [org.springframework.cloud.client.loadbalancer.LoadBalancerAutoConfiguration$DeferringLoadBalancerInterceptorConfig] is not eligible for getting processed by all BeanPostProcessors (for example: not eligible for auto-proxying). The currently created BeanPostProcessor [lbRestClientPostProcessor] is declared through a non-static factory method on that class; consider declaring it as static instead.
2026-07-12T20:48:26.508+03:00  WARN 32166 --- [auth-service-test] [           main] trationDelegate$BeanPostProcessorChecker : Bean 'deferringLoadBalancerInterceptor' of type [org.springframework.cloud.client.loadbalancer.DeferringLoadBalancerInterceptor] is not eligible for getting processed by all BeanPostProcessors (for example: not eligible for auto-proxying). Is this bean getting eagerly injected into a currently created BeanPostProcessor [lbRestClientPostProcessor]? Check the corresponding BeanPostProcessor declaration and its dependencies.
2026-07-12T20:48:26.515+03:00  INFO 32166 --- [auth-service-test] [           main] o.s.b.w.embedded.tomcat.TomcatWebServer  : Tomcat initialized with port 0 (http)
2026-07-12T20:48:26.516+03:00  INFO 32166 --- [auth-service-test] [           main] o.apache.catalina.core.StandardService   : Starting service [Tomcat]
2026-07-12T20:48:26.516+03:00  INFO 32166 --- [auth-service-test] [           main] o.apache.catalina.core.StandardEngine    : Starting Servlet engine: [Apache Tomcat/10.1.20]
2026-07-12T20:48:26.523+03:00  INFO 32166 --- [auth-service-test] [           main] o.a.c.c.C.[Tomcat].[localhost].[/]       : Initializing Spring embedded WebApplicationContext
2026-07-12T20:48:26.523+03:00  INFO 32166 --- [auth-service-test] [           main] w.s.c.ServletWebServerApplicationContext : Root WebApplicationContext: initialization completed in 85 ms
2026-07-12T20:48:26.537+03:00  INFO 32166 --- [auth-service-test] [           main] com.zaxxer.hikari.HikariDataSource       : HikariPool-50 - Starting...
2026-07-12T20:48:26.538+03:00  INFO 32166 --- [auth-service-test] [           main] com.zaxxer.hikari.pool.HikariPool        : HikariPool-50 - Added connection conn490: url=jdbc:h2:mem:eir_auth user=SA
2026-07-12T20:48:26.538+03:00  INFO 32166 --- [auth-service-test] [           main] com.zaxxer.hikari.HikariDataSource       : HikariPool-50 - Start completed.
2026-07-12T20:48:26.538+03:00  INFO 32166 --- [auth-service-test] [           main] org.flywaydb.core.FlywayExecutor         : Database: jdbc:h2:mem:eir_auth (H2 2.2)
2026-07-12T20:48:26.539+03:00  INFO 32166 --- [auth-service-test] [           main] o.f.core.internal.command.DbValidate     : Successfully validated 1 migration (execution time 00:00.000s)
2026-07-12T20:48:26.540+03:00  INFO 32166 --- [auth-service-test] [           main] o.f.core.internal.command.DbMigrate      : Current version of schema "public": 2
2026-07-12T20:48:26.540+03:00  INFO 32166 --- [auth-service-test] [           main] o.f.core.internal.command.DbMigrate      : Schema "public" is up to date. No migration necessary.
2026-07-12T20:48:26.545+03:00  INFO 32166 --- [auth-service-test] [           main] o.hibernate.jpa.internal.util.LogHelper  : HHH000204: Processing PersistenceUnitInfo [name: default]
2026-07-12T20:48:26.546+03:00  INFO 32166 --- [auth-service-test] [           main] o.h.c.internal.RegionFactoryInitiator    : HHH000026: Second-level cache disabled
2026-07-12T20:48:26.548+03:00  INFO 32166 --- [auth-service-test] [           main] o.s.o.j.p.SpringPersistenceUnitInfo      : No LoadTimeWeaver setup: ignoring JPA class transformer
2026-07-12T20:48:26.548+03:00  WARN 32166 --- [auth-service-test] [           main] org.hibernate.orm.deprecation            : HHH90000025: H2Dialect does not need to be specified explicitly using 'hibernate.dialect' (remove the property setting and it will be selected by default)
2026-07-12T20:48:26.565+03:00  INFO 32166 --- [auth-service-test] [           main] o.h.e.t.j.p.i.JtaPlatformInitiator       : HHH000489: No JTA platform available (set 'hibernate.transaction.jta.platform' to enable JTA platform integration)
2026-07-12T20:48:26.566+03:00  INFO 32166 --- [auth-service-test] [           main] j.LocalContainerEntityManagerFactoryBean : Initialized JPA EntityManagerFactory for persistence unit 'default'
2026-07-12T20:48:26.581+03:00  WARN 32166 --- [auth-service-test] [           main] JpaBaseConfiguration$JpaWebConfiguration : spring.jpa.open-in-view is enabled by default. Therefore, database queries may be performed during view rendering. Explicitly configure spring.jpa.open-in-view to disable this warning
2026-07-12T20:48:26.583+03:00  WARN 32166 --- [auth-service-test] [           main] .s.s.UserDetailsServiceAutoConfiguration : 

Using generated security password: 3f974ca7-d981-4a8c-8699-7b9e80480479

This generated password is for development use only. Your security configuration must be updated before running your application in production.

2026-07-12T20:48:26.600+03:00  INFO 32166 --- [auth-service-test] [           main] o.s.s.web.DefaultSecurityFilterChain     : Will secure any request with [org.springframework.security.web.session.DisableEncodeUrlFilter@60c19035, org.springframework.security.web.context.request.async.WebAsyncManagerIntegrationFilter@3086ef5f, org.springframework.security.web.context.SecurityContextHolderFilter@129819a6, org.springframework.security.web.header.HeaderWriterFilter@75bf2806, org.springframework.web.filter.CorsFilter@621f771e, org.springframework.security.web.authentication.logout.LogoutFilter@4a335496, org.springframework.security.web.savedrequest.RequestCacheAwareFilter@7f4b978b, org.springframework.security.web.servletapi.SecurityContextHolderAwareRequestFilter@73386f7c, org.springframework.security.web.authentication.AnonymousAuthenticationFilter@1ed5a1fa, org.springframework.security.web.session.SessionManagementFilter@18ce7529, org.springframework.security.web.access.ExceptionTranslationFilter@2ba8d2cc, org.springframework.security.web.access.intercept.AuthorizationFilter@5994b44b]
2026-07-12T20:48:26.622+03:00  INFO 32166 --- [auth-service-test] [           main] o.a.c.c.C.[Tomcat].[localhost].[/]       : Initializing Spring TestDispatcherServlet ''
2026-07-12T20:48:26.623+03:00  INFO 32166 --- [auth-service-test] [           main] o.s.t.web.servlet.TestDispatcherServlet  : Initializing Servlet ''
2026-07-12T20:48:26.623+03:00  INFO 32166 --- [auth-service-test] [           main] o.s.t.web.servlet.TestDispatcherServlet  : Completed initialization in 0 ms
2026-07-12T20:48:26.633+03:00  INFO 32166 --- [auth-service-test] [           main] DiscoveryClientOptionalArgsConfiguration : Eureka HTTP Client uses RestTemplate.
2026-07-12T20:48:26.637+03:00  WARN 32166 --- [auth-service-test] [           main] iguration$LoadBalancerCaffeineWarnLogger : Spring Cloud LoadBalancer is currently working with the default cache. While this cache implementation is useful for development and tests, it's recommended to use Caffeine cache in production.You can switch to using Caffeine cache, by adding it and org.springframework.cache.caffeine.CaffeineCacheManager to the classpath.
2026-07-12T20:48:26.642+03:00  INFO 32166 --- [auth-service-test] [           main] o.s.b.w.embedded.tomcat.TomcatWebServer  : Tomcat started on port 35511 (http) with context path ''
2026-07-12T20:48:26.647+03:00  INFO 32166 --- [auth-service-test] [           main] c.eir.auth.FlywayMigrationComponentTest  : Started FlywayMigrationComponentTest in 0.223 seconds (process running for 29.113)
2026-07-12T20:48:26.650+03:00 DEBUG 32166 --- [auth-service-test] [           main] org.hibernate.SQL                        : 
    select
        u1_0.id,
        u1_0.created_at,
        u1_0.email,
        u1_0.enabled,
        u1_0.first_name,
        u1_0.identity_number,
        u1_0.last_name,
        u1_0.password,
        u1_0.phone,
        u1_0.updated_at 
    from
        users u1_0
Hibernate: 
    select
        u1_0.id,
        u1_0.created_at,
        u1_0.email,
        u1_0.enabled,
        u1_0.first_name,
        u1_0.identity_number,
        u1_0.last_name,
        u1_0.password,
        u1_0.phone,
        u1_0.updated_at 
    from
        users u1_0
2026-07-12T20:48:26.651+03:00 DEBUG 32166 --- [auth-service-test] [           main] org.hibernate.SQL                        : 
    select
        r1_0.user_id,
        r1_1.id,
        r1_1.description,
        r1_1.name,
        p1_0.role_id,
        p1_1.id,
        p1_1.name 
    from
        user_roles r1_0 
    join
        roles r1_1 
            on r1_1.id=r1_0.role_id 
    left join
        role_permissions p1_0 
            on r1_1.id=p1_0.role_id 
    left join
        permissions p1_1 
            on p1_1.id=p1_0.permission_id 
    where
        r1_0.user_id=?
Hibernate: 
    select
        r1_0.user_id,
        r1_1.id,
        r1_1.description,
        r1_1.name,
        p1_0.role_id,
        p1_1.id,
        p1_1.name 
    from
        user_roles r1_0 
    join
        roles r1_1 
            on r1_1.id=r1_0.role_id 
    left join
        role_permissions p1_0 
            on r1_1.id=p1_0.role_id 
    left join
        permissions p1_1 
            on p1_1.id=p1_0.permission_id 
    where
        r1_0.user_id=?
2026-07-12T20:48:26.651+03:00 DEBUG 32166 --- [auth-service-test] [           main] org.hibernate.SQL                        : 
    delete 
    from
        user_roles 
    where
        user_id=?
Hibernate: 
    delete 
    from
        user_roles 
    where
        user_id=?
2026-07-12T20:48:26.652+03:00 DEBUG 32166 --- [auth-service-test] [           main] org.hibernate.SQL                        : 
    delete 
    from
        users 
    where
        id=?
Hibernate: 
    delete 
    from
        users 
    where
        id=?
2026-07-12T20:48:26.653+03:00 DEBUG 32166 --- [auth-service-test] [           main] org.hibernate.SQL                        : 
    select
        r1_0.id,
        r1_0.description,
        r1_0.name 
    from
        roles r1_0 
    where
        r1_0.name=?
Hibernate: 
    select
        r1_0.id,
        r1_0.description,
        r1_0.name 
    from
        roles r1_0 
    where
        r1_0.name=?
2026-07-12T20:48:26.653+03:00 DEBUG 32166 --- [auth-service-test] [           main] org.hibernate.SQL                        : 
    select
        p1_0.role_id,
        p1_1.id,
        p1_1.name 
    from
        role_permissions p1_0 
    join
        permissions p1_1 
            on p1_1.id=p1_0.permission_id 
    where
        p1_0.role_id=?
Hibernate: 
    select
        p1_0.role_id,
        p1_1.id,
        p1_1.name 
    from
        role_permissions p1_0 
    join
        permissions p1_1 
            on p1_1.id=p1_0.permission_id 
    where
        p1_0.role_id=?
2026-07-12T20:48:26.653+03:00 DEBUG 32166 --- [auth-service-test] [           main] org.hibernate.SQL                        : 
    select
        r1_0.id,
        r1_0.description,
        r1_0.name 
    from
        roles r1_0 
    where
        r1_0.name=?
Hibernate: 
    select
        r1_0.id,
        r1_0.description,
        r1_0.name 
    from
        roles r1_0 
    where
        r1_0.name=?
2026-07-12T20:48:26.654+03:00 DEBUG 32166 --- [auth-service-test] [           main] org.hibernate.SQL                        : 
    select
        p1_0.role_id,
        p1_1.id,
        p1_1.name 
    from
        role_permissions p1_0 
    join
        permissions p1_1 
            on p1_1.id=p1_0.permission_id 
    where
        p1_0.role_id=?
Hibernate: 
    select
        p1_0.role_id,
        p1_1.id,
        p1_1.name 
    from
        role_permissions p1_0 
    join
        permissions p1_1 
            on p1_1.id=p1_0.permission_id 
    where
        p1_0.role_id=?
2026-07-12T20:48:26.654+03:00 DEBUG 32166 --- [auth-service-test] [           main] org.hibernate.SQL                        : 
    select
        r1_0.id,
        r1_0.description,
        r1_0.name 
    from
        roles r1_0 
    where
        r1_0.name=?
Hibernate: 
    select
        r1_0.id,
        r1_0.description,
        r1_0.name 
    from
        roles r1_0 
    where
        r1_0.name=?
2026-07-12T20:48:26.654+03:00 DEBUG 32166 --- [auth-service-test] [           main] org.hibernate.SQL                        : 
    select
        p1_0.role_id,
        p1_1.id,
        p1_1.name 
    from
        role_permissions p1_0 
    join
        permissions p1_1 
            on p1_1.id=p1_0.permission_id 
    where
        p1_0.role_id=?
Hibernate: 
    select
        p1_0.role_id,
        p1_1.id,
        p1_1.name 
    from
        role_permissions p1_0 
    join
        permissions p1_1 
            on p1_1.id=p1_0.permission_id 
    where
        p1_0.role_id=?
2026-07-12T20:48:26.654+03:00 DEBUG 32166 --- [auth-service-test] [           main] org.hibernate.SQL                        : 
    select
        r1_0.id,
        r1_0.description,
        r1_0.name 
    from
        roles r1_0 
    where
        r1_0.name=?
Hibernate: 
    select
        r1_0.id,
        r1_0.description,
        r1_0.name 
    from
        roles r1_0 
    where
        r1_0.name=?
2026-07-12T20:48:26.654+03:00 DEBUG 32166 --- [auth-service-test] [           main] org.hibernate.SQL                        : 
    select
        p1_0.role_id,
        p1_1.id,
        p1_1.name 
    from
        role_permissions p1_0 
    join
        permissions p1_1 
            on p1_1.id=p1_0.permission_id 
    where
        p1_0.role_id=?
Hibernate: 
    select
        p1_0.role_id,
        p1_1.id,
        p1_1.name 
    from
        role_permissions p1_0 
    join
        permissions p1_1 
            on p1_1.id=p1_0.permission_id 
    where
        p1_0.role_id=?
2026-07-12T20:48:26.655+03:00 DEBUG 32166 --- [auth-service-test] [           main] org.hibernate.SQL                        : 
    select
        u1_0.id,
        u1_0.created_at,
        u1_0.email,
        u1_0.enabled,
        u1_0.first_name,
        u1_0.identity_number,
        u1_0.last_name,
        u1_0.password,
        u1_0.phone,
        u1_0.updated_at 
    from
        users u1_0 
    where
        u1_0.email=?
Hibernate: 
    select
        u1_0.id,
        u1_0.created_at,
        u1_0.email,
        u1_0.enabled,
        u1_0.first_name,
        u1_0.identity_number,
        u1_0.last_name,
        u1_0.password,
        u1_0.phone,
        u1_0.updated_at 
    from
        users u1_0 
    where
        u1_0.email=?
2026-07-12T20:48:26.712+03:00 DEBUG 32166 --- [auth-service-test] [           main] org.hibernate.SQL                        : 
    insert 
    into
        users
        (created_at, email, enabled, first_name, identity_number, last_name, password, phone, updated_at, id) 
    values
        (?, ?, ?, ?, ?, ?, ?, ?, ?, default)
Hibernate: 
    insert 
    into
        users
        (created_at, email, enabled, first_name, identity_number, last_name, password, phone, updated_at, id) 
    values
        (?, ?, ?, ?, ?, ?, ?, ?, ?, default)
2026-07-12T20:48:26.713+03:00 DEBUG 32166 --- [auth-service-test] [           main] org.hibernate.SQL                        : 
    insert 
    into
        user_roles
        (user_id, role_id) 
    values
        (?, ?)
Hibernate: 
    insert 
    into
        user_roles
        (user_id, role_id) 
    values
        (?, ?)
2026-07-12T20:48:26.713+03:00 DEBUG 32166 --- [auth-service-test] [           main] org.hibernate.SQL                        : 
    insert 
    into
        user_roles
        (user_id, role_id) 
    values
        (?, ?)
Hibernate: 
    insert 
    into
        user_roles
        (user_id, role_id) 
    values
        (?, ?)
2026-07-12T20:48:26.720+03:00  INFO 32166 --- [auth-service-test] [           main] j.LocalContainerEntityManagerFactoryBean : Closing JPA EntityManagerFactory for persistence unit 'default'
2026-07-12T20:48:26.720+03:00  INFO 32166 --- [auth-service-test] [           main] com.zaxxer.hikari.HikariDataSource       : HikariPool-50 - Shutdown initiated...
2026-07-12T20:48:26.720+03:00  INFO 32166 --- [auth-service-test] [           main] com.zaxxer.hikari.HikariDataSource       : HikariPool-50 - Shutdown completed.
]]></system-out>
  </testcase>
</testsuite>